<?xml version="1.0" encoding="UTF-8"?>
<!-- Generated by org.testng.reporters.JUnitXMLReporter -->
<testsuite ignored="0" hostname="Sourabh" failures="0" tests="5" name="Test" time="8.682" errors="0" timestamp="2026-05-03T11:53:28 IST">
  <testcase classname="com.RESTAssured.TC01_GetPetByStatusTest" name="getPetByStatus" time="3.199"/>
  <testcase classname="com.RESTAssured.TC02_CreatePetTest" name="createPet" time="1.534"/>
  <testcase classname="com.RESTAssured.TC03_GetPetByIdTest" name="getPetById" time="1.35"/>
  <testcase classname="com.RESTAssured.TC04_UpdatePetTest" name="updatePet" time="1.328"/>
  <testcase classname="com.RESTAssured.TC05_DeletePetTest" name="TC05DeledeletePet" time="1.238"/>
</testsuite> <!-- Test -->
