<?xml version="1.0" encoding="UTF-8"?>
<!-- Generated by org.testng.reporters.JUnitXMLReporter -->
<testsuite ignored="2" hostname="Sourabh" failures="0" tests="15" name="BstackDemo" time="117.064" errors="0" timestamp="2026-04-04T16:14:13 IST">
  <testcase classname="com.Bstackdemo.tests.CheckoutTests" name="TC09_validCheckout" time="1.79"/>
  <testcase classname="com.Bstackdemo.tests.CheckoutTests" name="TC10_checkoutWithoutItems" time="1.317"/>
  <testcase classname="com.Bstackdemo.tests.CartTests" name="TC04_addSingleItem" time="1.288"/>
  <testcase classname="com.Bstackdemo.tests.CartTests" name="TC05_searchBox" time="0.893"/>
  <testcase classname="com.Bstackdemo.tests.CartTests" name="TC06_addMultipleItems" time="1.351"/>
  <testcase classname="com.Bstackdemo.tests.CartTests" name="TC07_removeItem" time="11.334"/>
  <testcase classname="com.Bstackdemo.tests.CartTests" name="TC08_verifyCartItems" time="0.977"/>
  <testcase classname="com.Bstackdemo.tests.LoginTests" name="TC01_validLogin" time="0.739"/>
  <testcase classname="com.Bstackdemo.tests.LoginTests" name="TC04_addSingleItem" time="1.322"/>
  <testcase classname="com.Bstackdemo.tests.LoginTests" name="TC05_searchBox" time="0.964"/>
  <testcase classname="com.Bstackdemo.tests.LoginTests" name="TC06_addMultipleItems" time="1.352"/>
  <testcase classname="com.Bstackdemo.tests.LoginTests" name="TC07_removeItem" time="11.315"/>
  <testcase classname="com.Bstackdemo.tests.LoginTests" name="TC08_validCheckout" time="2.085"/>
  <testcase classname="com.Bstackdemo.tests.LoginTests" name="TC09_verifyCartItems" time="0.732"/>
  <testcase classname="com.Bstackdemo.tests.LoginTests" name="TC10_checkoutWithoutItems" time="1.234"/>
  <testcase classname="com.Bstackdemo.tests.LoginTests" name="TC03_emptyLogin" time="0.0">
    <ignored/>
  </testcase> <!-- TC03_emptyLogin -->
  <testcase classname="com.Bstackdemo.tests.LoginTests" name="TC02_invalidLogin" time="0.0">
    <ignored/>
  </testcase> <!-- TC02_invalidLogin -->
</testsuite> <!-- BstackDemo -->
