<?xml version="1.0" encoding="UTF-8"?>
<!-- Generated by org.testng.reporters.JUnitReportReporter -->
<testsuite hostname="Sourabh" failures="0" tests="4" name="com.blazedemo.tests.PurchasePageTest" time="26.852" errors="0" timestamp="2026-04-04T11:58:57 IST" skipped="0">
  <testcase classname="com.blazedemo.tests.PurchasePageTest" name="TC07_fillBookingDetails" time="6.724"/>
  <system-out/>
  <testcase classname="com.blazedemo.tests.PurchasePageTest" name="TC07_fillBookingDetails" time="6.035"/>
  <system-out/>
  <testcase classname="com.blazedemo.tests.PurchasePageTest" name="TC07_fillBookingDetails" time="7.797"/>
  <system-out/>
  <testcase classname="com.blazedemo.tests.PurchasePageTest" name="TC07_fillBookingDetails" time="6.296"/>
  <system-out/>
</testsuite> <!-- com.blazedemo.tests.PurchasePageTest -->
