<?xml version="1.0" encoding="UTF-8"?>
<!-- Generated by org.testng.reporters.JUnitReportReporter -->
<testsuite hostname="Sourabh" failures="0" tests="3" name="com.blazedemo.tests.HomePageTest" time="9.400" errors="0" timestamp="2026-03-31T16:11:37 IST" skipped="0">
  <testcase classname="com.blazedemo.tests.HomePageTest" name="TC01_verifyHomePageLoaded" time="3.171"/>
  <testcase classname="com.blazedemo.tests.HomePageTest" name="TC02_verifyCitiesDropdown" time="1.972"/>
  <testcase classname="com.blazedemo.tests.HomePageTest" name="TC03_searchFlights" time="4.257"/>
</testsuite> <!-- com.blazedemo.tests.HomePageTest -->
