<?xml version="1.0" encoding="UTF-8"?>
<!-- Generated by org.testng.reporters.JUnitReportReporter -->
<testsuite hostname="Sourabh" failures="0" tests="3" name="com.blazedemo.tests.ReservePageTest" time="16.021" errors="0" timestamp="2026-03-31T16:11:37 IST" skipped="0">
  <testcase classname="com.blazedemo.tests.ReservePageTest" name="TC04_selectFirstFlight" time="5.161"/>
  <testcase classname="com.blazedemo.tests.ReservePageTest" name="TC05_selectFlightByIndex" time="5.676"/>
  <testcase classname="com.blazedemo.tests.ReservePageTest" name="TC06_selectFlightByAirline" time="5.184"/>
</testsuite> <!-- com.blazedemo.tests.ReservePageTest -->
