<?xml version="1.0" encoding="UTF-8"?>
<testng-results ignored="0" total="10" passed="10" failed="0" skipped="0">
  <reporter-output>
  </reporter-output>
  <suite started-at="2026-04-04T22:52:17 IST" name="Default suite" finished-at="2026-04-04T22:52:32 IST" duration-ms="14881">
    <groups>
    </groups>
    <test started-at="2026-04-04T22:52:17 IST" name="Default test" finished-at="2026-04-04T22:52:32 IST" duration-ms="14881">
      <class name="com.Telecom.Test.TelecomAPITest">
        <test-method is-config="true" signature="setup()[pri:0, instance:com.Telecom.Test.TelecomAPITest@77fbd92c]" started-at="2026-04-04T22:52:17 IST" name="setup" finished-at="2026-04-04T22:52:18 IST" duration-ms="199" status="PASS">
          <reporter-output>
          </reporter-output>
        </test-method> <!-- setup -->
        <test-method signature="TC01_addUser()[pri:1, instance:com.Telecom.Test.TelecomAPITest@77fbd92c]" started-at="2026-04-04T22:52:18 IST" name="TC01_addUser" finished-at="2026-04-04T22:52:20 IST" duration-ms="2732" status="PASS">
          <reporter-output>
          </reporter-output>
        </test-method> <!-- TC01_addUser -->
        <test-method signature="TC02_getUserdetails()[pri:2, instance:com.Telecom.Test.TelecomAPITest@77fbd92c]" started-at="2026-04-04T22:52:20 IST" name="TC02_getUserdetails" finished-at="2026-04-04T22:52:22 IST" depends-on-methods="com.Telecom.Test.TelecomAPITest.TC01_addUser" duration-ms="1690" status="PASS">
          <reporter-output>
          </reporter-output>
        </test-method> <!-- TC02_getUserdetails -->
        <test-method signature="TC03_UpdateUser()[pri:3, instance:com.Telecom.Test.TelecomAPITest@77fbd92c]" started-at="2026-04-04T22:52:22 IST" name="TC03_UpdateUser" finished-at="2026-04-04T22:52:23 IST" depends-on-methods="com.Telecom.Test.TelecomAPITest.TC01_addUser" duration-ms="1264" status="PASS">
          <reporter-output>
          </reporter-output>
        </test-method> <!-- TC03_UpdateUser -->
        <test-method signature="TC04_loginviaNewUser()[pri:4, instance:com.Telecom.Test.TelecomAPITest@77fbd92c]" started-at="2026-04-04T22:52:23 IST" name="TC04_loginviaNewUser" finished-at="2026-04-04T22:52:25 IST" depends-on-methods="com.Telecom.Test.TelecomAPITest.TC03_UpdateUser" duration-ms="1349" status="PASS">
          <reporter-output>
          </reporter-output>
        </test-method> <!-- TC04_loginviaNewUser -->
        <test-method signature="TC05_addContact()[pri:5, instance:com.Telecom.Test.TelecomAPITest@77fbd92c]" started-at="2026-04-04T22:52:25 IST" name="TC05_addContact" finished-at="2026-04-04T22:52:26 IST" depends-on-methods="com.Telecom.Test.TelecomAPITest.TC04_loginviaNewUser" duration-ms="1299" status="PASS">
          <reporter-output>
          </reporter-output>
        </test-method> <!-- TC05_addContact -->
        <test-method signature="TC06_getContactList()[pri:6, instance:com.Telecom.Test.TelecomAPITest@77fbd92c]" started-at="2026-04-04T22:52:26 IST" name="TC06_getContactList" finished-at="2026-04-04T22:52:27 IST" depends-on-methods="com.Telecom.Test.TelecomAPITest.TC05_addContact" duration-ms="1289" status="PASS">
          <reporter-output>
          </reporter-output>
        </test-method> <!-- TC06_getContactList -->
        <test-method signature="TC07_getContact()[pri:7, instance:com.Telecom.Test.TelecomAPITest@77fbd92c]" started-at="2026-04-04T22:52:27 IST" name="TC07_getContact" finished-at="2026-04-04T22:52:28 IST" depends-on-methods="com.Telecom.Test.TelecomAPITest.TC05_addContact" duration-ms="1220" status="PASS">
          <reporter-output>
          </reporter-output>
        </test-method> <!-- TC07_getContact -->
        <test-method signature="TC08_updateContact()[pri:8, instance:com.Telecom.Test.TelecomAPITest@77fbd92c]" started-at="2026-04-04T22:52:28 IST" name="TC08_updateContact" finished-at="2026-04-04T22:52:30 IST" depends-on-methods="com.Telecom.Test.TelecomAPITest.TC05_addContact" duration-ms="1239" status="PASS">
          <reporter-output>
          </reporter-output>
        </test-method> <!-- TC08_updateContact -->
        <test-method signature="TC09_PatchContact()[pri:9, instance:com.Telecom.Test.TelecomAPITest@77fbd92c]" started-at="2026-04-04T22:52:30 IST" name="TC09_PatchContact" finished-at="2026-04-04T22:52:31 IST" depends-on-methods="com.Telecom.Test.TelecomAPITest.TC05_addContact" duration-ms="1299" status="PASS">
          <reporter-output>
          </reporter-output>
        </test-method> <!-- TC09_PatchContact -->
        <test-method signature="TC10_LogOutUser()[pri:10, instance:com.Telecom.Test.TelecomAPITest@77fbd92c]" started-at="2026-04-04T22:52:31 IST" name="TC10_LogOutUser" finished-at="2026-04-04T22:52:32 IST" depends-on-methods="com.Telecom.Test.TelecomAPITest.TC01_addUser" duration-ms="1254" status="PASS">
          <reporter-output>
          </reporter-output>
        </test-method> <!-- TC10_LogOutUser -->
      </class> <!-- com.Telecom.Test.TelecomAPITest -->
    </test> <!-- Default test -->
  </suite> <!-- Default suite -->
</testng-results>
