<?xml version="1.0" encoding="UTF-8"?>
<!-- Generated by org.testng.reporters.JUnitReportReporter -->
<testsuite hostname="Sourabh" failures="0" tests="3" name="MultiBrowsers" time="7.173" errors="0" timestamp="2026-04-01T19:21:53 IST" skipped="0">
  <testcase classname="MultiBrowsers" name="setup" time="3.511"/>
  <system-out/>
  <testcase classname="MultiBrowsers" name="setup" time="1.847"/>
  <system-out/>
  <testcase classname="MultiBrowsers" name="setup" time="1.815"/>
  <system-out/>
</testsuite> <!-- MultiBrowsers -->
