<?xml version="1.0" encoding="UTF-8"?>
<!-- Generated by org.testng.reporters.JUnitReportReporter -->
<testsuite hostname="Sourabh" failures="0" tests="3" name="com.DockerTests.ParallelTests" time="68.384" errors="0" timestamp="2026-04-05T11:00:35 IST" skipped="0">
  <testcase classname="com.DockerTests.ParallelTests" name="setup" time="22.267"/>
  <system-out/>
  <testcase classname="com.DockerTests.ParallelTests" name="setup" time="22.117"/>
  <system-out/>
  <testcase classname="com.DockerTests.ParallelTests" name="setup" time="24.000"/>
  <system-out/>
</testsuite> <!-- com.DockerTests.ParallelTests -->
