<?xml version="1.0" encoding="UTF-8"?>
<!-- Generated by org.testng.reporters.JUnitXMLReporter -->
<testsuite ignored="0" hostname="Sourabh" failures="0" tests="4" name="Default test" time="25.907" errors="0" timestamp="2026-04-04T11:57:14 IST">
  <testcase classname="com.blazedemo.tests.PurchasePageTest" name="TC07_fillBookingDetails" time="5.034"/>
  <testcase classname="com.blazedemo.tests.PurchasePageTest" name="TC07_fillBookingDetails" time="2.384"/>
  <testcase classname="com.blazedemo.tests.PurchasePageTest" name="TC07_fillBookingDetails" time="2.326"/>
  <testcase classname="com.blazedemo.tests.PurchasePageTest" name="TC07_fillBookingDetails" time="2.577"/>
</testsuite> <!-- Default test -->
