<?xml version="1.0" encoding="UTF-8"?>
<!-- Generated by org.testng.reporters.JUnitXMLReporter -->
<testsuite ignored="9" hostname="Sourabh" failures="0" tests="1" name="Default test" time="4.744" errors="0" timestamp="2026-04-01T11:38:21 IST">
  <testcase classname="com.Bstackdemo.tests.BstackTests" name="TC09_verifyCartItems" time="0.801"/>
  <testcase classname="com.Bstackdemo.tests.BstackTests" name="TC01_validLogin" time="0.0">
    <ignored/>
  </testcase> <!-- TC01_validLogin -->
  <testcase classname="com.Bstackdemo.tests.BstackTests" name="TC10_checkoutWithoutItems" time="0.0">
    <ignored/>
  </testcase> <!-- TC10_checkoutWithoutItems -->
  <testcase classname="com.Bstackdemo.tests.BstackTests" name="TC07_removeItem" time="0.0">
    <ignored/>
  </testcase> <!-- TC07_removeItem -->
  <testcase classname="com.Bstackdemo.tests.BstackTests" name="TC04_addSingleItem" time="0.0">
    <ignored/>
  </testcase> <!-- TC04_addSingleItem -->
  <testcase classname="com.Bstackdemo.tests.BstackTests" name="TC08_validCheckout" time="0.0">
    <ignored/>
  </testcase> <!-- TC08_validCheckout -->
  <testcase classname="com.Bstackdemo.tests.BstackTests" name="TC03_emptyLogin" time="0.0">
    <ignored/>
  </testcase> <!-- TC03_emptyLogin -->
  <testcase classname="com.Bstackdemo.tests.BstackTests" name="TC06_addMultipleItems" time="0.0">
    <ignored/>
  </testcase> <!-- TC06_addMultipleItems -->
  <testcase classname="com.Bstackdemo.tests.BstackTests" name="TC05_searchBox" time="0.0">
    <ignored/>
  </testcase> <!-- TC05_searchBox -->
  <testcase classname="com.Bstackdemo.tests.BstackTests" name="TC02_invalidLogin" time="0.0">
    <ignored/>
  </testcase> <!-- TC02_invalidLogin -->
</testsuite> <!-- Default test -->
