<?xml version="1.0" encoding="UTF-8"?>
<!-- Generated by org.testng.reporters.JUnitXMLReporter -->
<testsuite ignored="6" hostname="Sourabh" failures="0" tests="10" name="BlazeDemoTC" time="44.42" errors="0" timestamp="2026-04-04T11:58:57 IST">
  <testcase classname="com.blazedemo.tests.PurchasePageTest" name="TC07_fillBookingDetails" time="3.671"/>
  <testcase classname="com.blazedemo.tests.PurchasePageTest" name="TC07_fillBookingDetails" time="5.916"/>
  <testcase classname="com.blazedemo.tests.PurchasePageTest" name="TC07_fillBookingDetails" time="4.016"/>
  <testcase classname="com.blazedemo.tests.PurchasePageTest" name="TC07_fillBookingDetails" time="3.991"/>
  <testcase classname="com.blazedemo.tests.ReservePageTest" name="TC04_selectFirstFlight" time="1.878"/>
  <testcase classname="com.blazedemo.tests.ReservePageTest" name="TC05_selectFlightByIndex" time="1.165"/>
  <testcase classname="com.blazedemo.tests.ReservePageTest" name="TC06_selectFlightByAirline" time="1.067"/>
  <testcase classname="com.blazedemo.tests.HomePageTest" name="TC01_verifyHomePageLoaded" time="0.026"/>
  <testcase classname="com.blazedemo.tests.HomePageTest" name="TC02_verifyCitiesDropdown" time="0.077"/>
  <testcase classname="com.blazedemo.tests.HomePageTest" name="TC03_searchFlights" time="0.862"/>
  <testcase classname="com.blazedemo.base.BaseClass" name="@AfterTest flushReport" time="0.0">
    <ignored/>
  </testcase> <!-- @AfterTest flushReport -->
  <testcase classname="com.blazedemo.base.BaseClass" name="@AfterTest flushReport" time="0.0">
    <ignored/>
  </testcase> <!-- @AfterTest flushReport -->
  <testcase classname="com.blazedemo.base.BaseClass" name="@AfterTest flushReport" time="0.0">
    <ignored/>
  </testcase> <!-- @AfterTest flushReport -->
  <testcase classname="com.blazedemo.tests.NegativeTest" name="TC08_blankFormSubmission" time="0.0">
    <ignored/>
  </testcase> <!-- TC08_blankFormSubmission -->
  <testcase classname="com.blazedemo.tests.NegativeTest" name="TC10_sameCitySelection" time="0.0">
    <ignored/>
  </testcase> <!-- TC10_sameCitySelection -->
  <testcase classname="com.blazedemo.tests.NegativeTest" name="TC09_invalidCardDetails" time="0.0">
    <ignored/>
  </testcase> <!-- TC09_invalidCardDetails -->
</testsuite> <!-- BlazeDemoTC -->
