<?xml version="1.0" encoding="UTF-8"?>
<!-- Generated by org.testng.reporters.JUnitXMLReporter -->
<testsuite ignored="3" hostname="Sourabh" failures="1" tests="13" name="Test" time="42.641" errors="0" timestamp="2026-03-31T16:11:37 IST">
  <testcase classname="com.blazedemo.tests.HomePageTest" name="TC01_verifyHomePageLoaded" time="0.036"/>
  <testcase classname="com.blazedemo.tests.ReservePageTest" name="TC04_selectFirstFlight" time="2.074"/>
  <testcase classname="com.blazedemo.tests.HomePageTest" name="TC02_verifyCitiesDropdown" time="0.168"/>
  <testcase classname="com.blazedemo.tests.NegativeTest" name="TC08_blankFormSubmission" time="2.714"/>
  <testcase classname="com.blazedemo.tests.ReservePageTest" name="TC05_selectFlightByIndex" time="2.169"/>
  <testcase classname="com.blazedemo.tests.HomePageTest" name="TC03_searchFlights" time="1.803"/>
  <testcase classname="com.blazedemo.tests.PurchasePageTest" name="TC07_fillBookingDetails" time="4.649"/>
  <testcase classname="com.blazedemo.tests.ReservePageTest" name="TC06_selectFlightByAirline" time="3.11"/>
  <testcase classname="com.blazedemo.tests.NegativeTest" name="TC09_invalidCardDetails" time="2.299"/>
  <testcase classname="com.blazedemo.tests.PurchasePageTest" name="TC07_fillBookingDetails" time="8.497"/>
  <testcase classname="com.blazedemo.tests.PurchasePageTest" name="TC07_fillBookingDetails" time="2.58"/>
  <testcase classname="com.blazedemo.tests.PurchasePageTest" name="TC07_fillBookingDetails" time="2.541"/>
  <testcase classname="com.blazedemo.tests.NegativeTest" name="TC10_sameCitySelection" time="20.248">
    <failure type="org.openqa.selenium.NoSuchElementException" message="Cannot locate option with text: Boston
For documentation on this error, please visit: https://www.selenium.dev/documentation/webdriver/troubleshooting/errors#nosuchelementexception
Build info: version: &amp;apos;4.41.0&amp;apos;, revision: &amp;apos;9fc754f&amp;apos;
System info: os.name: &amp;apos;Windows 11&amp;apos;, os.arch: &amp;apos;amd64&amp;apos;, os.version: &amp;apos;10.0&amp;apos;, java.version: &amp;apos;21.0.8&amp;apos;
Driver info: driver.version: unknown">
      <![CDATA[org.openqa.selenium.NoSuchElementException: Cannot locate option with text: Boston
For documentation on this error, please visit: https://www.selenium.dev/documentation/webdriver/troubleshooting/errors#nosuchelementexception
Build info: version: '4.41.0', revision: '9fc754f'
System info: os.name: 'Windows 11', os.arch: 'amd64', os.version: '10.0', java.version: '21.0.8'
Driver info: driver.version: unknown
at org.openqa.selenium.support.ui.Select.selectByVisibleText(Select.java:400)
at org.openqa.selenium.support.ui.Select.selectByVisibleText(Select.java:128)
at com.blazedemo.pages.HomePage.selectCities(HomePage.java:73)
at com.blazedemo.tests.NegativeTest.TC10_sameCitySelection(NegativeTest.java:48)
at java.base/java.util.concurrent.Executors$RunnableAdapter.call(Executors.java:572)
at java.base/java.util.concurrent.FutureTask.run(FutureTask.java:317)
at java.base/java.util.concurrent.ThreadPoolExecutor.runWorker(ThreadPoolExecutor.java:1144)
at java.base/java.util.concurrent.ThreadPoolExecutor$Worker.run(ThreadPoolExecutor.java:642)
at java.base/java.lang.Thread.run(Thread.java:1583)
... Removed 11 stack frames]]>
    </failure>
  </testcase> <!-- TC10_sameCitySelection -->
  <testcase classname="com.blazedemo.base.BaseClass" name="@AfterTest flushReport" time="0.0">
    <ignored/>
  </testcase> <!-- @AfterTest flushReport -->
  <testcase classname="com.blazedemo.base.BaseClass" name="@AfterTest flushReport" time="0.0">
    <ignored/>
  </testcase> <!-- @AfterTest flushReport -->
  <testcase classname="com.blazedemo.base.BaseClass" name="@AfterTest flushReport" time="0.0">
    <ignored/>
  </testcase> <!-- @AfterTest flushReport -->
</testsuite> <!-- Test -->
