<?xml version="1.0" encoding="UTF-8"?>
<!-- Generated by org.testng.reporters.JUnitXMLReporter -->
<testsuite ignored="2" hostname="Sourabh" failures="0" tests="15" name="Test" time="100.872" errors="0" timestamp="2026-04-04T13:54:38 IST">
  <testcase classname="com.Bstackdemo.tests.CheckoutTests" name="TC09_validCheckout" time="1.855"/>
  <testcase classname="com.Bstackdemo.tests.CheckoutTests" name="TC10_checkoutWithoutItems" time="1.276"/>
  <testcase classname="com.Bstackdemo.tests.CartTests" name="TC04_addSingleItem" time="1.296"/>
  <testcase classname="com.Bstackdemo.tests.CartTests" name="TC05_searchBox" time="0.879"/>
  <testcase classname="com.Bstackdemo.tests.CartTests" name="TC06_addMultipleItems" time="1.696"/>
  <testcase classname="com.Bstackdemo.tests.CartTests" name="TC07_removeItem" time="12.518"/>
  <testcase classname="com.Bstackdemo.tests.CartTests" name="TC08_verifyCartItems" time="0.891"/>
  <testcase classname="com.Bstackdemo.tests.LoginTests" name="TC01_validLogin" time="0.705"/>
  <testcase classname="com.Bstackdemo.tests.LoginTests" name="TC04_addSingleItem" time="1.934"/>
  <testcase classname="com.Bstackdemo.tests.LoginTests" name="TC05_searchBox" time="0.905"/>
  <testcase classname="com.Bstackdemo.tests.LoginTests" name="TC06_addMultipleItems" time="1.34"/>
  <testcase classname="com.Bstackdemo.tests.LoginTests" name="TC07_removeItem" time="11.295"/>
  <testcase classname="com.Bstackdemo.tests.LoginTests" name="TC08_validCheckout" time="2.493"/>
  <testcase classname="com.Bstackdemo.tests.LoginTests" name="TC09_verifyCartItems" time="0.727"/>
  <testcase classname="com.Bstackdemo.tests.LoginTests" name="TC10_checkoutWithoutItems" time="1.273"/>
  <testcase classname="com.Bstackdemo.tests.LoginTests" name="TC03_emptyLogin" time="0.0">
    <ignored/>
  </testcase> <!-- TC03_emptyLogin -->
  <testcase classname="com.Bstackdemo.tests.LoginTests" name="TC02_invalidLogin" time="0.0">
    <ignored/>
  </testcase> <!-- TC02_invalidLogin -->
</testsuite> <!-- Test -->
