<?xml version="1.0" encoding="UTF-8"?>
<!-- Generated by org.testng.reporters.JUnitReportReporter -->
<testsuite hostname="Sourabh" failures="0" tests="2" name="com.Bstackdemo.tests.CheckoutTests" time="14.160" errors="0" timestamp="2026-04-01T11:56:29 IST" skipped="0">
  <testcase classname="com.Bstackdemo.tests.CheckoutTests" name="TC09_validCheckout" time="8.359"/>
  <testcase classname="com.Bstackdemo.tests.CheckoutTests" name="TC10_checkoutWithoutItems" time="5.801"/>
</testsuite> <!-- com.Bstackdemo.tests.CheckoutTests -->
