<?xml version="1.0" encoding="UTF-8"?>
<!-- Generated by org.testng.reporters.JUnitReportReporter -->
<testsuite hostname="Sourabh" failures="0" tests="2" name="com.Bstackdemo.tests.CheckoutTests" time="13.694" errors="0" timestamp="2026-04-04T16:14:13 IST" skipped="0">
  <testcase classname="com.Bstackdemo.tests.CheckoutTests" name="TC09_validCheckout" time="9.179"/>
  <testcase classname="com.Bstackdemo.tests.CheckoutTests" name="TC10_checkoutWithoutItems" time="4.515"/>
</testsuite> <!-- com.Bstackdemo.tests.CheckoutTests -->
