<?xml version="1.0" encoding="UTF-8"?>
<!-- Generated by org.testng.reporters.JUnitReportReporter -->
<testsuite hostname="Sourabh" failures="0" tests="10" name="com.Bstackdemo.tests.BstackTests" time="69.304" errors="0" timestamp="2026-03-29T14:16:38 IST" skipped="3">
  <testcase classname="com.Bstackdemo.tests.BstackTests" name="TC01_validLogin" time="6.207"/>
  <testcase classname="com.Bstackdemo.tests.BstackTests" name="TC10_checkoutWithoutItems" time="7.215"/>
  <testcase classname="com.Bstackdemo.tests.BstackTests" name="TC06_addMultipleItems" time="6.361"/>
  <testcase classname="com.Bstackdemo.tests.BstackTests" name="TC08_validCheckout" time="7.534"/>
  <testcase classname="com.Bstackdemo.tests.BstackTests" name="TC07_removeItem" time="27.214"/>
  <testcase classname="com.Bstackdemo.tests.BstackTests" name="TC04_addSingleItem" time="7.027"/>
  <testcase classname="com.Bstackdemo.tests.BstackTests" name="TC05_searchBox" time="7.746"/>
  <testcase classname="com.Bstackdemo.tests.BstackTests" name="TC03_emptyLogin">
    <skipped/>
  </testcase> <!-- TC03_emptyLogin -->
  <testcase classname="com.Bstackdemo.tests.BstackTests" name="TC09_verifyCartItems">
    <skipped/>
  </testcase> <!-- TC09_verifyCartItems -->
  <testcase classname="com.Bstackdemo.tests.BstackTests" name="TC02_invalidLogin">
    <skipped/>
  </testcase> <!-- TC02_invalidLogin -->
</testsuite> <!-- com.Bstackdemo.tests.BstackTests -->
