<?xml version="1.0" encoding="UTF-8"?>
<!-- Generated by org.testng.reporters.JUnitReportReporter -->
<testsuite hostname="Sourabh" failures="0" tests="10" name="com.Bstackdemo.tests.LoginTests" time="63.598" errors="0" timestamp="2026-04-04T16:14:13 IST" skipped="2">
  <testcase classname="com.Bstackdemo.tests.LoginTests" name="TC10_checkoutWithoutItems" time="6.974"/>
  <testcase classname="com.Bstackdemo.tests.LoginTests" name="TC01_validLogin" time="6.150"/>
  <testcase classname="com.Bstackdemo.tests.LoginTests" name="TC04_addSingleItem" time="5.741"/>
  <testcase classname="com.Bstackdemo.tests.LoginTests" name="TC05_searchBox" time="6.290"/>
  <testcase classname="com.Bstackdemo.tests.LoginTests" name="TC09_verifyCartItems" time="7.639"/>
  <testcase classname="com.Bstackdemo.tests.LoginTests" name="TC07_removeItem" time="16.800"/>
  <testcase classname="com.Bstackdemo.tests.LoginTests" name="TC06_addMultipleItems" time="6.398"/>
  <testcase classname="com.Bstackdemo.tests.LoginTests" name="TC08_validCheckout" time="7.606"/>
  <testcase classname="com.Bstackdemo.tests.LoginTests" name="TC03_emptyLogin">
    <skipped/>
  </testcase> <!-- TC03_emptyLogin -->
  <testcase classname="com.Bstackdemo.tests.LoginTests" name="TC02_invalidLogin">
    <skipped/>
  </testcase> <!-- TC02_invalidLogin -->
</testsuite> <!-- com.Bstackdemo.tests.LoginTests -->
