<?xml version="1.0" encoding="UTF-8"?>
<!-- Generated by org.testng.reporters.JUnitReportReporter -->
<testsuite hostname="Sourabh" failures="0" tests="10" name="com.Bstackdemo.tests.LoginTests" time="55.431" errors="0" timestamp="2026-04-01T11:56:29 IST" skipped="2">
  <testcase classname="com.Bstackdemo.tests.LoginTests" name="TC01_validLogin" time="5.622"/>
  <testcase classname="com.Bstackdemo.tests.LoginTests" name="TC06_addMultipleItems" time="5.518"/>
  <testcase classname="com.Bstackdemo.tests.LoginTests" name="TC08_validCheckout" time="7.110"/>
  <testcase classname="com.Bstackdemo.tests.LoginTests" name="TC07_removeItem" time="16.216"/>
  <testcase classname="com.Bstackdemo.tests.LoginTests" name="TC04_addSingleItem" time="5.221"/>
  <testcase classname="com.Bstackdemo.tests.LoginTests" name="TC09_verifyCartItems" time="5.024"/>
  <testcase classname="com.Bstackdemo.tests.LoginTests" name="TC05_searchBox" time="6.089"/>
  <testcase classname="com.Bstackdemo.tests.LoginTests" name="TC10_checkoutWithoutItems" time="4.631"/>
  <testcase classname="com.Bstackdemo.tests.LoginTests" name="TC03_emptyLogin">
    <skipped/>
  </testcase> <!-- TC03_emptyLogin -->
  <testcase classname="com.Bstackdemo.tests.LoginTests" name="TC02_invalidLogin">
    <skipped/>
  </testcase> <!-- TC02_invalidLogin -->
</testsuite> <!-- com.Bstackdemo.tests.LoginTests -->
