<?xml version="1.0" encoding="UTF-8"?>
<!-- Generated by org.testng.reporters.JUnitReportReporter -->
<testsuite hostname="Sourabh" failures="0" tests="5" name="com.Bstackdemo.tests.CartTests" time="37.191" errors="0" timestamp="2026-04-01T11:56:29 IST" skipped="0">
  <testcase classname="com.Bstackdemo.tests.CartTests" name="TC05_searchBox" time="4.232"/>
  <testcase classname="com.Bstackdemo.tests.CartTests" name="TC06_addMultipleItems" time="6.135"/>
  <testcase classname="com.Bstackdemo.tests.CartTests" name="TC07_removeItem" time="15.760"/>
  <testcase classname="com.Bstackdemo.tests.CartTests" name="TC08_verifyCartItems" time="4.972"/>
  <testcase classname="com.Bstackdemo.tests.CartTests" name="TC04_addSingleItem" time="6.092"/>
</testsuite> <!-- com.Bstackdemo.tests.CartTests -->
