<?xml version="1.0" encoding="UTF-8"?>
<!-- Generated by org.testng.reporters.JUnitReportReporter -->
<testsuite hostname="Sourabh" failures="0" tests="5" name="com.Bstackdemo.tests.CartTests" time="39.732" errors="0" timestamp="2026-04-04T13:54:38 IST" skipped="0">
  <testcase classname="com.Bstackdemo.tests.CartTests" name="TC07_removeItem" time="16.667"/>
  <testcase classname="com.Bstackdemo.tests.CartTests" name="TC04_addSingleItem" time="4.377"/>
  <testcase classname="com.Bstackdemo.tests.CartTests" name="TC08_verifyCartItems" time="7.958"/>
  <testcase classname="com.Bstackdemo.tests.CartTests" name="TC05_searchBox" time="5.841"/>
  <testcase classname="com.Bstackdemo.tests.CartTests" name="TC06_addMultipleItems" time="4.889"/>
</testsuite> <!-- com.Bstackdemo.tests.CartTests -->
