<?xml version="1.0" encoding="UTF-8"?>
<!-- Generated by org.testng.reporters.JUnitXMLReporter -->
<testsuite ignored="8" hostname="Sourabh" failures="2" tests="2" name="Smoke Tests" time="0.042" errors="0" timestamp="2026-03-31T12:28:08 IST">
  <testcase classname="com.blazedemo.tests.HomePageTest" name="TC01_verifyHomePageLoaded" time="0.008">
    <failure type="java.lang.NullPointerException" message="Cannot invoke &amp;quot;com.blazedemo.pages.HomePage.isHomePageLoaded()&amp;quot; because &amp;quot;this.homePage&amp;quot; is null">
      <![CDATA[java.lang.NullPointerException: Cannot invoke "com.blazedemo.pages.HomePage.isHomePageLoaded()" because "this.homePage" is null
at com.blazedemo.tests.HomePageTest.TC01_verifyHomePageLoaded(HomePageTest.java:16)
at java.base/java.util.ArrayList.forEach(ArrayList.java:1604)
... Removed 25 stack frames]]>
    </failure>
  </testcase> <!-- TC01_verifyHomePageLoaded -->
  <testcase classname="com.blazedemo.tests.HomePageTest" name="TC02_verifyCitiesDropdown" time="0.001">
    <failure type="java.lang.NullPointerException" message="Cannot invoke &amp;quot;com.blazedemo.pages.HomePage.getAllFromCities()&amp;quot; because &amp;quot;this.homePage&amp;quot; is null">
      <![CDATA[java.lang.NullPointerException: Cannot invoke "com.blazedemo.pages.HomePage.getAllFromCities()" because "this.homePage" is null
at com.blazedemo.tests.HomePageTest.TC02_verifyCitiesDropdown(HomePageTest.java:22)
at java.base/java.util.ArrayList.forEach(ArrayList.java:1604)
... Removed 25 stack frames]]>
    </failure>
  </testcase> <!-- TC02_verifyCitiesDropdown -->
  <testcase classname="com.blazedemo.tests.NegativeTest" name="TC08_blankFormSubmission" time="0.0">
    <ignored/>
  </testcase> <!-- TC08_blankFormSubmission -->
  <testcase classname="com.blazedemo.tests.NegativeTest" name="TC09_invalidCardDetails" time="0.0">
    <ignored/>
  </testcase> <!-- TC09_invalidCardDetails -->
  <testcase classname="com.blazedemo.tests.ReservePageTest" name="TC04_selectFirstFlight" time="0.0">
    <ignored/>
  </testcase> <!-- TC04_selectFirstFlight -->
  <testcase classname="com.blazedemo.tests.ReservePageTest" name="TC06_selectFlightByAirline" time="0.0">
    <ignored/>
  </testcase> <!-- TC06_selectFlightByAirline -->
  <testcase classname="com.blazedemo.tests.NegativeTest" name="TC10_sameCitySelection" time="0.0">
    <ignored/>
  </testcase> <!-- TC10_sameCitySelection -->
  <testcase classname="com.blazedemo.tests.PurchasePageTest" name="TC07_fillBookingDetails" time="0.0">
    <ignored/>
  </testcase> <!-- TC07_fillBookingDetails -->
  <testcase classname="com.blazedemo.tests.ReservePageTest" name="TC05_selectFlightByIndex" time="0.0">
    <ignored/>
  </testcase> <!-- TC05_selectFlightByIndex -->
  <testcase classname="com.blazedemo.tests.HomePageTest" name="TC03_searchFlights" time="0.0">
    <ignored/>
  </testcase> <!-- TC03_searchFlights -->
</testsuite> <!-- Smoke Tests -->
