<?xml version="1.0" encoding="UTF-8"?>
<!-- Generated by org.testng.reporters.JUnitReportReporter -->
<testsuite hostname="Sourabh" failures="0" tests="5" name="com.Bstackdemo.tests.CartTests" time="39.710" errors="0" timestamp="2026-04-04T16:14:13 IST" skipped="0">
  <testcase classname="com.Bstackdemo.tests.CartTests" name="TC04_addSingleItem" time="4.445"/>
  <testcase classname="com.Bstackdemo.tests.CartTests" name="TC07_removeItem" time="16.244"/>
  <testcase classname="com.Bstackdemo.tests.CartTests" name="TC08_verifyCartItems" time="6.481"/>
  <testcase classname="com.Bstackdemo.tests.CartTests" name="TC06_addMultipleItems" time="6.422"/>
  <testcase classname="com.Bstackdemo.tests.CartTests" name="TC05_searchBox" time="6.118"/>
</testsuite> <!-- com.Bstackdemo.tests.CartTests -->
