<?xml version="1.0" encoding="UTF-8"?>
<!-- Generated by org.testng.reporters.JUnitReportReporter -->
<testsuite hostname="Sourabh" failures="0" tests="3" name="com.Bstackdemo.tests.BstackTests" time="4.719" errors="0" timestamp="2026-04-01T11:38:21 IST" skipped="2">
  <testcase classname="com.Bstackdemo.tests.BstackTests" name="TC09_verifyCartItems" time="4.719"/>
  <testcase classname="com.Bstackdemo.tests.BstackTests" name="TC03_emptyLogin">
    <skipped/>
  </testcase> <!-- TC03_emptyLogin -->
  <testcase classname="com.Bstackdemo.tests.BstackTests" name="TC02_invalidLogin">
    <skipped/>
  </testcase> <!-- TC02_invalidLogin -->
</testsuite> <!-- com.Bstackdemo.tests.BstackTests -->
