<?xml version="1.0" encoding="UTF-8"?>
<!-- Generated by org.testng.reporters.JUnitXMLReporter -->
<testsuite ignored="3" hostname="Sourabh" failures="0" tests="7" name="Default test" time="69.333" errors="0" timestamp="2026-03-29T14:16:38 IST">
  <testcase classname="com.Bstackdemo.tests.BstackTests" name="TC01_validLogin" time="0.712"/>
  <testcase classname="com.Bstackdemo.tests.BstackTests" name="TC04_addSingleItem" time="1.308"/>
  <testcase classname="com.Bstackdemo.tests.BstackTests" name="TC05_searchBox" time="0.873"/>
  <testcase classname="com.Bstackdemo.tests.BstackTests" name="TC06_addMultipleItems" time="0.792"/>
  <testcase classname="com.Bstackdemo.tests.BstackTests" name="TC07_removeItem" time="11.356"/>
  <testcase classname="com.Bstackdemo.tests.BstackTests" name="TC08_validCheckout" time="1.876"/>
  <testcase classname="com.Bstackdemo.tests.BstackTests" name="TC10_checkoutWithoutItems" time="1.374"/>
  <testcase classname="com.Bstackdemo.tests.BstackTests" name="TC03_emptyLogin" time="0.0">
    <ignored/>
  </testcase> <!-- TC03_emptyLogin -->
  <testcase classname="com.Bstackdemo.tests.BstackTests" name="TC09_verifyCartItems" time="0.0">
    <ignored/>
  </testcase> <!-- TC09_verifyCartItems -->
  <testcase classname="com.Bstackdemo.tests.BstackTests" name="TC02_invalidLogin" time="0.0">
    <ignored/>
  </testcase> <!-- TC02_invalidLogin -->
</testsuite> <!-- Default test -->
