<?xml version="1.0" encoding="UTF-8"?>
<testng-results ignored="0" total="4" passed="4" failed="0" skipped="0">
  <reporter-output>
  </reporter-output>
  <suite started-at="2026-03-29T20:13:46 IST" name="Suite" finished-at="2026-03-29T20:13:53 IST" duration-ms="7130">
    <groups>
    </groups>
    <test started-at="2026-03-29T20:13:46 IST" name="HomePageTC" finished-at="2026-03-29T20:13:50 IST" duration-ms="3378">
      <class name="com.CRM.Tests.HomePageTC">
        <test-method is-config="true" signature="setup()[pri:0, instance:com.CRM.Tests.HomePageTC@3911c2a7]" started-at="2026-03-29T20:13:46 IST" name="setup" finished-at="2026-03-29T20:13:49 IST" duration-ms="2674" status="PASS">
          <reporter-output>
          </reporter-output>
        </test-method> <!-- setup -->
        <test-method signature="verifyUrl()[pri:1, instance:com.CRM.Tests.HomePageTC@3911c2a7]" started-at="2026-03-29T20:13:49 IST" name="verifyUrl" finished-at="2026-03-29T20:13:49 IST" duration-ms="10" status="PASS">
          <reporter-output>
          </reporter-output>
        </test-method> <!-- verifyUrl -->
        <test-method signature="verifyTitle()[pri:2, instance:com.CRM.Tests.HomePageTC@3911c2a7]" started-at="2026-03-29T20:13:49 IST" name="verifyTitle" finished-at="2026-03-29T20:13:49 IST" duration-ms="4" status="PASS">
          <reporter-output>
          </reporter-output>
        </test-method> <!-- verifyTitle -->
        <test-method signature="validateSIgnInLink()[pri:3, instance:com.CRM.Tests.HomePageTC@3911c2a7]" started-at="2026-03-29T20:13:49 IST" name="validateSIgnInLink" finished-at="2026-03-29T20:13:50 IST" duration-ms="671" status="PASS">
          <reporter-output>
          </reporter-output>
        </test-method> <!-- validateSIgnInLink -->
      </class> <!-- com.CRM.Tests.HomePageTC -->
    </test> <!-- HomePageTC -->
    <test started-at="2026-03-29T20:13:50 IST" name="LoginPageTest" finished-at="2026-03-29T20:13:53 IST" duration-ms="3729">
      <class name="com.CRM.Tests.LoginPageTC">
        <test-method is-config="true" signature="setup()[pri:0, instance:com.CRM.Tests.LoginPageTC@62150f9e]" started-at="2026-03-29T20:13:50 IST" name="setup" finished-at="2026-03-29T20:13:51 IST" duration-ms="1780" status="PASS">
          <reporter-output>
          </reporter-output>
        </test-method> <!-- setup -->
        <test-method is-config="true" signature="pageSetup()[pri:0, instance:com.CRM.Tests.LoginPageTC@62150f9e]" started-at="2026-03-29T20:13:51 IST" name="pageSetup" finished-at="2026-03-29T20:13:52 IST" duration-ms="969" status="PASS">
          <reporter-output>
          </reporter-output>
        </test-method> <!-- pageSetup -->
        <test-method signature="validateLogin()[pri:0, instance:com.CRM.Tests.LoginPageTC@62150f9e]" started-at="2026-03-29T20:13:52 IST" name="validateLogin" finished-at="2026-03-29T20:13:53 IST" duration-ms="978" status="PASS">
          <reporter-output>
          </reporter-output>
        </test-method> <!-- validateLogin -->
      </class> <!-- com.CRM.Tests.LoginPageTC -->
    </test> <!-- LoginPageTest -->
  </suite> <!-- Suite -->
</testng-results>
