<?xml version="1.0" encoding="UTF-8"?>
<!-- Generated by org.testng.reporters.JUnitXMLReporter -->
<testsuite ignored="0" hostname="Sourabh" failures="0" tests="3" name="Default test" time="41.485" errors="0" timestamp="2026-04-06T22:30:55 IST">
  <testcase classname="com.Mobile.tests.LaunchApplication" name="checkApplicationState" time="0.131"/>
  <testcase classname="com.Mobile.tests.LaunchApplication" name="sendAppToBackgroundAndCheckState" time="7.718"/>
  <testcase classname="com.Mobile.tests.LaunchApplication" name="uninstallApp" time="0.228"/>
</testsuite> <!-- Default test -->
