<?xml version="1.0" encoding="UTF-8"?>
<!-- Generated by org.testng.reporters.JUnitReportReporter -->
<testsuite hostname="Sourabh" failures="0" tests="3" name="com.blazedemo.tests.HomePageTest" time="6.749" errors="0" timestamp="2026-04-04T11:58:57 IST" skipped="0">
  <testcase classname="com.blazedemo.tests.HomePageTest" name="TC01_verifyHomePageLoaded" time="2.200"/>
  <system-out/>
  <testcase classname="com.blazedemo.tests.HomePageTest" name="TC02_verifyCitiesDropdown" time="2.022"/>
  <system-out/>
  <testcase classname="com.blazedemo.tests.HomePageTest" name="TC03_searchFlights" time="2.527"/>
  <system-out/>
</testsuite> <!-- com.blazedemo.tests.HomePageTest -->
