<?xml version="1.0" encoding="UTF-8"?>
<!-- Generated by org.testng.reporters.JUnitReportReporter -->
<testsuite hostname="Sourabh" failures="0" tests="3" name="com.blazedemo.tests.ReservePageTest" time="10.025" errors="0" timestamp="2026-04-04T11:58:57 IST" skipped="0">
  <testcase classname="com.blazedemo.tests.ReservePageTest" name="TC04_selectFirstFlight" time="3.476"/>
  <system-out/>
  <testcase classname="com.blazedemo.tests.ReservePageTest" name="TC05_selectFlightByIndex" time="3.553"/>
  <system-out/>
  <testcase classname="com.blazedemo.tests.ReservePageTest" name="TC06_selectFlightByAirline" time="2.996"/>
  <system-out/>
</testsuite> <!-- com.blazedemo.tests.ReservePageTest -->
