<?xml version="1.0" encoding="UTF-8"?>
<!-- Generated by org.testng.reporters.JUnitReportReporter -->
<testsuite hostname="Sourabh" failures="0" tests="2" name="com.Telecom.Test.TC02GetUserProfile" time="3.988" errors="0" timestamp="2026-04-04T19:02:13 IST" skipped="0">
  <testcase classname="com.Telecom.Test.TC02GetUserProfile" name="TC01_addUser" time="2.703"/>
  <testcase classname="com.Telecom.Test.TC02GetUserProfile" name="TC02_getUserdetails" time="1.285"/>
</testsuite> <!-- com.Telecom.Test.TC02GetUserProfile -->
