<?xml version="1.0" encoding="UTF-8"?>
<!-- Generated by org.testng.reporters.JUnitReportReporter -->
<testsuite hostname="Sourabh" failures="0" tests="2" name="com.Telecom.Test.TC01AddNewUser" time="3.904" errors="0" timestamp="2026-04-04T22:35:20 IST" skipped="0">
  <testcase classname="com.Telecom.Test.TC01AddNewUser" name="TC01_addUser" time="2.574"/>
  <testcase classname="com.Telecom.Test.TC01AddNewUser" name="TC10_LogOutUser" time="1.330"/>
</testsuite> <!-- com.Telecom.Test.TC01AddNewUser -->
