<?xml version="1.0" encoding="UTF-8"?>
<testng-results ignored="0" total="3" passed="3" failed="0" skipped="0">
  <reporter-output>
  </reporter-output>
  <suite started-at="2026-04-02T09:36:05 IST" name="Suite" finished-at="2026-04-02T09:36:28 IST" duration-ms="23369">
    <groups>
    </groups>
    <test started-at="2026-04-02T09:36:05 IST" name="ChromeTest" finished-at="2026-04-02T09:36:28 IST" duration-ms="22614">
      <class name="com.DockerTests.ParallelTests">
        <test-method signature="setup(java.lang.String)[pri:0, instance:com.DockerTests.ParallelTests@245b4bdc]" started-at="2026-04-02T09:36:05 IST" name="setup" finished-at="2026-04-02T09:36:07 IST" duration-ms="2484" status="PASS">
          <params>
            <param index="0">
              <value>
                <![CDATA[chrome]]>
              </value>
            </param>
          </params>
          <reporter-output>
          </reporter-output>
        </test-method> <!-- setup -->
        <test-method is-config="true" signature="teardown()[pri:0, instance:com.DockerTests.ParallelTests@245b4bdc]" started-at="2026-04-02T09:36:07 IST" name="teardown" finished-at="2026-04-02T09:36:28 IST" duration-ms="20104" status="PASS">
          <reporter-output>
          </reporter-output>
        </test-method> <!-- teardown -->
      </class> <!-- com.DockerTests.ParallelTests -->
    </test> <!-- ChromeTest -->
    <test started-at="2026-04-02T09:36:05 IST" name="MicroSoftEdgeTest" finished-at="2026-04-02T09:36:28 IST" duration-ms="23103">
      <class name="com.DockerTests.ParallelTests">
        <test-method signature="setup(java.lang.String)[pri:0, instance:com.DockerTests.ParallelTests@74235045]" started-at="2026-04-02T09:36:05 IST" name="setup" finished-at="2026-04-02T09:36:08 IST" duration-ms="2995" status="PASS">
          <params>
            <param index="0">
              <value>
                <![CDATA[edge]]>
              </value>
            </param>
          </params>
          <reporter-output>
          </reporter-output>
        </test-method> <!-- setup -->
        <test-method is-config="true" signature="teardown()[pri:0, instance:com.DockerTests.ParallelTests@74235045]" started-at="2026-04-02T09:36:08 IST" name="teardown" finished-at="2026-04-02T09:36:28 IST" duration-ms="20086" status="PASS">
          <reporter-output>
          </reporter-output>
        </test-method> <!-- teardown -->
      </class> <!-- com.DockerTests.ParallelTests -->
    </test> <!-- MicroSoftEdgeTest -->
    <test started-at="2026-04-02T09:36:05 IST" name="FirefoxTest" finished-at="2026-04-02T09:36:28 IST" duration-ms="23369">
      <class name="com.DockerTests.ParallelTests">
        <test-method signature="setup(java.lang.String)[pri:0, instance:com.DockerTests.ParallelTests@5fe94a96]" started-at="2026-04-02T09:36:05 IST" name="setup" finished-at="2026-04-02T09:36:08 IST" duration-ms="2783" status="PASS">
          <params>
            <param index="0">
              <value>
                <![CDATA[firefox]]>
              </value>
            </param>
          </params>
          <reporter-output>
          </reporter-output>
        </test-method> <!-- setup -->
        <test-method is-config="true" signature="teardown()[pri:0, instance:com.DockerTests.ParallelTests@5fe94a96]" started-at="2026-04-02T09:36:08 IST" name="teardown" finished-at="2026-04-02T09:36:28 IST" duration-ms="20563" status="PASS">
          <reporter-output>
          </reporter-output>
        </test-method> <!-- teardown -->
      </class> <!-- com.DockerTests.ParallelTests -->
    </test> <!-- FirefoxTest -->
  </suite> <!-- Suite -->
</testng-results>
