<?xml version="1.0" encoding="UTF-8"?>
<testng-results ignored="2" total="17" passed="15" failed="0" skipped="0">
  <reporter-output>
  </reporter-output>
  <suite started-at="2026-04-04T16:12:16 IST" name="Suite" finished-at="2026-04-04T16:14:13 IST" duration-ms="117064">
    <groups>
      <group name="negative">
        <method signature="CheckoutTests.TC10_checkoutWithoutItems()[pri:0, instance:com.Bstackdemo.tests.CheckoutTests@28701274]" name="TC10_checkoutWithoutItems" class="com.Bstackdemo.tests.CheckoutTests"/>
        <method signature="LoginTests.TC10_checkoutWithoutItems()[pri:0, instance:com.Bstackdemo.tests.LoginTests@682b2fa]" name="TC10_checkoutWithoutItems" class="com.Bstackdemo.tests.LoginTests"/>
      </group> <!-- negative -->
      <group name="search">
        <method signature="CartTests.TC05_searchBox()[pri:0, instance:com.Bstackdemo.tests.CartTests@385c9627]" name="TC05_searchBox" class="com.Bstackdemo.tests.CartTests"/>
        <method signature="LoginTests.TC05_searchBox()[pri:0, instance:com.Bstackdemo.tests.LoginTests@682b2fa]" name="TC05_searchBox" class="com.Bstackdemo.tests.LoginTests"/>
      </group> <!-- search -->
      <group name="functional">
        <method signature="CartTests.TC04_addSingleItem()[pri:0, instance:com.Bstackdemo.tests.CartTests@385c9627]" name="TC04_addSingleItem" class="com.Bstackdemo.tests.CartTests"/>
        <method signature="CartTests.TC05_searchBox()[pri:0, instance:com.Bstackdemo.tests.CartTests@385c9627]" name="TC05_searchBox" class="com.Bstackdemo.tests.CartTests"/>
        <method signature="CartTests.TC06_addMultipleItems()[pri:0, instance:com.Bstackdemo.tests.CartTests@385c9627]" name="TC06_addMultipleItems" class="com.Bstackdemo.tests.CartTests"/>
        <method signature="CartTests.TC07_removeItem()[pri:0, instance:com.Bstackdemo.tests.CartTests@385c9627]" name="TC07_removeItem" class="com.Bstackdemo.tests.CartTests"/>
        <method signature="CartTests.TC08_verifyCartItems()[pri:0, instance:com.Bstackdemo.tests.CartTests@385c9627]" name="TC08_verifyCartItems" class="com.Bstackdemo.tests.CartTests"/>
        <method signature="CheckoutTests.TC09_validCheckout()[pri:0, instance:com.Bstackdemo.tests.CheckoutTests@28701274]" name="TC09_validCheckout" class="com.Bstackdemo.tests.CheckoutTests"/>
        <method signature="LoginTests.TC04_addSingleItem()[pri:0, instance:com.Bstackdemo.tests.LoginTests@682b2fa]" name="TC04_addSingleItem" class="com.Bstackdemo.tests.LoginTests"/>
        <method signature="LoginTests.TC05_searchBox()[pri:0, instance:com.Bstackdemo.tests.LoginTests@682b2fa]" name="TC05_searchBox" class="com.Bstackdemo.tests.LoginTests"/>
        <method signature="LoginTests.TC06_addMultipleItems()[pri:0, instance:com.Bstackdemo.tests.LoginTests@682b2fa]" name="TC06_addMultipleItems" class="com.Bstackdemo.tests.LoginTests"/>
        <method signature="LoginTests.TC07_removeItem()[pri:0, instance:com.Bstackdemo.tests.LoginTests@682b2fa]" name="TC07_removeItem" class="com.Bstackdemo.tests.LoginTests"/>
        <method signature="LoginTests.TC08_validCheckout()[pri:0, instance:com.Bstackdemo.tests.LoginTests@682b2fa]" name="TC08_validCheckout" class="com.Bstackdemo.tests.LoginTests"/>
        <method signature="LoginTests.TC09_verifyCartItems()[pri:0, instance:com.Bstackdemo.tests.LoginTests@682b2fa]" name="TC09_verifyCartItems" class="com.Bstackdemo.tests.LoginTests"/>
      </group> <!-- functional -->
      <group name="regression">
        <method signature="CartTests.TC04_addSingleItem()[pri:0, instance:com.Bstackdemo.tests.CartTests@385c9627]" name="TC04_addSingleItem" class="com.Bstackdemo.tests.CartTests"/>
        <method signature="CartTests.TC05_searchBox()[pri:0, instance:com.Bstackdemo.tests.CartTests@385c9627]" name="TC05_searchBox" class="com.Bstackdemo.tests.CartTests"/>
        <method signature="CartTests.TC06_addMultipleItems()[pri:0, instance:com.Bstackdemo.tests.CartTests@385c9627]" name="TC06_addMultipleItems" class="com.Bstackdemo.tests.CartTests"/>
        <method signature="CartTests.TC08_verifyCartItems()[pri:0, instance:com.Bstackdemo.tests.CartTests@385c9627]" name="TC08_verifyCartItems" class="com.Bstackdemo.tests.CartTests"/>
        <method signature="LoginTests.TC01_validLogin()[pri:0, instance:com.Bstackdemo.tests.LoginTests@682b2fa]" name="TC01_validLogin" class="com.Bstackdemo.tests.LoginTests"/>
        <method signature="LoginTests.TC04_addSingleItem()[pri:0, instance:com.Bstackdemo.tests.LoginTests@682b2fa]" name="TC04_addSingleItem" class="com.Bstackdemo.tests.LoginTests"/>
        <method signature="LoginTests.TC05_searchBox()[pri:0, instance:com.Bstackdemo.tests.LoginTests@682b2fa]" name="TC05_searchBox" class="com.Bstackdemo.tests.LoginTests"/>
        <method signature="LoginTests.TC06_addMultipleItems()[pri:0, instance:com.Bstackdemo.tests.LoginTests@682b2fa]" name="TC06_addMultipleItems" class="com.Bstackdemo.tests.LoginTests"/>
        <method signature="LoginTests.TC09_verifyCartItems()[pri:0, instance:com.Bstackdemo.tests.LoginTests@682b2fa]" name="TC09_verifyCartItems" class="com.Bstackdemo.tests.LoginTests"/>
      </group> <!-- regression -->
      <group name="smoke">
        <method signature="LoginTests.TC01_validLogin()[pri:0, instance:com.Bstackdemo.tests.LoginTests@682b2fa]" name="TC01_validLogin" class="com.Bstackdemo.tests.LoginTests"/>
      </group> <!-- smoke -->
      <group name="login">
        <method signature="LoginTests.TC01_validLogin()[pri:0, instance:com.Bstackdemo.tests.LoginTests@682b2fa]" name="TC01_validLogin" class="com.Bstackdemo.tests.LoginTests"/>
      </group> <!-- login -->
      <group name="cart">
        <method signature="CartTests.TC04_addSingleItem()[pri:0, instance:com.Bstackdemo.tests.CartTests@385c9627]" name="TC04_addSingleItem" class="com.Bstackdemo.tests.CartTests"/>
        <method signature="CartTests.TC06_addMultipleItems()[pri:0, instance:com.Bstackdemo.tests.CartTests@385c9627]" name="TC06_addMultipleItems" class="com.Bstackdemo.tests.CartTests"/>
        <method signature="LoginTests.TC04_addSingleItem()[pri:0, instance:com.Bstackdemo.tests.LoginTests@682b2fa]" name="TC04_addSingleItem" class="com.Bstackdemo.tests.LoginTests"/>
        <method signature="LoginTests.TC06_addMultipleItems()[pri:0, instance:com.Bstackdemo.tests.LoginTests@682b2fa]" name="TC06_addMultipleItems" class="com.Bstackdemo.tests.LoginTests"/>
      </group> <!-- cart -->
    </groups>
    <test started-at="2026-04-04T16:12:16 IST" name="BstackDemo" finished-at="2026-04-04T16:14:13 IST" duration-ms="117064">
      <class name="com.Bstackdemo.tests.LoginTests">
        <test-method is-config="true" signature="setup(org.testng.ITestContext)[pri:0, instance:com.Bstackdemo.tests.LoginTests@682b2fa]" started-at="2026-04-04T16:13:09 IST" name="setup" finished-at="2026-04-04T16:13:13 IST" duration-ms="4251" status="PASS">
          <params>
            <param index="0">
              <value>
                <![CDATA[org.testng.TestRunner@4537880f]]>
              </value>
            </param>
          </params>
          <reporter-output>
          </reporter-output>
        </test-method> <!-- setup -->
        <test-method signature="TC01_validLogin()[pri:0, instance:com.Bstackdemo.tests.LoginTests@682b2fa]" started-at="2026-04-04T16:13:13 IST" name="TC01_validLogin" finished-at="2026-04-04T16:13:14 IST" duration-ms="739" status="PASS">
          <reporter-output>
          </reporter-output>
        </test-method> <!-- TC01_validLogin -->
        <test-method is-config="true" signature="teardown()[pri:0, instance:com.Bstackdemo.tests.LoginTests@682b2fa]" started-at="2026-04-04T16:13:14 IST" name="teardown" finished-at="2026-04-04T16:13:14 IST" duration-ms="123" status="PASS">
          <reporter-output>
          </reporter-output>
        </test-method> <!-- teardown -->
        <test-method is-config="true" signature="setup(org.testng.ITestContext)[pri:0, instance:com.Bstackdemo.tests.LoginTests@682b2fa]" started-at="2026-04-04T16:13:14 IST" name="setup" finished-at="2026-04-04T16:13:20 IST" duration-ms="5618" status="PASS">
          <params>
            <param index="0">
              <value>
                <![CDATA[org.testng.TestRunner@4537880f]]>
              </value>
            </param>
          </params>
          <reporter-output>
          </reporter-output>
        </test-method> <!-- setup -->
        <test-method signature="TC04_addSingleItem()[pri:0, instance:com.Bstackdemo.tests.LoginTests@682b2fa]" started-at="2026-04-04T16:13:20 IST" name="TC04_addSingleItem" finished-at="2026-04-04T16:13:21 IST" duration-ms="1322" status="PASS">
          <reporter-output>
          </reporter-output>
        </test-method> <!-- TC04_addSingleItem -->
        <test-method is-config="true" signature="teardown()[pri:0, instance:com.Bstackdemo.tests.LoginTests@682b2fa]" started-at="2026-04-04T16:13:21 IST" name="teardown" finished-at="2026-04-04T16:13:21 IST" duration-ms="139" status="PASS">
          <reporter-output>
          </reporter-output>
        </test-method> <!-- teardown -->
        <test-method is-config="true" signature="setup(org.testng.ITestContext)[pri:0, instance:com.Bstackdemo.tests.LoginTests@682b2fa]" started-at="2026-04-04T16:13:21 IST" name="setup" finished-at="2026-04-04T16:13:27 IST" duration-ms="5346" status="PASS">
          <params>
            <param index="0">
              <value>
                <![CDATA[org.testng.TestRunner@4537880f]]>
              </value>
            </param>
          </params>
          <reporter-output>
          </reporter-output>
        </test-method> <!-- setup -->
        <test-method signature="TC05_searchBox()[pri:0, instance:com.Bstackdemo.tests.LoginTests@682b2fa]" started-at="2026-04-04T16:13:27 IST" name="TC05_searchBox" finished-at="2026-04-04T16:13:28 IST" duration-ms="964" status="PASS">
          <reporter-output>
          </reporter-output>
        </test-method> <!-- TC05_searchBox -->
        <test-method is-config="true" signature="teardown()[pri:0, instance:com.Bstackdemo.tests.LoginTests@682b2fa]" started-at="2026-04-04T16:13:28 IST" name="teardown" finished-at="2026-04-04T16:13:28 IST" duration-ms="89" status="PASS">
          <reporter-output>
          </reporter-output>
        </test-method> <!-- teardown -->
        <test-method is-config="true" signature="setup(org.testng.ITestContext)[pri:0, instance:com.Bstackdemo.tests.LoginTests@682b2fa]" started-at="2026-04-04T16:13:28 IST" name="setup" finished-at="2026-04-04T16:13:33 IST" duration-ms="5203" status="PASS">
          <params>
            <param index="0">
              <value>
                <![CDATA[org.testng.TestRunner@4537880f]]>
              </value>
            </param>
          </params>
          <reporter-output>
          </reporter-output>
        </test-method> <!-- setup -->
        <test-method signature="TC06_addMultipleItems()[pri:0, instance:com.Bstackdemo.tests.LoginTests@682b2fa]" started-at="2026-04-04T16:13:33 IST" name="TC06_addMultipleItems" finished-at="2026-04-04T16:13:34 IST" duration-ms="1352" status="PASS">
          <reporter-output>
          </reporter-output>
        </test-method> <!-- TC06_addMultipleItems -->
        <test-method is-config="true" signature="teardown()[pri:0, instance:com.Bstackdemo.tests.LoginTests@682b2fa]" started-at="2026-04-04T16:13:34 IST" name="teardown" finished-at="2026-04-04T16:13:35 IST" duration-ms="158" status="PASS">
          <reporter-output>
          </reporter-output>
        </test-method> <!-- teardown -->
        <test-method is-config="true" signature="setup(org.testng.ITestContext)[pri:0, instance:com.Bstackdemo.tests.LoginTests@682b2fa]" started-at="2026-04-04T16:13:35 IST" name="setup" finished-at="2026-04-04T16:13:40 IST" duration-ms="5335" status="PASS">
          <params>
            <param index="0">
              <value>
                <![CDATA[org.testng.TestRunner@4537880f]]>
              </value>
            </param>
          </params>
          <reporter-output>
          </reporter-output>
        </test-method> <!-- setup -->
        <test-method signature="TC07_removeItem()[pri:0, instance:com.Bstackdemo.tests.LoginTests@682b2fa]" started-at="2026-04-04T16:13:40 IST" name="TC07_removeItem" finished-at="2026-04-04T16:13:51 IST" duration-ms="11315" status="PASS">
          <reporter-output>
          </reporter-output>
        </test-method> <!-- TC07_removeItem -->
        <test-method is-config="true" signature="teardown()[pri:0, instance:com.Bstackdemo.tests.LoginTests@682b2fa]" started-at="2026-04-04T16:13:51 IST" name="teardown" finished-at="2026-04-04T16:13:51 IST" duration-ms="168" status="PASS">
          <reporter-output>
          </reporter-output>
        </test-method> <!-- teardown -->
        <test-method is-config="true" signature="setup(org.testng.ITestContext)[pri:0, instance:com.Bstackdemo.tests.LoginTests@682b2fa]" started-at="2026-04-04T16:13:51 IST" name="setup" finished-at="2026-04-04T16:13:57 IST" duration-ms="5363" status="PASS">
          <params>
            <param index="0">
              <value>
                <![CDATA[org.testng.TestRunner@4537880f]]>
              </value>
            </param>
          </params>
          <reporter-output>
          </reporter-output>
        </test-method> <!-- setup -->
        <test-method signature="TC08_validCheckout()[pri:0, instance:com.Bstackdemo.tests.LoginTests@682b2fa]" started-at="2026-04-04T16:13:57 IST" name="TC08_validCheckout" finished-at="2026-04-04T16:13:59 IST" duration-ms="2085" status="PASS">
          <reporter-output>
          </reporter-output>
        </test-method> <!-- TC08_validCheckout -->
        <test-method is-config="true" signature="teardown()[pri:0, instance:com.Bstackdemo.tests.LoginTests@682b2fa]" started-at="2026-04-04T16:13:59 IST" name="teardown" finished-at="2026-04-04T16:13:59 IST" duration-ms="123" status="PASS">
          <reporter-output>
          </reporter-output>
        </test-method> <!-- teardown -->
        <test-method is-config="true" signature="setup(org.testng.ITestContext)[pri:0, instance:com.Bstackdemo.tests.LoginTests@682b2fa]" started-at="2026-04-04T16:13:59 IST" name="setup" finished-at="2026-04-04T16:14:04 IST" duration-ms="4923" status="PASS">
          <params>
            <param index="0">
              <value>
                <![CDATA[org.testng.TestRunner@4537880f]]>
              </value>
            </param>
          </params>
          <reporter-output>
          </reporter-output>
        </test-method> <!-- setup -->
        <test-method signature="TC09_verifyCartItems()[pri:0, instance:com.Bstackdemo.tests.LoginTests@682b2fa]" started-at="2026-04-04T16:14:04 IST" name="TC09_verifyCartItems" finished-at="2026-04-04T16:14:05 IST" duration-ms="732" status="PASS">
          <reporter-output>
          </reporter-output>
        </test-method> <!-- TC09_verifyCartItems -->
        <test-method is-config="true" signature="teardown()[pri:0, instance:com.Bstackdemo.tests.LoginTests@682b2fa]" started-at="2026-04-04T16:14:05 IST" name="teardown" finished-at="2026-04-04T16:14:05 IST" duration-ms="76" status="PASS">
          <reporter-output>
          </reporter-output>
        </test-method> <!-- teardown -->
        <test-method is-config="true" signature="setup(org.testng.ITestContext)[pri:0, instance:com.Bstackdemo.tests.LoginTests@682b2fa]" started-at="2026-04-04T16:14:05 IST" name="setup" finished-at="2026-04-04T16:14:11 IST" duration-ms="6818" status="PASS">
          <params>
            <param index="0">
              <value>
                <![CDATA[org.testng.TestRunner@4537880f]]>
              </value>
            </param>
          </params>
          <reporter-output>
          </reporter-output>
        </test-method> <!-- setup -->
        <test-method signature="TC10_checkoutWithoutItems()[pri:0, instance:com.Bstackdemo.tests.LoginTests@682b2fa]" started-at="2026-04-04T16:14:11 IST" name="TC10_checkoutWithoutItems" finished-at="2026-04-04T16:14:13 IST" duration-ms="1234" status="PASS">
          <reporter-output>
          </reporter-output>
        </test-method> <!-- TC10_checkoutWithoutItems -->
        <test-method is-config="true" signature="teardown()[pri:0, instance:com.Bstackdemo.tests.LoginTests@682b2fa]" started-at="2026-04-04T16:14:13 IST" name="teardown" finished-at="2026-04-04T16:14:13 IST" duration-ms="122" status="PASS">
          <reporter-output>
          </reporter-output>
        </test-method> <!-- teardown -->
      </class> <!-- com.Bstackdemo.tests.LoginTests -->
      <class name="com.Bstackdemo.tests.CartTests">
        <test-method is-config="true" signature="setup(org.testng.ITestContext)[pri:0, instance:com.Bstackdemo.tests.CartTests@385c9627]" started-at="2026-04-04T16:12:29 IST" name="setup" finished-at="2026-04-04T16:12:35 IST" duration-ms="5374" status="PASS">
          <params>
            <param index="0">
              <value>
                <![CDATA[org.testng.TestRunner@4537880f]]>
              </value>
            </param>
          </params>
          <reporter-output>
          </reporter-output>
        </test-method> <!-- setup -->
        <test-method signature="TC04_addSingleItem()[pri:0, instance:com.Bstackdemo.tests.CartTests@385c9627]" started-at="2026-04-04T16:12:35 IST" name="TC04_addSingleItem" finished-at="2026-04-04T16:12:36 IST" duration-ms="1288" status="PASS">
          <reporter-output>
          </reporter-output>
        </test-method> <!-- TC04_addSingleItem -->
        <test-method is-config="true" signature="teardown()[pri:0, instance:com.Bstackdemo.tests.CartTests@385c9627]" started-at="2026-04-04T16:12:36 IST" name="teardown" finished-at="2026-04-04T16:12:36 IST" duration-ms="97" status="PASS">
          <reporter-output>
          </reporter-output>
        </test-method> <!-- teardown -->
        <test-method is-config="true" signature="setup(org.testng.ITestContext)[pri:0, instance:com.Bstackdemo.tests.CartTests@385c9627]" started-at="2026-04-04T16:12:36 IST" name="setup" finished-at="2026-04-04T16:12:39 IST" duration-ms="3068" status="PASS">
          <params>
            <param index="0">
              <value>
                <![CDATA[org.testng.TestRunner@4537880f]]>
              </value>
            </param>
          </params>
          <reporter-output>
          </reporter-output>
        </test-method> <!-- setup -->
        <test-method signature="TC05_searchBox()[pri:0, instance:com.Bstackdemo.tests.CartTests@385c9627]" started-at="2026-04-04T16:12:39 IST" name="TC05_searchBox" finished-at="2026-04-04T16:12:40 IST" duration-ms="893" status="PASS">
          <reporter-output>
          </reporter-output>
        </test-method> <!-- TC05_searchBox -->
        <test-method is-config="true" signature="teardown()[pri:0, instance:com.Bstackdemo.tests.CartTests@385c9627]" started-at="2026-04-04T16:12:40 IST" name="teardown" finished-at="2026-04-04T16:12:40 IST" duration-ms="89" status="PASS">
          <reporter-output>
          </reporter-output>
        </test-method> <!-- teardown -->
        <test-method is-config="true" signature="setup(org.testng.ITestContext)[pri:0, instance:com.Bstackdemo.tests.CartTests@385c9627]" started-at="2026-04-04T16:12:40 IST" name="setup" finished-at="2026-04-04T16:12:45 IST" duration-ms="5128" status="PASS">
          <params>
            <param index="0">
              <value>
                <![CDATA[org.testng.TestRunner@4537880f]]>
              </value>
            </param>
          </params>
          <reporter-output>
          </reporter-output>
        </test-method> <!-- setup -->
        <test-method signature="TC06_addMultipleItems()[pri:0, instance:com.Bstackdemo.tests.CartTests@385c9627]" started-at="2026-04-04T16:12:45 IST" name="TC06_addMultipleItems" finished-at="2026-04-04T16:12:47 IST" duration-ms="1351" status="PASS">
          <reporter-output>
          </reporter-output>
        </test-method> <!-- TC06_addMultipleItems -->
        <test-method is-config="true" signature="teardown()[pri:0, instance:com.Bstackdemo.tests.CartTests@385c9627]" started-at="2026-04-04T16:12:47 IST" name="teardown" finished-at="2026-04-04T16:12:47 IST" duration-ms="161" status="PASS">
          <reporter-output>
          </reporter-output>
        </test-method> <!-- teardown -->
        <test-method is-config="true" signature="setup(org.testng.ITestContext)[pri:0, instance:com.Bstackdemo.tests.CartTests@385c9627]" started-at="2026-04-04T16:12:47 IST" name="setup" finished-at="2026-04-04T16:12:52 IST" duration-ms="4783" status="PASS">
          <params>
            <param index="0">
              <value>
                <![CDATA[org.testng.TestRunner@4537880f]]>
              </value>
            </param>
          </params>
          <reporter-output>
          </reporter-output>
        </test-method> <!-- setup -->
        <test-method signature="TC07_removeItem()[pri:0, instance:com.Bstackdemo.tests.CartTests@385c9627]" started-at="2026-04-04T16:12:52 IST" name="TC07_removeItem" finished-at="2026-04-04T16:13:03 IST" duration-ms="11334" status="PASS">
          <reporter-output>
          </reporter-output>
        </test-method> <!-- TC07_removeItem -->
        <test-method is-config="true" signature="teardown()[pri:0, instance:com.Bstackdemo.tests.CartTests@385c9627]" started-at="2026-04-04T16:13:03 IST" name="teardown" finished-at="2026-04-04T16:13:03 IST" duration-ms="130" status="PASS">
          <reporter-output>
          </reporter-output>
        </test-method> <!-- teardown -->
        <test-method is-config="true" signature="setup(org.testng.ITestContext)[pri:0, instance:com.Bstackdemo.tests.CartTests@385c9627]" started-at="2026-04-04T16:13:03 IST" name="setup" finished-at="2026-04-04T16:13:08 IST" duration-ms="4910" status="PASS">
          <params>
            <param index="0">
              <value>
                <![CDATA[org.testng.TestRunner@4537880f]]>
              </value>
            </param>
          </params>
          <reporter-output>
          </reporter-output>
        </test-method> <!-- setup -->
        <test-method signature="TC08_verifyCartItems()[pri:0, instance:com.Bstackdemo.tests.CartTests@385c9627]" started-at="2026-04-04T16:13:08 IST" name="TC08_verifyCartItems" finished-at="2026-04-04T16:13:09 IST" duration-ms="977" status="PASS">
          <reporter-output>
          </reporter-output>
        </test-method> <!-- TC08_verifyCartItems -->
        <test-method is-config="true" signature="teardown()[pri:0, instance:com.Bstackdemo.tests.CartTests@385c9627]" started-at="2026-04-04T16:13:09 IST" name="teardown" finished-at="2026-04-04T16:13:09 IST" duration-ms="127" status="PASS">
          <reporter-output>
          </reporter-output>
        </test-method> <!-- teardown -->
      </class> <!-- com.Bstackdemo.tests.CartTests -->
      <class name="com.Bstackdemo.tests.CheckoutTests">
        <test-method is-config="true" signature="setup(org.testng.ITestContext)[pri:0, instance:com.Bstackdemo.tests.CheckoutTests@28701274]" started-at="2026-04-04T16:12:16 IST" name="setup" finished-at="2026-04-04T16:12:23 IST" duration-ms="7279" status="PASS">
          <params>
            <param index="0">
              <value>
                <![CDATA[org.testng.TestRunner@4537880f]]>
              </value>
            </param>
          </params>
          <reporter-output>
          </reporter-output>
        </test-method> <!-- setup -->
        <test-method signature="TC09_validCheckout()[pri:0, instance:com.Bstackdemo.tests.CheckoutTests@28701274]" started-at="2026-04-04T16:12:23 IST" name="TC09_validCheckout" finished-at="2026-04-04T16:12:25 IST" duration-ms="1790" status="PASS">
          <reporter-output>
          </reporter-output>
        </test-method> <!-- TC09_validCheckout -->
        <test-method is-config="true" signature="teardown()[pri:0, instance:com.Bstackdemo.tests.CheckoutTests@28701274]" started-at="2026-04-04T16:12:25 IST" name="teardown" finished-at="2026-04-04T16:12:25 IST" duration-ms="110" status="PASS">
          <reporter-output>
          </reporter-output>
        </test-method> <!-- teardown -->
        <test-method is-config="true" signature="setup(org.testng.ITestContext)[pri:0, instance:com.Bstackdemo.tests.CheckoutTests@28701274]" started-at="2026-04-04T16:12:25 IST" name="setup" finished-at="2026-04-04T16:12:28 IST" duration-ms="3102" status="PASS">
          <params>
            <param index="0">
              <value>
                <![CDATA[org.testng.TestRunner@4537880f]]>
              </value>
            </param>
          </params>
          <reporter-output>
          </reporter-output>
        </test-method> <!-- setup -->
        <test-method signature="TC10_checkoutWithoutItems()[pri:0, instance:com.Bstackdemo.tests.CheckoutTests@28701274]" started-at="2026-04-04T16:12:28 IST" name="TC10_checkoutWithoutItems" finished-at="2026-04-04T16:12:29 IST" duration-ms="1317" status="PASS">
          <reporter-output>
          </reporter-output>
        </test-method> <!-- TC10_checkoutWithoutItems -->
        <test-method is-config="true" signature="teardown()[pri:0, instance:com.Bstackdemo.tests.CheckoutTests@28701274]" started-at="2026-04-04T16:12:29 IST" name="teardown" finished-at="2026-04-04T16:12:29 IST" duration-ms="96" status="PASS">
          <reporter-output>
          </reporter-output>
        </test-method> <!-- teardown -->
      </class> <!-- com.Bstackdemo.tests.CheckoutTests -->
    </test> <!-- BstackDemo -->
  </suite> <!-- Suite -->
</testng-results>
