<?xml version="1.0" encoding="UTF-8"?>
<testng-results ignored="2" total="17" passed="15" failed="0" skipped="0">
  <reporter-output>
  </reporter-output>
  <suite started-at="2026-04-04T13:52:57 IST" name="BstackDemo Suite" finished-at="2026-04-04T13:54:38 IST" duration-ms="100872">
    <groups>
      <group name="negative">
        <method signature="CheckoutTests.TC10_checkoutWithoutItems()[pri:0, instance:com.Bstackdemo.tests.CheckoutTests@175c2241]" name="TC10_checkoutWithoutItems" class="com.Bstackdemo.tests.CheckoutTests"/>
        <method signature="LoginTests.TC10_checkoutWithoutItems()[pri:0, instance:com.Bstackdemo.tests.LoginTests@662ac478]" name="TC10_checkoutWithoutItems" class="com.Bstackdemo.tests.LoginTests"/>
      </group> <!-- negative -->
      <group name="search">
        <method signature="CartTests.TC05_searchBox()[pri:0, instance:com.Bstackdemo.tests.CartTests@229f66ed]" name="TC05_searchBox" class="com.Bstackdemo.tests.CartTests"/>
        <method signature="LoginTests.TC05_searchBox()[pri:0, instance:com.Bstackdemo.tests.LoginTests@662ac478]" name="TC05_searchBox" class="com.Bstackdemo.tests.LoginTests"/>
      </group> <!-- search -->
      <group name="functional">
        <method signature="CartTests.TC04_addSingleItem()[pri:0, instance:com.Bstackdemo.tests.CartTests@229f66ed]" name="TC04_addSingleItem" class="com.Bstackdemo.tests.CartTests"/>
        <method signature="CartTests.TC05_searchBox()[pri:0, instance:com.Bstackdemo.tests.CartTests@229f66ed]" name="TC05_searchBox" class="com.Bstackdemo.tests.CartTests"/>
        <method signature="CartTests.TC06_addMultipleItems()[pri:0, instance:com.Bstackdemo.tests.CartTests@229f66ed]" name="TC06_addMultipleItems" class="com.Bstackdemo.tests.CartTests"/>
        <method signature="CartTests.TC07_removeItem()[pri:0, instance:com.Bstackdemo.tests.CartTests@229f66ed]" name="TC07_removeItem" class="com.Bstackdemo.tests.CartTests"/>
        <method signature="CartTests.TC08_verifyCartItems()[pri:0, instance:com.Bstackdemo.tests.CartTests@229f66ed]" name="TC08_verifyCartItems" class="com.Bstackdemo.tests.CartTests"/>
        <method signature="CheckoutTests.TC09_validCheckout()[pri:0, instance:com.Bstackdemo.tests.CheckoutTests@175c2241]" name="TC09_validCheckout" class="com.Bstackdemo.tests.CheckoutTests"/>
        <method signature="LoginTests.TC04_addSingleItem()[pri:0, instance:com.Bstackdemo.tests.LoginTests@662ac478]" name="TC04_addSingleItem" class="com.Bstackdemo.tests.LoginTests"/>
        <method signature="LoginTests.TC05_searchBox()[pri:0, instance:com.Bstackdemo.tests.LoginTests@662ac478]" name="TC05_searchBox" class="com.Bstackdemo.tests.LoginTests"/>
        <method signature="LoginTests.TC06_addMultipleItems()[pri:0, instance:com.Bstackdemo.tests.LoginTests@662ac478]" name="TC06_addMultipleItems" class="com.Bstackdemo.tests.LoginTests"/>
        <method signature="LoginTests.TC07_removeItem()[pri:0, instance:com.Bstackdemo.tests.LoginTests@662ac478]" name="TC07_removeItem" class="com.Bstackdemo.tests.LoginTests"/>
        <method signature="LoginTests.TC08_validCheckout()[pri:0, instance:com.Bstackdemo.tests.LoginTests@662ac478]" name="TC08_validCheckout" class="com.Bstackdemo.tests.LoginTests"/>
        <method signature="LoginTests.TC09_verifyCartItems()[pri:0, instance:com.Bstackdemo.tests.LoginTests@662ac478]" name="TC09_verifyCartItems" class="com.Bstackdemo.tests.LoginTests"/>
      </group> <!-- functional -->
      <group name="regression">
        <method signature="CartTests.TC04_addSingleItem()[pri:0, instance:com.Bstackdemo.tests.CartTests@229f66ed]" name="TC04_addSingleItem" class="com.Bstackdemo.tests.CartTests"/>
        <method signature="CartTests.TC05_searchBox()[pri:0, instance:com.Bstackdemo.tests.CartTests@229f66ed]" name="TC05_searchBox" class="com.Bstackdemo.tests.CartTests"/>
        <method signature="CartTests.TC06_addMultipleItems()[pri:0, instance:com.Bstackdemo.tests.CartTests@229f66ed]" name="TC06_addMultipleItems" class="com.Bstackdemo.tests.CartTests"/>
        <method signature="CartTests.TC08_verifyCartItems()[pri:0, instance:com.Bstackdemo.tests.CartTests@229f66ed]" name="TC08_verifyCartItems" class="com.Bstackdemo.tests.CartTests"/>
        <method signature="LoginTests.TC01_validLogin()[pri:0, instance:com.Bstackdemo.tests.LoginTests@662ac478]" name="TC01_validLogin" class="com.Bstackdemo.tests.LoginTests"/>
        <method signature="LoginTests.TC04_addSingleItem()[pri:0, instance:com.Bstackdemo.tests.LoginTests@662ac478]" name="TC04_addSingleItem" class="com.Bstackdemo.tests.LoginTests"/>
        <method signature="LoginTests.TC05_searchBox()[pri:0, instance:com.Bstackdemo.tests.LoginTests@662ac478]" name="TC05_searchBox" class="com.Bstackdemo.tests.LoginTests"/>
        <method signature="LoginTests.TC06_addMultipleItems()[pri:0, instance:com.Bstackdemo.tests.LoginTests@662ac478]" name="TC06_addMultipleItems" class="com.Bstackdemo.tests.LoginTests"/>
        <method signature="LoginTests.TC09_verifyCartItems()[pri:0, instance:com.Bstackdemo.tests.LoginTests@662ac478]" name="TC09_verifyCartItems" class="com.Bstackdemo.tests.LoginTests"/>
      </group> <!-- regression -->
      <group name="smoke">
        <method signature="LoginTests.TC01_validLogin()[pri:0, instance:com.Bstackdemo.tests.LoginTests@662ac478]" name="TC01_validLogin" class="com.Bstackdemo.tests.LoginTests"/>
      </group> <!-- smoke -->
      <group name="login">
        <method signature="LoginTests.TC01_validLogin()[pri:0, instance:com.Bstackdemo.tests.LoginTests@662ac478]" name="TC01_validLogin" class="com.Bstackdemo.tests.LoginTests"/>
      </group> <!-- login -->
      <group name="cart">
        <method signature="CartTests.TC04_addSingleItem()[pri:0, instance:com.Bstackdemo.tests.CartTests@229f66ed]" name="TC04_addSingleItem" class="com.Bstackdemo.tests.CartTests"/>
        <method signature="CartTests.TC06_addMultipleItems()[pri:0, instance:com.Bstackdemo.tests.CartTests@229f66ed]" name="TC06_addMultipleItems" class="com.Bstackdemo.tests.CartTests"/>
        <method signature="LoginTests.TC04_addSingleItem()[pri:0, instance:com.Bstackdemo.tests.LoginTests@662ac478]" name="TC04_addSingleItem" class="com.Bstackdemo.tests.LoginTests"/>
        <method signature="LoginTests.TC06_addMultipleItems()[pri:0, instance:com.Bstackdemo.tests.LoginTests@662ac478]" name="TC06_addMultipleItems" class="com.Bstackdemo.tests.LoginTests"/>
      </group> <!-- cart -->
    </groups>
    <test started-at="2026-04-04T13:52:57 IST" name="Test" finished-at="2026-04-04T13:54:38 IST" duration-ms="100872">
      <class name="com.Bstackdemo.tests.LoginTests">
        <test-method is-config="true" signature="setup(org.testng.ITestContext)[pri:0, instance:com.Bstackdemo.tests.LoginTests@662ac478]" started-at="2026-04-04T13:53:47 IST" name="setup" finished-at="2026-04-04T13:53:50 IST" duration-ms="3057" status="PASS">
          <params>
            <param index="0">
              <value>
                <![CDATA[org.testng.TestRunner@14292d71]]>
              </value>
            </param>
          </params>
          <reporter-output>
          </reporter-output>
        </test-method> <!-- setup -->
        <test-method signature="TC01_validLogin()[pri:0, instance:com.Bstackdemo.tests.LoginTests@662ac478]" started-at="2026-04-04T13:53:50 IST" name="TC01_validLogin" finished-at="2026-04-04T13:53:51 IST" duration-ms="705" status="PASS">
          <reporter-output>
          </reporter-output>
        </test-method> <!-- TC01_validLogin -->
        <test-method is-config="true" signature="teardown()[pri:0, instance:com.Bstackdemo.tests.LoginTests@662ac478]" started-at="2026-04-04T13:53:51 IST" name="teardown" finished-at="2026-04-04T13:53:51 IST" duration-ms="82" status="PASS">
          <reporter-output>
          </reporter-output>
        </test-method> <!-- teardown -->
        <test-method is-config="true" signature="setup(org.testng.ITestContext)[pri:0, instance:com.Bstackdemo.tests.LoginTests@662ac478]" started-at="2026-04-04T13:53:51 IST" name="setup" finished-at="2026-04-04T13:53:54 IST" duration-ms="2917" status="PASS">
          <params>
            <param index="0">
              <value>
                <![CDATA[org.testng.TestRunner@14292d71]]>
              </value>
            </param>
          </params>
          <reporter-output>
          </reporter-output>
        </test-method> <!-- setup -->
        <test-method signature="TC04_addSingleItem()[pri:0, instance:com.Bstackdemo.tests.LoginTests@662ac478]" started-at="2026-04-04T13:53:54 IST" name="TC04_addSingleItem" finished-at="2026-04-04T13:53:56 IST" duration-ms="1934" status="PASS">
          <reporter-output>
          </reporter-output>
        </test-method> <!-- TC04_addSingleItem -->
        <test-method is-config="true" signature="teardown()[pri:0, instance:com.Bstackdemo.tests.LoginTests@662ac478]" started-at="2026-04-04T13:53:56 IST" name="teardown" finished-at="2026-04-04T13:53:56 IST" duration-ms="111" status="PASS">
          <reporter-output>
          </reporter-output>
        </test-method> <!-- teardown -->
        <test-method is-config="true" signature="setup(org.testng.ITestContext)[pri:0, instance:com.Bstackdemo.tests.LoginTests@662ac478]" started-at="2026-04-04T13:53:56 IST" name="setup" finished-at="2026-04-04T13:53:59 IST" duration-ms="2944" status="PASS">
          <params>
            <param index="0">
              <value>
                <![CDATA[org.testng.TestRunner@14292d71]]>
              </value>
            </param>
          </params>
          <reporter-output>
          </reporter-output>
        </test-method> <!-- setup -->
        <test-method signature="TC05_searchBox()[pri:0, instance:com.Bstackdemo.tests.LoginTests@662ac478]" started-at="2026-04-04T13:53:59 IST" name="TC05_searchBox" finished-at="2026-04-04T13:53:59 IST" duration-ms="905" status="PASS">
          <reporter-output>
          </reporter-output>
        </test-method> <!-- TC05_searchBox -->
        <test-method is-config="true" signature="teardown()[pri:0, instance:com.Bstackdemo.tests.LoginTests@662ac478]" started-at="2026-04-04T13:53:59 IST" name="teardown" finished-at="2026-04-04T13:54:00 IST" duration-ms="84" status="PASS">
          <reporter-output>
          </reporter-output>
        </test-method> <!-- teardown -->
        <test-method is-config="true" signature="setup(org.testng.ITestContext)[pri:0, instance:com.Bstackdemo.tests.LoginTests@662ac478]" started-at="2026-04-04T13:54:00 IST" name="setup" finished-at="2026-04-04T13:54:03 IST" duration-ms="3271" status="PASS">
          <params>
            <param index="0">
              <value>
                <![CDATA[org.testng.TestRunner@14292d71]]>
              </value>
            </param>
          </params>
          <reporter-output>
          </reporter-output>
        </test-method> <!-- setup -->
        <test-method signature="TC06_addMultipleItems()[pri:0, instance:com.Bstackdemo.tests.LoginTests@662ac478]" started-at="2026-04-04T13:54:03 IST" name="TC06_addMultipleItems" finished-at="2026-04-04T13:54:04 IST" duration-ms="1340" status="PASS">
          <reporter-output>
          </reporter-output>
        </test-method> <!-- TC06_addMultipleItems -->
        <test-method is-config="true" signature="teardown()[pri:0, instance:com.Bstackdemo.tests.LoginTests@662ac478]" started-at="2026-04-04T13:54:04 IST" name="teardown" finished-at="2026-04-04T13:54:04 IST" duration-ms="109" status="PASS">
          <reporter-output>
          </reporter-output>
        </test-method> <!-- teardown -->
        <test-method is-config="true" signature="setup(org.testng.ITestContext)[pri:0, instance:com.Bstackdemo.tests.LoginTests@662ac478]" started-at="2026-04-04T13:54:04 IST" name="setup" finished-at="2026-04-04T13:54:07 IST" duration-ms="3104" status="PASS">
          <params>
            <param index="0">
              <value>
                <![CDATA[org.testng.TestRunner@14292d71]]>
              </value>
            </param>
          </params>
          <reporter-output>
          </reporter-output>
        </test-method> <!-- setup -->
        <test-method signature="TC07_removeItem()[pri:0, instance:com.Bstackdemo.tests.LoginTests@662ac478]" started-at="2026-04-04T13:54:07 IST" name="TC07_removeItem" finished-at="2026-04-04T13:54:19 IST" duration-ms="11295" status="PASS">
          <reporter-output>
          </reporter-output>
        </test-method> <!-- TC07_removeItem -->
        <test-method is-config="true" signature="teardown()[pri:0, instance:com.Bstackdemo.tests.LoginTests@662ac478]" started-at="2026-04-04T13:54:19 IST" name="teardown" finished-at="2026-04-04T13:54:19 IST" duration-ms="95" status="PASS">
          <reporter-output>
          </reporter-output>
        </test-method> <!-- teardown -->
        <test-method is-config="true" signature="setup(org.testng.ITestContext)[pri:0, instance:com.Bstackdemo.tests.LoginTests@662ac478]" started-at="2026-04-04T13:54:19 IST" name="setup" finished-at="2026-04-04T13:54:27 IST" duration-ms="7803" status="PASS">
          <params>
            <param index="0">
              <value>
                <![CDATA[org.testng.TestRunner@14292d71]]>
              </value>
            </param>
          </params>
          <reporter-output>
          </reporter-output>
        </test-method> <!-- setup -->
        <test-method signature="TC08_validCheckout()[pri:0, instance:com.Bstackdemo.tests.LoginTests@662ac478]" started-at="2026-04-04T13:54:27 IST" name="TC08_validCheckout" finished-at="2026-04-04T13:54:29 IST" duration-ms="2493" status="PASS">
          <reporter-output>
          </reporter-output>
        </test-method> <!-- TC08_validCheckout -->
        <test-method is-config="true" signature="teardown()[pri:0, instance:com.Bstackdemo.tests.LoginTests@662ac478]" started-at="2026-04-04T13:54:29 IST" name="teardown" finished-at="2026-04-04T13:54:29 IST" duration-ms="124" status="PASS">
          <reporter-output>
          </reporter-output>
        </test-method> <!-- teardown -->
        <test-method is-config="true" signature="setup(org.testng.ITestContext)[pri:0, instance:com.Bstackdemo.tests.LoginTests@662ac478]" started-at="2026-04-04T13:54:29 IST" name="setup" finished-at="2026-04-04T13:54:33 IST" duration-ms="3528" status="PASS">
          <params>
            <param index="0">
              <value>
                <![CDATA[org.testng.TestRunner@14292d71]]>
              </value>
            </param>
          </params>
          <reporter-output>
          </reporter-output>
        </test-method> <!-- setup -->
        <test-method signature="TC09_verifyCartItems()[pri:0, instance:com.Bstackdemo.tests.LoginTests@662ac478]" started-at="2026-04-04T13:54:33 IST" name="TC09_verifyCartItems" finished-at="2026-04-04T13:54:33 IST" duration-ms="727" status="PASS">
          <reporter-output>
          </reporter-output>
        </test-method> <!-- TC09_verifyCartItems -->
        <test-method is-config="true" signature="teardown()[pri:0, instance:com.Bstackdemo.tests.LoginTests@662ac478]" started-at="2026-04-04T13:54:33 IST" name="teardown" finished-at="2026-04-04T13:54:34 IST" duration-ms="77" status="PASS">
          <reporter-output>
          </reporter-output>
        </test-method> <!-- teardown -->
        <test-method is-config="true" signature="setup(org.testng.ITestContext)[pri:0, instance:com.Bstackdemo.tests.LoginTests@662ac478]" started-at="2026-04-04T13:54:34 IST" name="setup" finished-at="2026-04-04T13:54:37 IST" duration-ms="3217" status="PASS">
          <params>
            <param index="0">
              <value>
                <![CDATA[org.testng.TestRunner@14292d71]]>
              </value>
            </param>
          </params>
          <reporter-output>
          </reporter-output>
        </test-method> <!-- setup -->
        <test-method signature="TC10_checkoutWithoutItems()[pri:0, instance:com.Bstackdemo.tests.LoginTests@662ac478]" started-at="2026-04-04T13:54:37 IST" name="TC10_checkoutWithoutItems" finished-at="2026-04-04T13:54:38 IST" duration-ms="1273" status="PASS">
          <reporter-output>
          </reporter-output>
        </test-method> <!-- TC10_checkoutWithoutItems -->
        <test-method is-config="true" signature="teardown()[pri:0, instance:com.Bstackdemo.tests.LoginTests@662ac478]" started-at="2026-04-04T13:54:38 IST" name="teardown" finished-at="2026-04-04T13:54:38 IST" duration-ms="110" status="PASS">
          <reporter-output>
          </reporter-output>
        </test-method> <!-- teardown -->
      </class> <!-- com.Bstackdemo.tests.LoginTests -->
      <class name="com.Bstackdemo.tests.CartTests">
        <test-method is-config="true" signature="setup(org.testng.ITestContext)[pri:0, instance:com.Bstackdemo.tests.CartTests@229f66ed]" started-at="2026-04-04T13:53:07 IST" name="setup" finished-at="2026-04-04T13:53:11 IST" duration-ms="4021" status="PASS">
          <params>
            <param index="0">
              <value>
                <![CDATA[org.testng.TestRunner@14292d71]]>
              </value>
            </param>
          </params>
          <reporter-output>
          </reporter-output>
        </test-method> <!-- setup -->
        <test-method signature="TC04_addSingleItem()[pri:0, instance:com.Bstackdemo.tests.CartTests@229f66ed]" started-at="2026-04-04T13:53:11 IST" name="TC04_addSingleItem" finished-at="2026-04-04T13:53:12 IST" duration-ms="1296" status="PASS">
          <reporter-output>
          </reporter-output>
        </test-method> <!-- TC04_addSingleItem -->
        <test-method is-config="true" signature="teardown()[pri:0, instance:com.Bstackdemo.tests.CartTests@229f66ed]" started-at="2026-04-04T13:53:12 IST" name="teardown" finished-at="2026-04-04T13:53:12 IST" duration-ms="84" status="PASS">
          <reporter-output>
          </reporter-output>
        </test-method> <!-- teardown -->
        <test-method is-config="true" signature="setup(org.testng.ITestContext)[pri:0, instance:com.Bstackdemo.tests.CartTests@229f66ed]" started-at="2026-04-04T13:53:12 IST" name="setup" finished-at="2026-04-04T13:53:15 IST" duration-ms="2997" status="PASS">
          <params>
            <param index="0">
              <value>
                <![CDATA[org.testng.TestRunner@14292d71]]>
              </value>
            </param>
          </params>
          <reporter-output>
          </reporter-output>
        </test-method> <!-- setup -->
        <test-method signature="TC05_searchBox()[pri:0, instance:com.Bstackdemo.tests.CartTests@229f66ed]" started-at="2026-04-04T13:53:15 IST" name="TC05_searchBox" finished-at="2026-04-04T13:53:16 IST" duration-ms="879" status="PASS">
          <reporter-output>
          </reporter-output>
        </test-method> <!-- TC05_searchBox -->
        <test-method is-config="true" signature="teardown()[pri:0, instance:com.Bstackdemo.tests.CartTests@229f66ed]" started-at="2026-04-04T13:53:16 IST" name="teardown" finished-at="2026-04-04T13:53:16 IST" duration-ms="89" status="PASS">
          <reporter-output>
          </reporter-output>
        </test-method> <!-- teardown -->
        <test-method is-config="true" signature="setup(org.testng.ITestContext)[pri:0, instance:com.Bstackdemo.tests.CartTests@229f66ed]" started-at="2026-04-04T13:53:16 IST" name="setup" finished-at="2026-04-04T13:53:21 IST" duration-ms="4851" status="PASS">
          <params>
            <param index="0">
              <value>
                <![CDATA[org.testng.TestRunner@14292d71]]>
              </value>
            </param>
          </params>
          <reporter-output>
          </reporter-output>
        </test-method> <!-- setup -->
        <test-method signature="TC06_addMultipleItems()[pri:0, instance:com.Bstackdemo.tests.CartTests@229f66ed]" started-at="2026-04-04T13:53:21 IST" name="TC06_addMultipleItems" finished-at="2026-04-04T13:53:23 IST" duration-ms="1696" status="PASS">
          <reporter-output>
          </reporter-output>
        </test-method> <!-- TC06_addMultipleItems -->
        <test-method is-config="true" signature="teardown()[pri:0, instance:com.Bstackdemo.tests.CartTests@229f66ed]" started-at="2026-04-04T13:53:23 IST" name="teardown" finished-at="2026-04-04T13:53:23 IST" duration-ms="116" status="PASS">
          <reporter-output>
          </reporter-output>
        </test-method> <!-- teardown -->
        <test-method is-config="true" signature="setup(org.testng.ITestContext)[pri:0, instance:com.Bstackdemo.tests.CartTests@229f66ed]" started-at="2026-04-04T13:53:23 IST" name="setup" finished-at="2026-04-04T13:53:26 IST" duration-ms="3104" status="PASS">
          <params>
            <param index="0">
              <value>
                <![CDATA[org.testng.TestRunner@14292d71]]>
              </value>
            </param>
          </params>
          <reporter-output>
          </reporter-output>
        </test-method> <!-- setup -->
        <test-method signature="TC07_removeItem()[pri:0, instance:com.Bstackdemo.tests.CartTests@229f66ed]" started-at="2026-04-04T13:53:26 IST" name="TC07_removeItem" finished-at="2026-04-04T13:53:39 IST" duration-ms="12518" status="PASS">
          <reporter-output>
          </reporter-output>
        </test-method> <!-- TC07_removeItem -->
        <test-method is-config="true" signature="teardown()[pri:0, instance:com.Bstackdemo.tests.CartTests@229f66ed]" started-at="2026-04-04T13:53:39 IST" name="teardown" finished-at="2026-04-04T13:53:39 IST" duration-ms="111" status="PASS">
          <reporter-output>
          </reporter-output>
        </test-method> <!-- teardown -->
        <test-method is-config="true" signature="setup(org.testng.ITestContext)[pri:0, instance:com.Bstackdemo.tests.CartTests@229f66ed]" started-at="2026-04-04T13:53:39 IST" name="setup" finished-at="2026-04-04T13:53:46 IST" duration-ms="6951" status="PASS">
          <params>
            <param index="0">
              <value>
                <![CDATA[org.testng.TestRunner@14292d71]]>
              </value>
            </param>
          </params>
          <reporter-output>
          </reporter-output>
        </test-method> <!-- setup -->
        <test-method signature="TC08_verifyCartItems()[pri:0, instance:com.Bstackdemo.tests.CartTests@229f66ed]" started-at="2026-04-04T13:53:46 IST" name="TC08_verifyCartItems" finished-at="2026-04-04T13:53:47 IST" duration-ms="891" status="PASS">
          <reporter-output>
          </reporter-output>
        </test-method> <!-- TC08_verifyCartItems -->
        <test-method is-config="true" signature="teardown()[pri:0, instance:com.Bstackdemo.tests.CartTests@229f66ed]" started-at="2026-04-04T13:53:47 IST" name="teardown" finished-at="2026-04-04T13:53:47 IST" duration-ms="128" status="PASS">
          <reporter-output>
          </reporter-output>
        </test-method> <!-- teardown -->
      </class> <!-- com.Bstackdemo.tests.CartTests -->
      <class name="com.Bstackdemo.tests.CheckoutTests">
        <test-method is-config="true" signature="setup(org.testng.ITestContext)[pri:0, instance:com.Bstackdemo.tests.CheckoutTests@175c2241]" started-at="2026-04-04T13:52:57 IST" name="setup" finished-at="2026-04-04T13:53:01 IST" duration-ms="3373" status="PASS">
          <params>
            <param index="0">
              <value>
                <![CDATA[org.testng.TestRunner@14292d71]]>
              </value>
            </param>
          </params>
          <reporter-output>
          </reporter-output>
        </test-method> <!-- setup -->
        <test-method signature="TC09_validCheckout()[pri:0, instance:com.Bstackdemo.tests.CheckoutTests@175c2241]" started-at="2026-04-04T13:53:01 IST" name="TC09_validCheckout" finished-at="2026-04-04T13:53:03 IST" duration-ms="1855" status="PASS">
          <reporter-output>
          </reporter-output>
        </test-method> <!-- TC09_validCheckout -->
        <test-method is-config="true" signature="teardown()[pri:0, instance:com.Bstackdemo.tests.CheckoutTests@175c2241]" started-at="2026-04-04T13:53:03 IST" name="teardown" finished-at="2026-04-04T13:53:03 IST" duration-ms="111" status="PASS">
          <reporter-output>
          </reporter-output>
        </test-method> <!-- teardown -->
        <test-method is-config="true" signature="setup(org.testng.ITestContext)[pri:0, instance:com.Bstackdemo.tests.CheckoutTests@175c2241]" started-at="2026-04-04T13:53:03 IST" name="setup" finished-at="2026-04-04T13:53:06 IST" duration-ms="3102" status="PASS">
          <params>
            <param index="0">
              <value>
                <![CDATA[org.testng.TestRunner@14292d71]]>
              </value>
            </param>
          </params>
          <reporter-output>
          </reporter-output>
        </test-method> <!-- setup -->
        <test-method signature="TC10_checkoutWithoutItems()[pri:0, instance:com.Bstackdemo.tests.CheckoutTests@175c2241]" started-at="2026-04-04T13:53:06 IST" name="TC10_checkoutWithoutItems" finished-at="2026-04-04T13:53:07 IST" duration-ms="1276" status="PASS">
          <reporter-output>
          </reporter-output>
        </test-method> <!-- TC10_checkoutWithoutItems -->
        <test-method is-config="true" signature="teardown()[pri:0, instance:com.Bstackdemo.tests.CheckoutTests@175c2241]" started-at="2026-04-04T13:53:07 IST" name="teardown" finished-at="2026-04-04T13:53:07 IST" duration-ms="80" status="PASS">
          <reporter-output>
          </reporter-output>
        </test-method> <!-- teardown -->
      </class> <!-- com.Bstackdemo.tests.CheckoutTests -->
    </test> <!-- Test -->
  </suite> <!-- BstackDemo Suite -->
</testng-results>
