<?xml version="1.0" encoding="UTF-8"?>
<!-- Generated by org.testng.reporters.JUnitReportReporter -->
<testsuite hostname="Sourabh" failures="0" tests="3" name="com.DockerTests.ParallelTests" time="68.323" errors="0" timestamp="2026-04-02T09:55:12 IST" skipped="0">
  <testcase classname="com.DockerTests.ParallelTests" name="setup" time="22.281"/>
  <system-out/>
  <testcase classname="com.DockerTests.ParallelTests" name="setup" time="23.918"/>
  <system-out/>
  <testcase classname="com.DockerTests.ParallelTests" name="setup" time="22.124"/>
  <system-out/>
</testsuite> <!-- com.DockerTests.ParallelTests -->
