<?xml version="1.0" encoding="UTF-8"?>
<!-- Generated by org.testng.reporters.JUnitReportReporter -->
<testsuite hostname="Sourabh" failures="0" tests="3" name="com.DockerTests.ParallelTests" time="69.015" errors="0" timestamp="2026-04-02T09:36:28 IST" skipped="0">
  <testcase classname="com.DockerTests.ParallelTests" name="setup" time="23.346"/>
  <system-out/>
  <testcase classname="com.DockerTests.ParallelTests" name="setup" time="23.081"/>
  <system-out/>
  <testcase classname="com.DockerTests.ParallelTests" name="setup" time="22.588"/>
  <system-out/>
</testsuite> <!-- com.DockerTests.ParallelTests -->
