<?xml version="1.0" encoding="UTF-8"?>
<!-- Generated by org.testng.reporters.JUnitXMLReporter -->
<testsuite ignored="0" hostname="Sourabh" failures="0" tests="10" name="Default test" time="14.881" errors="0" timestamp="2026-04-04T22:52:32 IST">
  <testcase classname="com.Telecom.Test.TelecomAPITest" name="TC01_addUser" time="2.732"/>
  <testcase classname="com.Telecom.Test.TelecomAPITest" name="TC02_getUserdetails" time="1.69"/>
  <testcase classname="com.Telecom.Test.TelecomAPITest" name="TC03_UpdateUser" time="1.264"/>
  <testcase classname="com.Telecom.Test.TelecomAPITest" name="TC04_loginviaNewUser" time="1.349"/>
  <testcase classname="com.Telecom.Test.TelecomAPITest" name="TC05_addContact" time="1.299"/>
  <testcase classname="com.Telecom.Test.TelecomAPITest" name="TC06_getContactList" time="1.289"/>
  <testcase classname="com.Telecom.Test.TelecomAPITest" name="TC07_getContact" time="1.22"/>
  <testcase classname="com.Telecom.Test.TelecomAPITest" name="TC08_updateContact" time="1.239"/>
  <testcase classname="com.Telecom.Test.TelecomAPITest" name="TC09_PatchContact" time="1.299"/>
  <testcase classname="com.Telecom.Test.TelecomAPITest" name="TC10_LogOutUser" time="1.254"/>
</testsuite> <!-- Default test -->
