<?xml version="1.0" encoding="UTF-8"?>
<!-- Generated by org.testng.reporters.JUnitXMLReporter -->
<testsuite ignored="0" hostname="Sourabh" failures="7" tests="7" name="Functional Tests" time="0.413" errors="0" timestamp="2026-03-31T12:21:55 IST">
  <testcase classname="com.blazedemo.tests.ReservePageTest" name="TC04_selectFirstFlight" time="0.001">
    <failure type="java.lang.NullPointerException" message="Cannot invoke &amp;quot;com.blazedemo.pages.HomePage.selectCities(String, String)&amp;quot; because &amp;quot;this.homePage&amp;quot; is null">
      <![CDATA[java.lang.NullPointerException: Cannot invoke "com.blazedemo.pages.HomePage.selectCities(String, String)" because "this.homePage" is null
at com.blazedemo.tests.ReservePageTest.TC04_selectFirstFlight(ReservePageTest.java:13)
at java.base/java.util.ArrayList.forEach(ArrayList.java:1604)
... Removed 25 stack frames]]>
    </failure>
  </testcase> <!-- TC04_selectFirstFlight -->
  <testcase classname="com.blazedemo.tests.ReservePageTest" name="TC05_selectFlightByIndex" time="0.001">
    <failure type="java.lang.NullPointerException" message="Cannot invoke &amp;quot;com.blazedemo.pages.HomePage.selectCities(String, String)&amp;quot; because &amp;quot;this.homePage&amp;quot; is null">
      <![CDATA[java.lang.NullPointerException: Cannot invoke "com.blazedemo.pages.HomePage.selectCities(String, String)" because "this.homePage" is null
at com.blazedemo.tests.ReservePageTest.TC05_selectFlightByIndex(ReservePageTest.java:24)
at java.base/java.util.ArrayList.forEach(ArrayList.java:1604)
... Removed 25 stack frames]]>
    </failure>
  </testcase> <!-- TC05_selectFlightByIndex -->
  <testcase classname="com.blazedemo.tests.ReservePageTest" name="TC06_selectFlightByAirline" time="0.0">
    <failure type="java.lang.NullPointerException" message="Cannot invoke &amp;quot;com.blazedemo.pages.HomePage.selectCities(String, String)&amp;quot; because &amp;quot;this.homePage&amp;quot; is null">
      <![CDATA[java.lang.NullPointerException: Cannot invoke "com.blazedemo.pages.HomePage.selectCities(String, String)" because "this.homePage" is null
at com.blazedemo.tests.ReservePageTest.TC06_selectFlightByAirline(ReservePageTest.java:34)
at java.base/java.util.ArrayList.forEach(ArrayList.java:1604)
... Removed 25 stack frames]]>
    </failure>
  </testcase> <!-- TC06_selectFlightByAirline -->
  <testcase classname="com.blazedemo.tests.PurchasePageTest" name="TC07_fillBookingDetails" time="0.003">
    <failure type="java.lang.NullPointerException" message="Cannot invoke &amp;quot;com.blazedemo.pages.HomePage.selectCities(String, String)&amp;quot; because &amp;quot;this.homePage&amp;quot; is null">
      <![CDATA[java.lang.NullPointerException: Cannot invoke "com.blazedemo.pages.HomePage.selectCities(String, String)" because "this.homePage" is null
at com.blazedemo.tests.PurchasePageTest.TC07_fillBookingDetails(PurchasePageTest.java:23)
at java.base/java.util.ArrayList.forEach(ArrayList.java:1604)
... Removed 25 stack frames]]>
    </failure>
  </testcase> <!-- TC07_fillBookingDetails -->
  <testcase classname="com.blazedemo.tests.PurchasePageTest" name="TC07_fillBookingDetails" time="0.001">
    <failure type="java.lang.NullPointerException" message="Cannot invoke &amp;quot;com.blazedemo.pages.HomePage.selectCities(String, String)&amp;quot; because &amp;quot;this.homePage&amp;quot; is null">
      <![CDATA[java.lang.NullPointerException: Cannot invoke "com.blazedemo.pages.HomePage.selectCities(String, String)" because "this.homePage" is null
at com.blazedemo.tests.PurchasePageTest.TC07_fillBookingDetails(PurchasePageTest.java:23)
at java.base/java.util.ArrayList.forEach(ArrayList.java:1604)
... Removed 25 stack frames]]>
    </failure>
  </testcase> <!-- TC07_fillBookingDetails -->
  <testcase classname="com.blazedemo.tests.PurchasePageTest" name="TC07_fillBookingDetails" time="0.001">
    <failure type="java.lang.NullPointerException" message="Cannot invoke &amp;quot;com.blazedemo.pages.HomePage.selectCities(String, String)&amp;quot; because &amp;quot;this.homePage&amp;quot; is null">
      <![CDATA[java.lang.NullPointerException: Cannot invoke "com.blazedemo.pages.HomePage.selectCities(String, String)" because "this.homePage" is null
at com.blazedemo.tests.PurchasePageTest.TC07_fillBookingDetails(PurchasePageTest.java:23)
at java.base/java.util.ArrayList.forEach(ArrayList.java:1604)
... Removed 25 stack frames]]>
    </failure>
  </testcase> <!-- TC07_fillBookingDetails -->
  <testcase classname="com.blazedemo.tests.PurchasePageTest" name="TC07_fillBookingDetails" time="0.002">
    <failure type="java.lang.NullPointerException" message="Cannot invoke &amp;quot;com.blazedemo.pages.HomePage.selectCities(String, String)&amp;quot; because &amp;quot;this.homePage&amp;quot; is null">
      <![CDATA[java.lang.NullPointerException: Cannot invoke "com.blazedemo.pages.HomePage.selectCities(String, String)" because "this.homePage" is null
at com.blazedemo.tests.PurchasePageTest.TC07_fillBookingDetails(PurchasePageTest.java:23)
at java.base/java.util.ArrayList.forEach(ArrayList.java:1604)
... Removed 25 stack frames]]>
    </failure>
  </testcase> <!-- TC07_fillBookingDetails -->
</testsuite> <!-- Functional Tests -->
