<?xml version="1.0" encoding="UTF-8"?>
<!-- Generated by org.testng.reporters.JUnitXMLReporter -->
<testsuite ignored="0" hostname="Sourabh" failures="3" tests="3" name="Negative Tests" time="0.006" errors="0" timestamp="2026-03-31T12:21:55 IST">
  <testcase classname="com.blazedemo.tests.NegativeTest" name="TC08_blankFormSubmission" time="0.0">
    <failure type="java.lang.NullPointerException" message="Cannot invoke &amp;quot;com.blazedemo.pages.HomePage.selectCities(String, String)&amp;quot; because &amp;quot;this.homePage&amp;quot; is null">
      <![CDATA[java.lang.NullPointerException: Cannot invoke "com.blazedemo.pages.HomePage.selectCities(String, String)" because "this.homePage" is null
at com.blazedemo.tests.NegativeTest.TC08_blankFormSubmission(NegativeTest.java:13)
at java.base/java.util.ArrayList.forEach(ArrayList.java:1604)
... Removed 25 stack frames]]>
    </failure>
  </testcase> <!-- TC08_blankFormSubmission -->
  <testcase classname="com.blazedemo.tests.NegativeTest" name="TC09_invalidCardDetails" time="0.0">
    <failure type="java.lang.NullPointerException" message="Cannot invoke &amp;quot;com.blazedemo.pages.HomePage.selectCities(String, String)&amp;quot; because &amp;quot;this.homePage&amp;quot; is null">
      <![CDATA[java.lang.NullPointerException: Cannot invoke "com.blazedemo.pages.HomePage.selectCities(String, String)" because "this.homePage" is null
at com.blazedemo.tests.NegativeTest.TC09_invalidCardDetails(NegativeTest.java:23)
at java.base/java.util.ArrayList.forEach(ArrayList.java:1604)
... Removed 25 stack frames]]>
    </failure>
  </testcase> <!-- TC09_invalidCardDetails -->
  <testcase classname="com.blazedemo.tests.NegativeTest" name="TC10_sameCitySelection" time="0.0">
    <failure type="java.lang.NullPointerException" message="Cannot invoke &amp;quot;com.blazedemo.pages.HomePage.selectCities(String, String)&amp;quot; because &amp;quot;this.homePage&amp;quot; is null">
      <![CDATA[java.lang.NullPointerException: Cannot invoke "com.blazedemo.pages.HomePage.selectCities(String, String)" because "this.homePage" is null
at com.blazedemo.tests.NegativeTest.TC10_sameCitySelection(NegativeTest.java:37)
at java.base/java.util.ArrayList.forEach(ArrayList.java:1604)
... Removed 25 stack frames]]>
    </failure>
  </testcase> <!-- TC10_sameCitySelection -->
</testsuite> <!-- Negative Tests -->
