<?xml version="1.0" encoding="UTF-8"?>
<!-- Generated by org.testng.reporters.JUnitXMLReporter -->
<testsuite ignored="1" hostname="Sourabh" failures="0" tests="2" name="Smoke Tests" time="6.3" errors="0" timestamp="2026-04-04T11:44:03 IST">
  <testcase classname="com.blazedemo.tests.HomePageTest" name="TC01_verifyHomePageLoaded" time="0.034"/>
  <testcase classname="com.blazedemo.tests.HomePageTest" name="TC02_verifyCitiesDropdown" time="0.098"/>
  <testcase classname="com.blazedemo.tests.HomePageTest" name="TC03_searchFlights" time="0.0">
    <ignored/>
  </testcase> <!-- TC03_searchFlights -->
</testsuite> <!-- Smoke Tests -->
