<?xml version="1.0" encoding="UTF-8"?>
<!-- Generated by org.testng.reporters.JUnitXMLReporter -->
<testsuite ignored="1" hostname="Sourabh" failures="2" tests="2" name="Smoke Tests" time="0.045" errors="0" timestamp="2026-03-31T12:21:54 IST">
  <testcase classname="com.blazedemo.tests.HomePageTest" name="TC01_verifyHomePageLoaded" time="0.009">
    <failure type="java.lang.NullPointerException" message="Cannot invoke &amp;quot;com.blazedemo.pages.HomePage.isHomePageLoaded()&amp;quot; because &amp;quot;this.homePage&amp;quot; is null">
      <![CDATA[java.lang.NullPointerException: Cannot invoke "com.blazedemo.pages.HomePage.isHomePageLoaded()" because "this.homePage" is null
at com.blazedemo.tests.HomePageTest.TC01_verifyHomePageLoaded(HomePageTest.java:16)
at java.base/java.util.ArrayList.forEach(ArrayList.java:1604)
... Removed 25 stack frames]]>
    </failure>
  </testcase> <!-- TC01_verifyHomePageLoaded -->
  <testcase classname="com.blazedemo.tests.HomePageTest" name="TC02_verifyCitiesDropdown" time="0.001">
    <failure type="java.lang.NullPointerException" message="Cannot invoke &amp;quot;com.blazedemo.pages.HomePage.getAllFromCities()&amp;quot; because &amp;quot;this.homePage&amp;quot; is null">
      <![CDATA[java.lang.NullPointerException: Cannot invoke "com.blazedemo.pages.HomePage.getAllFromCities()" because "this.homePage" is null
at com.blazedemo.tests.HomePageTest.TC02_verifyCitiesDropdown(HomePageTest.java:22)
at java.base/java.util.ArrayList.forEach(ArrayList.java:1604)
... Removed 25 stack frames]]>
    </failure>
  </testcase> <!-- TC02_verifyCitiesDropdown -->
  <testcase classname="com.blazedemo.tests.HomePageTest" name="TC03_searchFlights" time="0.0">
    <ignored/>
  </testcase> <!-- TC03_searchFlights -->
</testsuite> <!-- Smoke Tests -->
