<?xml version="1.0" encoding="UTF-8"?>
<!-- Generated by org.testng.reporters.JUnitXMLReporter -->
<testsuite ignored="3" hostname="Sourabh" failures="1" tests="13" name="All Tests" time="60.059" errors="0" timestamp="2026-03-31T15:52:35 IST">
  <testcase classname="com.blazedemo.tests.HomePageTest" name="TC01_verifyHomePageLoaded" time="0.04"/>
  <testcase classname="com.blazedemo.tests.HomePageTest" name="TC02_verifyCitiesDropdown" time="0.104"/>
  <testcase classname="com.blazedemo.tests.HomePageTest" name="TC03_searchFlights" time="0.758"/>
  <testcase classname="com.blazedemo.tests.ReservePageTest" name="TC04_selectFirstFlight" time="1.342"/>
  <testcase classname="com.blazedemo.tests.ReservePageTest" name="TC05_selectFlightByIndex" time="1.099"/>
  <testcase classname="com.blazedemo.tests.ReservePageTest" name="TC06_selectFlightByAirline" time="1.119"/>
  <testcase classname="com.blazedemo.tests.PurchasePageTest" name="TC07_fillBookingDetails" time="2.116"/>
  <testcase classname="com.blazedemo.tests.PurchasePageTest" name="TC07_fillBookingDetails" time="2.057"/>
  <testcase classname="com.blazedemo.tests.PurchasePageTest" name="TC07_fillBookingDetails" time="2.541"/>
  <testcase classname="com.blazedemo.tests.PurchasePageTest" name="TC07_fillBookingDetails" time="2.497"/>
  <testcase classname="com.blazedemo.tests.NegativeTest" name="TC08_blankFormSubmission" time="1.716"/>
  <testcase classname="com.blazedemo.tests.NegativeTest" name="TC09_invalidCardDetails" time="1.928"/>
  <testcase classname="com.blazedemo.tests.NegativeTest" name="TC10_sameCitySelection" time="20.147">
    <failure type="org.openqa.selenium.NoSuchElementException" message="Cannot locate option with text: Boston
For documentation on this error, please visit: https://www.selenium.dev/documentation/webdriver/troubleshooting/errors#nosuchelementexception
Build info: version: &amp;apos;4.41.0&amp;apos;, revision: &amp;apos;9fc754f&amp;apos;
System info: os.name: &amp;apos;Windows 11&amp;apos;, os.arch: &amp;apos;amd64&amp;apos;, os.version: &amp;apos;10.0&amp;apos;, java.version: &amp;apos;21.0.8&amp;apos;
Driver info: driver.version: unknown">
      <![CDATA[org.openqa.selenium.NoSuchElementException: Cannot locate option with text: Boston
For documentation on this error, please visit: https://www.selenium.dev/documentation/webdriver/troubleshooting/errors#nosuchelementexception
Build info: version: '4.41.0', revision: '9fc754f'
System info: os.name: 'Windows 11', os.arch: 'amd64', os.version: '10.0', java.version: '21.0.8'
Driver info: driver.version: unknown
at org.openqa.selenium.support.ui.Select.selectByVisibleText(Select.java:400)
at org.openqa.selenium.support.ui.Select.selectByVisibleText(Select.java:128)
at com.blazedemo.pages.HomePage.selectCities(HomePage.java:73)
at com.blazedemo.tests.NegativeTest.TC10_sameCitySelection(NegativeTest.java:48)
at java.base/java.util.ArrayList.forEach(ArrayList.java:1596)
... Removed 25 stack frames]]>
    </failure>
  </testcase> <!-- TC10_sameCitySelection -->
  <testcase classname="com.blazedemo.base.BaseClass" name="@AfterTest flushReport" time="0.0">
    <ignored/>
  </testcase> <!-- @AfterTest flushReport -->
  <testcase classname="com.blazedemo.base.BaseClass" name="@AfterTest flushReport" time="0.0">
    <ignored/>
  </testcase> <!-- @AfterTest flushReport -->
  <testcase classname="com.blazedemo.base.BaseClass" name="@AfterTest flushReport" time="0.0">
    <ignored/>
  </testcase> <!-- @AfterTest flushReport -->
</testsuite> <!-- All Tests -->
