<?xml version="1.0" encoding="UTF-8"?>
<!-- Generated by org.testng.reporters.JUnitXMLReporter -->
<testsuite ignored="7" hostname="Sourabh" failures="3" tests="3" name="smoke TestD " time="0.052" errors="0" timestamp="2026-04-04T10:46:05 IST">
  <testcase classname="com.blazedemo.tests.NegativeTest" name="TC08_blankFormSubmission" time="0.014">
    <failure type="java.lang.NullPointerException" message="Cannot invoke &amp;quot;com.blazedemo.pages.HomePage.selectCities(String, String)&amp;quot; because &amp;quot;this.homePage&amp;quot; is null">
      <![CDATA[java.lang.NullPointerException: Cannot invoke "com.blazedemo.pages.HomePage.selectCities(String, String)" because "this.homePage" is null
at com.blazedemo.tests.NegativeTest.TC08_blankFormSubmission(NegativeTest.java:13)
at java.base/java.util.ArrayList.forEach(ArrayList.java:1596)
... Removed 25 stack frames]]>
    </failure>
  </testcase> <!-- TC08_blankFormSubmission -->
  <testcase classname="com.blazedemo.tests.NegativeTest" name="TC09_invalidCardDetails" time="0.001">
    <failure type="java.lang.NullPointerException" message="Cannot invoke &amp;quot;com.blazedemo.pages.HomePage.selectCities(String, String)&amp;quot; because &amp;quot;this.homePage&amp;quot; is null">
      <![CDATA[java.lang.NullPointerException: Cannot invoke "com.blazedemo.pages.HomePage.selectCities(String, String)" because "this.homePage" is null
at com.blazedemo.tests.NegativeTest.TC09_invalidCardDetails(NegativeTest.java:29)
at java.base/java.util.ArrayList.forEach(ArrayList.java:1596)
... Removed 25 stack frames]]>
    </failure>
  </testcase> <!-- TC09_invalidCardDetails -->
  <testcase classname="com.blazedemo.tests.NegativeTest" name="TC10_sameCitySelection" time="0.001">
    <failure type="java.lang.NullPointerException" message="Cannot invoke &amp;quot;com.blazedemo.pages.HomePage.selectCities(String, String)&amp;quot; because &amp;quot;this.homePage&amp;quot; is null">
      <![CDATA[java.lang.NullPointerException: Cannot invoke "com.blazedemo.pages.HomePage.selectCities(String, String)" because "this.homePage" is null
at com.blazedemo.tests.NegativeTest.TC10_sameCitySelection(NegativeTest.java:48)
at java.base/java.util.ArrayList.forEach(ArrayList.java:1596)
... Removed 25 stack frames]]>
    </failure>
  </testcase> <!-- TC10_sameCitySelection -->
  <testcase classname="com.blazedemo.tests.HomePageTest" name="TC03_searchFlights" time="0.0">
    <ignored/>
  </testcase> <!-- TC03_searchFlights -->
  <testcase classname="com.blazedemo.tests.HomePageTest" name="TC02_verifyCitiesDropdown" time="0.0">
    <ignored/>
  </testcase> <!-- TC02_verifyCitiesDropdown -->
  <testcase classname="com.blazedemo.tests.HomePageTest" name="TC01_verifyHomePageLoaded" time="0.0">
    <ignored/>
  </testcase> <!-- TC01_verifyHomePageLoaded -->
  <testcase classname="com.blazedemo.tests.ReservePageTest" name="TC06_selectFlightByAirline" time="0.0">
    <ignored/>
  </testcase> <!-- TC06_selectFlightByAirline -->
  <testcase classname="com.blazedemo.tests.ReservePageTest" name="TC04_selectFirstFlight" time="0.0">
    <ignored/>
  </testcase> <!-- TC04_selectFirstFlight -->
  <testcase classname="com.blazedemo.tests.ReservePageTest" name="TC05_selectFlightByIndex" time="0.0">
    <ignored/>
  </testcase> <!-- TC05_selectFlightByIndex -->
  <testcase classname="com.blazedemo.tests.PurchasePageTest" name="TC07_fillBookingDetails" time="0.0">
    <ignored/>
  </testcase> <!-- TC07_fillBookingDetails -->
</testsuite> <!-- smoke TestD  -->
