<?xml version="1.0" encoding="UTF-8"?>
<!-- Generated by org.testng.reporters.JUnitXMLReporter -->
<testsuite ignored="0" hostname="Sourabh" failures="0" tests="5" name="Test" time="8.218" errors="0" timestamp="2026-04-04T10:00:52 IST">
  <testcase classname="com.RESTAssured.TC01_GetPetByStatusTest" name="getPetByStatus" time="2.882"/>
  <testcase classname="com.RESTAssured.TC02_CreatePetTest" name="createPet" time="1.496"/>
  <testcase classname="com.RESTAssured.TC03_GetPetByIdTest" name="getPetById" time="1.233"/>
  <testcase classname="com.RESTAssured.TC04_UpdatePetTest" name="updatePet" time="1.297"/>
  <testcase classname="com.RESTAssured.TC05_DeletePetTest" name="TC05DeledeletePet" time="1.28"/>
</testsuite> <!-- Test -->
