<?xml version="1.0" encoding="UTF-8"?>
<testng-results ignored="0" total="5" passed="5" failed="0" skipped="0">
  <reporter-output>
  </reporter-output>
  <suite started-at="2026-05-03T11:53:19 IST" name="Suite" finished-at="2026-05-03T11:53:28 IST" duration-ms="8682">
    <groups>
    </groups>
    <test started-at="2026-05-03T11:53:19 IST" name="Test" finished-at="2026-05-03T11:53:28 IST" duration-ms="8682">
      <class name="com.RESTAssured.TC02_CreatePetTest">
        <test-method signature="createPet()[pri:0, instance:com.RESTAssured.TC02_CreatePetTest@6572421]" started-at="2026-05-03T11:53:22 IST" name="createPet" finished-at="2026-05-03T11:53:24 IST" duration-ms="1534" status="PASS">
          <reporter-output>
          </reporter-output>
        </test-method> <!-- createPet -->
      </class> <!-- com.RESTAssured.TC02_CreatePetTest -->
      <class name="com.RESTAssured.TC01_GetPetByStatusTest">
        <test-method signature="getPetByStatus()[pri:0, instance:com.RESTAssured.TC01_GetPetByStatusTest@4cc451f2]" started-at="2026-05-03T11:53:19 IST" name="getPetByStatus" finished-at="2026-05-03T11:53:22 IST" duration-ms="3199" status="PASS">
          <reporter-output>
          </reporter-output>
        </test-method> <!-- getPetByStatus -->
      </class> <!-- com.RESTAssured.TC01_GetPetByStatusTest -->
      <class name="com.RESTAssured.TC03_GetPetByIdTest">
        <test-method signature="getPetById()[pri:0, instance:com.RESTAssured.TC03_GetPetByIdTest@6b81ce95]" started-at="2026-05-03T11:53:24 IST" name="getPetById" finished-at="2026-05-03T11:53:25 IST" duration-ms="1350" status="PASS">
          <reporter-output>
          </reporter-output>
        </test-method> <!-- getPetById -->
      </class> <!-- com.RESTAssured.TC03_GetPetByIdTest -->
      <class name="com.RESTAssured.TC04_UpdatePetTest">
        <test-method signature="updatePet()[pri:0, instance:com.RESTAssured.TC04_UpdatePetTest@2a798d51]" started-at="2026-05-03T11:53:25 IST" name="updatePet" finished-at="2026-05-03T11:53:27 IST" duration-ms="1328" status="PASS">
          <reporter-output>
          </reporter-output>
        </test-method> <!-- updatePet -->
      </class> <!-- com.RESTAssured.TC04_UpdatePetTest -->
      <class name="com.RESTAssured.TC05_DeletePetTest">
        <test-method signature="TC05DeledeletePet()[pri:0, instance:com.RESTAssured.TC05_DeletePetTest@6d763516]" started-at="2026-05-03T11:53:27 IST" name="TC05DeledeletePet" finished-at="2026-05-03T11:53:28 IST" duration-ms="1238" status="PASS">
          <reporter-output>
          </reporter-output>
        </test-method> <!-- TC05DeledeletePet -->
      </class> <!-- com.RESTAssured.TC05_DeletePetTest -->
    </test> <!-- Test -->
  </suite> <!-- Suite -->
</testng-results>
