<?xml version="1.0" encoding="UTF-8"?>
<testng-results ignored="0" total="3" passed="3" failed="0" skipped="0">
  <reporter-output>
  </reporter-output>
  <suite started-at="2026-04-06T22:30:14 IST" name="Default suite" finished-at="2026-04-06T22:30:55 IST" duration-ms="41485">
    <groups>
    </groups>
    <test started-at="2026-04-06T22:30:14 IST" name="Default test" finished-at="2026-04-06T22:30:55 IST" duration-ms="41485">
      <class name="com.Mobile.tests.LaunchApplication">
        <test-method is-config="true" signature="launchApp()[pri:0, instance:com.Mobile.tests.LaunchApplication@40a4337a]" started-at="2026-04-06T22:30:14 IST" name="launchApp" finished-at="2026-04-06T22:30:16 IST" duration-ms="2845" status="PASS">
          <reporter-output>
          </reporter-output>
        </test-method> <!-- launchApp -->
        <test-method signature="checkApplicationState()[pri:1, instance:com.Mobile.tests.LaunchApplication@40a4337a]" started-at="2026-04-06T22:30:16 IST" name="checkApplicationState" finished-at="2026-04-06T22:30:17 IST" duration-ms="131" status="PASS">
          <reporter-output>
          </reporter-output>
        </test-method> <!-- checkApplicationState -->
        <test-method is-config="true" signature="breakforSS()[pri:0, instance:com.Mobile.tests.LaunchApplication@40a4337a]" started-at="2026-04-06T22:30:17 IST" name="breakforSS" finished-at="2026-04-06T22:30:27 IST" duration-ms="10003" status="PASS">
          <reporter-output>
          </reporter-output>
        </test-method> <!-- breakforSS -->
        <test-method signature="sendAppToBackgroundAndCheckState()[pri:2, instance:com.Mobile.tests.LaunchApplication@40a4337a]" started-at="2026-04-06T22:30:27 IST" name="sendAppToBackgroundAndCheckState" finished-at="2026-04-06T22:30:34 IST" duration-ms="7718" status="PASS">
          <reporter-output>
          </reporter-output>
        </test-method> <!-- sendAppToBackgroundAndCheckState -->
        <test-method is-config="true" signature="breakforSS()[pri:0, instance:com.Mobile.tests.LaunchApplication@40a4337a]" started-at="2026-04-06T22:30:34 IST" name="breakforSS" finished-at="2026-04-06T22:30:44 IST" duration-ms="10005" status="PASS">
          <reporter-output>
          </reporter-output>
        </test-method> <!-- breakforSS -->
        <test-method signature="uninstallApp()[pri:3, instance:com.Mobile.tests.LaunchApplication@40a4337a]" started-at="2026-04-06T22:30:44 IST" name="uninstallApp" finished-at="2026-04-06T22:30:45 IST" duration-ms="228" status="PASS">
          <reporter-output>
          </reporter-output>
        </test-method> <!-- uninstallApp -->
        <test-method is-config="true" signature="breakforSS()[pri:0, instance:com.Mobile.tests.LaunchApplication@40a4337a]" started-at="2026-04-06T22:30:45 IST" name="breakforSS" finished-at="2026-04-06T22:30:55 IST" duration-ms="10001" status="PASS">
          <reporter-output>
          </reporter-output>
        </test-method> <!-- breakforSS -->
        <test-method is-config="true" signature="tearDown()[pri:0, instance:com.Mobile.tests.LaunchApplication@40a4337a]" started-at="2026-04-06T22:30:55 IST" name="tearDown" finished-at="2026-04-06T22:30:55 IST" duration-ms="526" status="PASS">
          <reporter-output>
          </reporter-output>
        </test-method> <!-- tearDown -->
      </class> <!-- com.Mobile.tests.LaunchApplication -->
    </test> <!-- Default test -->
  </suite> <!-- Default suite -->
</testng-results>
