<?xml version="1.0" encoding="UTF-8"?>
<!-- Generated by org.testng.reporters.JUnitXMLReporter -->
<testsuite ignored="0" hostname="Sourabh" failures="0" tests="3" name="HomePageTC" time="3.378" errors="0" timestamp="2026-03-29T20:13:50 IST">
  <testcase classname="com.CRM.Tests.HomePageTC" name="verifyUrl" time="0.01"/>
  <testcase classname="com.CRM.Tests.HomePageTC" name="verifyTitle" time="0.004"/>
  <testcase classname="com.CRM.Tests.HomePageTC" name="validateSIgnInLink" time="0.671"/>
</testsuite> <!-- HomePageTC -->
