<?xml version="1.0" encoding="UTF-8"?>
<!-- Generated by org.testng.reporters.JUnitXMLReporter -->
<testsuite ignored="2" hostname="Sourabh" failures="0" tests="15" name="Test" time="106.837" errors="0" timestamp="2026-04-01T11:56:29 IST">
  <testcase classname="com.Bstackdemo.tests.CheckoutTests" name="TC09_validCheckout" time="1.914"/>
  <testcase classname="com.Bstackdemo.tests.CheckoutTests" name="TC10_checkoutWithoutItems" time="1.288"/>
  <testcase classname="com.Bstackdemo.tests.CartTests" name="TC04_addSingleItem" time="1.307"/>
  <testcase classname="com.Bstackdemo.tests.CartTests" name="TC05_searchBox" time="0.825"/>
  <testcase classname="com.Bstackdemo.tests.CartTests" name="TC06_addMultipleItems" time="1.325"/>
  <testcase classname="com.Bstackdemo.tests.CartTests" name="TC07_removeItem" time="11.327"/>
  <testcase classname="com.Bstackdemo.tests.CartTests" name="TC08_verifyCartItems" time="0.815"/>
  <testcase classname="com.Bstackdemo.tests.LoginTests" name="TC01_validLogin" time="0.714"/>
  <testcase classname="com.Bstackdemo.tests.LoginTests" name="TC04_addSingleItem" time="1.269"/>
  <testcase classname="com.Bstackdemo.tests.LoginTests" name="TC05_searchBox" time="0.958"/>
  <testcase classname="com.Bstackdemo.tests.LoginTests" name="TC06_addMultipleItems" time="1.351"/>
  <testcase classname="com.Bstackdemo.tests.LoginTests" name="TC07_removeItem" time="11.351"/>
  <testcase classname="com.Bstackdemo.tests.LoginTests" name="TC08_validCheckout" time="1.792"/>
  <testcase classname="com.Bstackdemo.tests.LoginTests" name="TC09_verifyCartItems" time="0.802"/>
  <testcase classname="com.Bstackdemo.tests.LoginTests" name="TC10_checkoutWithoutItems" time="1.298"/>
  <testcase classname="com.Bstackdemo.tests.LoginTests" name="TC03_emptyLogin" time="0.0">
    <ignored/>
  </testcase> <!-- TC03_emptyLogin -->
  <testcase classname="com.Bstackdemo.tests.LoginTests" name="TC02_invalidLogin" time="0.0">
    <ignored/>
  </testcase> <!-- TC02_invalidLogin -->
</testsuite> <!-- Test -->
