<?xml version="1.0" encoding="UTF-8"?>
<testng-results ignored="0" total="13" passed="12" failed="1" skipped="0">
  <reporter-output>
  </reporter-output>
  <suite started-at="2026-03-31T16:10:54 IST" name="Suite" finished-at="2026-03-31T16:11:37 IST" duration-ms="42641">
    <groups>
      <group name="negative">
        <method signature="NegativeTest.TC08_blankFormSubmission()[pri:8, instance:com.blazedemo.tests.NegativeTest@367ffa75]" name="TC08_blankFormSubmission" class="com.blazedemo.tests.NegativeTest"/>
        <method signature="NegativeTest.TC09_invalidCardDetails()[pri:9, instance:com.blazedemo.tests.NegativeTest@367ffa75]" name="TC09_invalidCardDetails" class="com.blazedemo.tests.NegativeTest"/>
        <method signature="NegativeTest.TC10_sameCitySelection()[pri:10, instance:com.blazedemo.tests.NegativeTest@367ffa75]" name="TC10_sameCitySelection" class="com.blazedemo.tests.NegativeTest"/>
      </group> <!-- negative -->
      <group name="functional">
        <method signature="HomePageTest.TC03_searchFlights()[pri:3, instance:com.blazedemo.tests.HomePageTest@2cd76f31]" name="TC03_searchFlights" class="com.blazedemo.tests.HomePageTest"/>
        <method signature="ReservePageTest.TC04_selectFirstFlight()[pri:4, instance:com.blazedemo.tests.ReservePageTest@40005471]" name="TC04_selectFirstFlight" class="com.blazedemo.tests.ReservePageTest"/>
        <method signature="ReservePageTest.TC05_selectFlightByIndex()[pri:5, instance:com.blazedemo.tests.ReservePageTest@40005471]" name="TC05_selectFlightByIndex" class="com.blazedemo.tests.ReservePageTest"/>
        <method signature="ReservePageTest.TC06_selectFlightByAirline()[pri:6, instance:com.blazedemo.tests.ReservePageTest@40005471]" name="TC06_selectFlightByAirline" class="com.blazedemo.tests.ReservePageTest"/>
        <method signature="PurchasePageTest.TC07_fillBookingDetails(java.lang.String,java.lang.String,java.lang.String,java.lang.String,java.lang.String,java.lang.String,java.lang.String,java.lang.String,java.lang.String,java.lang.String,java.lang.String,java.lang.String)[pri:7, instance:com.blazedemo.tests.PurchasePageTest@4b2bac3f]" name="TC07_fillBookingDetails" class="com.blazedemo.tests.PurchasePageTest"/>
      </group> <!-- functional -->
      <group name="purchase">
        <method signature="PurchasePageTest.TC07_fillBookingDetails(java.lang.String,java.lang.String,java.lang.String,java.lang.String,java.lang.String,java.lang.String,java.lang.String,java.lang.String,java.lang.String,java.lang.String,java.lang.String,java.lang.String)[pri:7, instance:com.blazedemo.tests.PurchasePageTest@4b2bac3f]" name="TC07_fillBookingDetails" class="com.blazedemo.tests.PurchasePageTest"/>
      </group> <!-- purchase -->
      <group name="reserve">
        <method signature="ReservePageTest.TC04_selectFirstFlight()[pri:4, instance:com.blazedemo.tests.ReservePageTest@40005471]" name="TC04_selectFirstFlight" class="com.blazedemo.tests.ReservePageTest"/>
        <method signature="ReservePageTest.TC05_selectFlightByIndex()[pri:5, instance:com.blazedemo.tests.ReservePageTest@40005471]" name="TC05_selectFlightByIndex" class="com.blazedemo.tests.ReservePageTest"/>
        <method signature="ReservePageTest.TC06_selectFlightByAirline()[pri:6, instance:com.blazedemo.tests.ReservePageTest@40005471]" name="TC06_selectFlightByAirline" class="com.blazedemo.tests.ReservePageTest"/>
      </group> <!-- reserve -->
      <group name="smoke">
        <method signature="HomePageTest.TC01_verifyHomePageLoaded()[pri:1, instance:com.blazedemo.tests.HomePageTest@2cd76f31]" name="TC01_verifyHomePageLoaded" class="com.blazedemo.tests.HomePageTest"/>
        <method signature="HomePageTest.TC02_verifyCitiesDropdown()[pri:2, instance:com.blazedemo.tests.HomePageTest@2cd76f31]" name="TC02_verifyCitiesDropdown" class="com.blazedemo.tests.HomePageTest"/>
      </group> <!-- smoke -->
      <group name="homepage">
        <method signature="HomePageTest.TC01_verifyHomePageLoaded()[pri:1, instance:com.blazedemo.tests.HomePageTest@2cd76f31]" name="TC01_verifyHomePageLoaded" class="com.blazedemo.tests.HomePageTest"/>
        <method signature="HomePageTest.TC02_verifyCitiesDropdown()[pri:2, instance:com.blazedemo.tests.HomePageTest@2cd76f31]" name="TC02_verifyCitiesDropdown" class="com.blazedemo.tests.HomePageTest"/>
        <method signature="HomePageTest.TC03_searchFlights()[pri:3, instance:com.blazedemo.tests.HomePageTest@2cd76f31]" name="TC03_searchFlights" class="com.blazedemo.tests.HomePageTest"/>
      </group> <!-- homepage -->
    </groups>
    <test started-at="2026-03-31T16:10:54 IST" name="Test" finished-at="2026-03-31T16:11:37 IST" duration-ms="42641">
      <class name="com.blazedemo.tests.PurchasePageTest">
        <test-method is-config="true" signature="setup(java.lang.reflect.Method)[pri:0, instance:com.blazedemo.tests.PurchasePageTest@4b2bac3f]" started-at="2026-03-31T16:10:55 IST" name="setup" finished-at="2026-03-31T16:10:59 IST" duration-ms="4417" status="PASS">
          <params>
            <param index="0">
              <value>
                <![CDATA[public void com.blazedemo.tests.PurchasePageTest.TC07_fillBookingDetails(java.lang.String,java.lang.String,java.lang.String,java.lang.String,java.lang.String,java.lang.String,java.lang.String,java.lang.String,java.lang.String,java.lang.String,java.lang.String,java.lang.String)]]>
              </value>
            </param>
          </params>
          <reporter-output>
          </reporter-output>
        </test-method> <!-- setup -->
        <test-method signature="TC07_fillBookingDetails(java.lang.String,java.lang.String,java.lang.String,java.lang.String,java.lang.String,java.lang.String,java.lang.String,java.lang.String,java.lang.String,java.lang.String,java.lang.String,java.lang.String)[pri:7, instance:com.blazedemo.tests.PurchasePageTest@4b2bac3f]" started-at="2026-03-31T16:10:59 IST" name="TC07_fillBookingDetails" data-provider="cardData" finished-at="2026-03-31T16:11:04 IST" duration-ms="4649" status="PASS">
          <params>
            <param index="0">
              <value>
                <![CDATA[Boston]]>
              </value>
            </param>
            <param index="1">
              <value>
                <![CDATA[New York]]>
              </value>
            </param>
            <param index="2">
              <value>
                <![CDATA[Sourabh]]>
              </value>
            </param>
            <param index="3">
              <value>
                <![CDATA[Andheri]]>
              </value>
            </param>
            <param index="4">
              <value>
                <![CDATA[Mumbai]]>
              </value>
            </param>
            <param index="5">
              <value>
                <![CDATA[MH]]>
              </value>
            </param>
            <param index="6">
              <value>
                <![CDATA[400001]]>
              </value>
            </param>
            <param index="7">
              <value>
                <![CDATA[Visa]]>
              </value>
            </param>
            <param index="8">
              <value>
                <![CDATA[444544544454]]>
              </value>
            </param>
            <param index="9">
              <value>
                <![CDATA[12.0]]>
              </value>
            </param>
            <param index="10">
              <value>
                <![CDATA[2026.0]]>
              </value>
            </param>
            <param index="11">
              <value>
                <![CDATA[Sourabh Patil]]>
              </value>
            </param>
          </params>
          <reporter-output>
          </reporter-output>
        </test-method> <!-- TC07_fillBookingDetails -->
        <test-method is-config="true" signature="tearDown(org.testng.ITestResult)[pri:0, instance:com.blazedemo.tests.PurchasePageTest@4b2bac3f]" started-at="2026-03-31T16:11:04 IST" name="tearDown" finished-at="2026-03-31T16:11:04 IST" duration-ms="120" status="PASS">
          <params>
            <param index="0">
              <value>
                <![CDATA[[TestResult name=TC07_fillBookingDetails status=SUCCESS method=PurchasePageTest.TC07_fillBookingDetails(java.lang.String,java.lang.String,java.lang.String,java.lang.String,java.lang.String,java.lang.String,java.lang.String,java.lang.String,java.lang.String,java.lang.String,java.lang.String,java.lang.String)[pri:7, instance:com.blazedemo.tests.PurchasePageTest@4b2bac3f] output={null}]]]>
              </value>
            </param>
          </params>
          <reporter-output>
          </reporter-output>
        </test-method> <!-- tearDown -->
        <test-method is-config="true" signature="setup(java.lang.reflect.Method)[pri:0, instance:com.blazedemo.tests.PurchasePageTest@4b2bac3f]" started-at="2026-03-31T16:11:04 IST" name="setup" finished-at="2026-03-31T16:11:07 IST" duration-ms="3057" status="PASS">
          <params>
            <param index="0">
              <value>
                <![CDATA[public void com.blazedemo.tests.PurchasePageTest.TC07_fillBookingDetails(java.lang.String,java.lang.String,java.lang.String,java.lang.String,java.lang.String,java.lang.String,java.lang.String,java.lang.String,java.lang.String,java.lang.String,java.lang.String,java.lang.String)]]>
              </value>
            </param>
          </params>
          <reporter-output>
          </reporter-output>
        </test-method> <!-- setup -->
        <test-method signature="TC07_fillBookingDetails(java.lang.String,java.lang.String,java.lang.String,java.lang.String,java.lang.String,java.lang.String,java.lang.String,java.lang.String,java.lang.String,java.lang.String,java.lang.String,java.lang.String)[pri:7, instance:com.blazedemo.tests.PurchasePageTest@4b2bac3f]" started-at="2026-03-31T16:11:07 IST" name="TC07_fillBookingDetails" data-provider="cardData" finished-at="2026-03-31T16:11:15 IST" duration-ms="8497" status="PASS">
          <params>
            <param index="0">
              <value>
                <![CDATA[Philadelphia]]>
              </value>
            </param>
            <param index="1">
              <value>
                <![CDATA[London]]>
              </value>
            </param>
            <param index="2">
              <value>
                <![CDATA[Akshay]]>
              </value>
            </param>
            <param index="3">
              <value>
                <![CDATA[Pune Camp]]>
              </value>
            </param>
            <param index="4">
              <value>
                <![CDATA[Pune]]>
              </value>
            </param>
            <param index="5">
              <value>
                <![CDATA[MH]]>
              </value>
            </param>
            <param index="6">
              <value>
                <![CDATA[411001]]>
              </value>
            </param>
            <param index="7">
              <value>
                <![CDATA[American Express]]>
              </value>
            </param>
            <param index="8">
              <value>
                <![CDATA[8989885]]>
              </value>
            </param>
            <param index="9">
              <value>
                <![CDATA[11.0]]>
              </value>
            </param>
            <param index="10">
              <value>
                <![CDATA[2025.0]]>
              </value>
            </param>
            <param index="11">
              <value>
                <![CDATA[Akshay Sagavkar]]>
              </value>
            </param>
          </params>
          <reporter-output>
          </reporter-output>
        </test-method> <!-- TC07_fillBookingDetails -->
        <test-method is-config="true" signature="tearDown(org.testng.ITestResult)[pri:0, instance:com.blazedemo.tests.PurchasePageTest@4b2bac3f]" started-at="2026-03-31T16:11:15 IST" name="tearDown" finished-at="2026-03-31T16:11:15 IST" duration-ms="107" status="PASS">
          <params>
            <param index="0">
              <value>
                <![CDATA[[TestResult name=TC07_fillBookingDetails status=SUCCESS method=PurchasePageTest.TC07_fillBookingDetails(java.lang.String,java.lang.String,java.lang.String,java.lang.String,java.lang.String,java.lang.String,java.lang.String,java.lang.String,java.lang.String,java.lang.String,java.lang.String,java.lang.String)[pri:7, instance:com.blazedemo.tests.PurchasePageTest@4b2bac3f] output={null}]]]>
              </value>
            </param>
          </params>
          <reporter-output>
          </reporter-output>
        </test-method> <!-- tearDown -->
        <test-method is-config="true" signature="setup(java.lang.reflect.Method)[pri:0, instance:com.blazedemo.tests.PurchasePageTest@4b2bac3f]" started-at="2026-03-31T16:11:15 IST" name="setup" finished-at="2026-03-31T16:11:18 IST" duration-ms="2137" status="PASS">
          <params>
            <param index="0">
              <value>
                <![CDATA[public void com.blazedemo.tests.PurchasePageTest.TC07_fillBookingDetails(java.lang.String,java.lang.String,java.lang.String,java.lang.String,java.lang.String,java.lang.String,java.lang.String,java.lang.String,java.lang.String,java.lang.String,java.lang.String,java.lang.String)]]>
              </value>
            </param>
          </params>
          <reporter-output>
          </reporter-output>
        </test-method> <!-- setup -->
        <test-method signature="TC07_fillBookingDetails(java.lang.String,java.lang.String,java.lang.String,java.lang.String,java.lang.String,java.lang.String,java.lang.String,java.lang.String,java.lang.String,java.lang.String,java.lang.String,java.lang.String)[pri:7, instance:com.blazedemo.tests.PurchasePageTest@4b2bac3f]" started-at="2026-03-31T16:11:18 IST" name="TC07_fillBookingDetails" data-provider="cardData" finished-at="2026-03-31T16:11:20 IST" duration-ms="2580" status="PASS">
          <params>
            <param index="0">
              <value>
                <![CDATA[Paris]]>
              </value>
            </param>
            <param index="1">
              <value>
                <![CDATA[Rome]]>
              </value>
            </param>
            <param index="2">
              <value>
                <![CDATA[Amol ]]>
              </value>
            </param>
            <param index="3">
              <value>
                <![CDATA[Nashik Road]]>
              </value>
            </param>
            <param index="4">
              <value>
                <![CDATA[Nashik]]>
              </value>
            </param>
            <param index="5">
              <value>
                <![CDATA[MH]]>
              </value>
            </param>
            <param index="6">
              <value>
                <![CDATA[422001]]>
              </value>
            </param>
            <param index="7">
              <value>
                <![CDATA[Visa]]>
              </value>
            </param>
            <param index="8">
              <value>
                <![CDATA[252181851]]>
              </value>
            </param>
            <param index="9">
              <value>
                <![CDATA[10.0]]>
              </value>
            </param>
            <param index="10">
              <value>
                <![CDATA[2027.0]]>
              </value>
            </param>
            <param index="11">
              <value>
                <![CDATA[Amol Katkar]]>
              </value>
            </param>
          </params>
          <reporter-output>
          </reporter-output>
        </test-method> <!-- TC07_fillBookingDetails -->
        <test-method is-config="true" signature="tearDown(org.testng.ITestResult)[pri:0, instance:com.blazedemo.tests.PurchasePageTest@4b2bac3f]" started-at="2026-03-31T16:11:20 IST" name="tearDown" finished-at="2026-03-31T16:11:20 IST" duration-ms="117" status="PASS">
          <params>
            <param index="0">
              <value>
                <![CDATA[[TestResult name=TC07_fillBookingDetails status=SUCCESS method=PurchasePageTest.TC07_fillBookingDetails(java.lang.String,java.lang.String,java.lang.String,java.lang.String,java.lang.String,java.lang.String,java.lang.String,java.lang.String,java.lang.String,java.lang.String,java.lang.String,java.lang.String)[pri:7, instance:com.blazedemo.tests.PurchasePageTest@4b2bac3f] output={null}]]]>
              </value>
            </param>
          </params>
          <reporter-output>
          </reporter-output>
        </test-method> <!-- tearDown -->
        <test-method is-config="true" signature="setup(java.lang.reflect.Method)[pri:0, instance:com.blazedemo.tests.PurchasePageTest@4b2bac3f]" started-at="2026-03-31T16:11:20 IST" name="setup" finished-at="2026-03-31T16:11:23 IST" duration-ms="2941" status="PASS">
          <params>
            <param index="0">
              <value>
                <![CDATA[public void com.blazedemo.tests.PurchasePageTest.TC07_fillBookingDetails(java.lang.String,java.lang.String,java.lang.String,java.lang.String,java.lang.String,java.lang.String,java.lang.String,java.lang.String,java.lang.String,java.lang.String,java.lang.String,java.lang.String)]]>
              </value>
            </param>
          </params>
          <reporter-output>
          </reporter-output>
        </test-method> <!-- setup -->
        <test-method signature="TC07_fillBookingDetails(java.lang.String,java.lang.String,java.lang.String,java.lang.String,java.lang.String,java.lang.String,java.lang.String,java.lang.String,java.lang.String,java.lang.String,java.lang.String,java.lang.String)[pri:7, instance:com.blazedemo.tests.PurchasePageTest@4b2bac3f]" started-at="2026-03-31T16:11:23 IST" name="TC07_fillBookingDetails" data-provider="cardData" finished-at="2026-03-31T16:11:26 IST" duration-ms="2541" status="PASS">
          <params>
            <param index="0">
              <value>
                <![CDATA[Boston]]>
              </value>
            </param>
            <param index="1">
              <value>
                <![CDATA[Berlin]]>
              </value>
            </param>
            <param index="2">
              <value>
                <![CDATA[Saba ]]>
              </value>
            </param>
            <param index="3">
              <value>
                <![CDATA[Dadar]]>
              </value>
            </param>
            <param index="4">
              <value>
                <![CDATA[Mumbai]]>
              </value>
            </param>
            <param index="5">
              <value>
                <![CDATA[MH]]>
              </value>
            </param>
            <param index="6">
              <value>
                <![CDATA[400014]]>
              </value>
            </param>
            <param index="7">
              <value>
                <![CDATA[Diner's Club]]>
              </value>
            </param>
            <param index="8">
              <value>
                <![CDATA[515616161]]>
              </value>
            </param>
            <param index="9">
              <value>
                <![CDATA[9.0]]>
              </value>
            </param>
            <param index="10">
              <value>
                <![CDATA[2026.0]]>
              </value>
            </param>
            <param index="11">
              <value>
                <![CDATA[Saba Shaikh]]>
              </value>
            </param>
          </params>
          <reporter-output>
          </reporter-output>
        </test-method> <!-- TC07_fillBookingDetails -->
        <test-method is-config="true" signature="tearDown(org.testng.ITestResult)[pri:0, instance:com.blazedemo.tests.PurchasePageTest@4b2bac3f]" started-at="2026-03-31T16:11:26 IST" name="tearDown" finished-at="2026-03-31T16:11:26 IST" duration-ms="101" status="PASS">
          <params>
            <param index="0">
              <value>
                <![CDATA[[TestResult name=TC07_fillBookingDetails status=SUCCESS method=PurchasePageTest.TC07_fillBookingDetails(java.lang.String,java.lang.String,java.lang.String,java.lang.String,java.lang.String,java.lang.String,java.lang.String,java.lang.String,java.lang.String,java.lang.String,java.lang.String,java.lang.String)[pri:7, instance:com.blazedemo.tests.PurchasePageTest@4b2bac3f] output={null}]]]>
              </value>
            </param>
          </params>
          <reporter-output>
          </reporter-output>
        </test-method> <!-- tearDown -->
        <test-method is-config="true" signature="flushReport()[pri:0, instance:com.blazedemo.tests.PurchasePageTest@4b2bac3f]" started-at="2026-03-31T16:11:36 IST" name="flushReport" finished-at="2026-03-31T16:11:37 IST" duration-ms="167" status="PASS">
          <reporter-output>
          </reporter-output>
        </test-method> <!-- flushReport -->
      </class> <!-- com.blazedemo.tests.PurchasePageTest -->
      <class name="com.blazedemo.tests.ReservePageTest">
        <test-method is-config="true" signature="setup(java.lang.reflect.Method)[pri:0, instance:com.blazedemo.tests.ReservePageTest@40005471]" started-at="2026-03-31T16:10:54 IST" name="setup" finished-at="2026-03-31T16:10:57 IST" duration-ms="2957" status="PASS">
          <params>
            <param index="0">
              <value>
                <![CDATA[public void com.blazedemo.tests.ReservePageTest.TC04_selectFirstFlight()]]>
              </value>
            </param>
          </params>
          <reporter-output>
          </reporter-output>
        </test-method> <!-- setup -->
        <test-method signature="TC04_selectFirstFlight()[pri:4, instance:com.blazedemo.tests.ReservePageTest@40005471]" started-at="2026-03-31T16:10:57 IST" name="TC04_selectFirstFlight" finished-at="2026-03-31T16:10:59 IST" duration-ms="2074" status="PASS">
          <reporter-output>
          </reporter-output>
        </test-method> <!-- TC04_selectFirstFlight -->
        <test-method is-config="true" signature="tearDown(org.testng.ITestResult)[pri:0, instance:com.blazedemo.tests.ReservePageTest@40005471]" started-at="2026-03-31T16:10:59 IST" name="tearDown" finished-at="2026-03-31T16:10:59 IST" duration-ms="108" status="PASS">
          <params>
            <param index="0">
              <value>
                <![CDATA[[TestResult name=TC04_selectFirstFlight status=SUCCESS method=ReservePageTest.TC04_selectFirstFlight()[pri:4, instance:com.blazedemo.tests.ReservePageTest@40005471] output={null}]]]>
              </value>
            </param>
          </params>
          <reporter-output>
          </reporter-output>
        </test-method> <!-- tearDown -->
        <test-method is-config="true" signature="setup(java.lang.reflect.Method)[pri:0, instance:com.blazedemo.tests.ReservePageTest@40005471]" started-at="2026-03-31T16:10:59 IST" name="setup" finished-at="2026-03-31T16:11:01 IST" duration-ms="1968" status="PASS">
          <params>
            <param index="0">
              <value>
                <![CDATA[public void com.blazedemo.tests.ReservePageTest.TC05_selectFlightByIndex()]]>
              </value>
            </param>
          </params>
          <reporter-output>
          </reporter-output>
        </test-method> <!-- setup -->
        <test-method signature="TC05_selectFlightByIndex()[pri:5, instance:com.blazedemo.tests.ReservePageTest@40005471]" started-at="2026-03-31T16:11:01 IST" name="TC05_selectFlightByIndex" finished-at="2026-03-31T16:11:03 IST" duration-ms="2169" status="PASS">
          <reporter-output>
          </reporter-output>
        </test-method> <!-- TC05_selectFlightByIndex -->
        <test-method is-config="true" signature="tearDown(org.testng.ITestResult)[pri:0, instance:com.blazedemo.tests.ReservePageTest@40005471]" started-at="2026-03-31T16:11:03 IST" name="tearDown" finished-at="2026-03-31T16:11:03 IST" duration-ms="130" status="PASS">
          <params>
            <param index="0">
              <value>
                <![CDATA[[TestResult name=TC05_selectFlightByIndex status=SUCCESS method=ReservePageTest.TC05_selectFlightByIndex()[pri:5, instance:com.blazedemo.tests.ReservePageTest@40005471] output={null}]]]>
              </value>
            </param>
          </params>
          <reporter-output>
          </reporter-output>
        </test-method> <!-- tearDown -->
        <test-method is-config="true" signature="setup(java.lang.reflect.Method)[pri:0, instance:com.blazedemo.tests.ReservePageTest@40005471]" started-at="2026-03-31T16:11:03 IST" name="setup" finished-at="2026-03-31T16:11:07 IST" duration-ms="3399" status="PASS">
          <params>
            <param index="0">
              <value>
                <![CDATA[public void com.blazedemo.tests.ReservePageTest.TC06_selectFlightByAirline()]]>
              </value>
            </param>
          </params>
          <reporter-output>
          </reporter-output>
        </test-method> <!-- setup -->
        <test-method signature="TC06_selectFlightByAirline()[pri:6, instance:com.blazedemo.tests.ReservePageTest@40005471]" started-at="2026-03-31T16:11:07 IST" name="TC06_selectFlightByAirline" finished-at="2026-03-31T16:11:10 IST" duration-ms="3110" status="PASS">
          <reporter-output>
          </reporter-output>
        </test-method> <!-- TC06_selectFlightByAirline -->
        <test-method is-config="true" signature="tearDown(org.testng.ITestResult)[pri:0, instance:com.blazedemo.tests.ReservePageTest@40005471]" started-at="2026-03-31T16:11:10 IST" name="tearDown" finished-at="2026-03-31T16:11:10 IST" duration-ms="106" status="PASS">
          <params>
            <param index="0">
              <value>
                <![CDATA[[TestResult name=TC06_selectFlightByAirline status=SUCCESS method=ReservePageTest.TC06_selectFlightByAirline()[pri:6, instance:com.blazedemo.tests.ReservePageTest@40005471] output={null}]]]>
              </value>
            </param>
          </params>
          <reporter-output>
          </reporter-output>
        </test-method> <!-- tearDown -->
      </class> <!-- com.blazedemo.tests.ReservePageTest -->
      <class name="com.blazedemo.tests.HomePageTest">
        <test-method is-config="true" signature="setup(java.lang.reflect.Method)[pri:0, instance:com.blazedemo.tests.HomePageTest@2cd76f31]" started-at="2026-03-31T16:10:54 IST" name="setup" finished-at="2026-03-31T16:10:57 IST" duration-ms="3045" status="PASS">
          <params>
            <param index="0">
              <value>
                <![CDATA[public void com.blazedemo.tests.HomePageTest.TC01_verifyHomePageLoaded()]]>
              </value>
            </param>
          </params>
          <reporter-output>
          </reporter-output>
        </test-method> <!-- setup -->
        <test-method signature="TC01_verifyHomePageLoaded()[pri:1, instance:com.blazedemo.tests.HomePageTest@2cd76f31]" started-at="2026-03-31T16:10:57 IST" name="TC01_verifyHomePageLoaded" finished-at="2026-03-31T16:10:57 IST" duration-ms="36" status="PASS">
          <reporter-output>
          </reporter-output>
        </test-method> <!-- TC01_verifyHomePageLoaded -->
        <test-method is-config="true" signature="tearDown(org.testng.ITestResult)[pri:0, instance:com.blazedemo.tests.HomePageTest@2cd76f31]" started-at="2026-03-31T16:10:57 IST" name="tearDown" finished-at="2026-03-31T16:10:57 IST" duration-ms="90" status="PASS">
          <params>
            <param index="0">
              <value>
                <![CDATA[[TestResult name=TC01_verifyHomePageLoaded status=SUCCESS method=HomePageTest.TC01_verifyHomePageLoaded()[pri:1, instance:com.blazedemo.tests.HomePageTest@2cd76f31] output={null}]]]>
              </value>
            </param>
          </params>
          <reporter-output>
          </reporter-output>
        </test-method> <!-- tearDown -->
        <test-method is-config="true" signature="setup(java.lang.reflect.Method)[pri:0, instance:com.blazedemo.tests.HomePageTest@2cd76f31]" started-at="2026-03-31T16:10:57 IST" name="setup" finished-at="2026-03-31T16:11:00 IST" duration-ms="2366" status="PASS">
          <params>
            <param index="0">
              <value>
                <![CDATA[public void com.blazedemo.tests.HomePageTest.TC02_verifyCitiesDropdown()]]>
              </value>
            </param>
          </params>
          <reporter-output>
          </reporter-output>
        </test-method> <!-- setup -->
        <test-method signature="TC02_verifyCitiesDropdown()[pri:2, instance:com.blazedemo.tests.HomePageTest@2cd76f31]" started-at="2026-03-31T16:11:00 IST" name="TC02_verifyCitiesDropdown" finished-at="2026-03-31T16:11:00 IST" duration-ms="168" status="PASS">
          <reporter-output>
          </reporter-output>
        </test-method> <!-- TC02_verifyCitiesDropdown -->
        <test-method is-config="true" signature="tearDown(org.testng.ITestResult)[pri:0, instance:com.blazedemo.tests.HomePageTest@2cd76f31]" started-at="2026-03-31T16:11:00 IST" name="tearDown" finished-at="2026-03-31T16:11:00 IST" duration-ms="88" status="PASS">
          <params>
            <param index="0">
              <value>
                <![CDATA[[TestResult name=TC02_verifyCitiesDropdown status=SUCCESS method=HomePageTest.TC02_verifyCitiesDropdown()[pri:2, instance:com.blazedemo.tests.HomePageTest@2cd76f31] output={null}]]]>
              </value>
            </param>
          </params>
          <reporter-output>
          </reporter-output>
        </test-method> <!-- tearDown -->
        <test-method is-config="true" signature="setup(java.lang.reflect.Method)[pri:0, instance:com.blazedemo.tests.HomePageTest@2cd76f31]" started-at="2026-03-31T16:11:00 IST" name="setup" finished-at="2026-03-31T16:11:01 IST" duration-ms="1676" status="PASS">
          <params>
            <param index="0">
              <value>
                <![CDATA[public void com.blazedemo.tests.HomePageTest.TC03_searchFlights()]]>
              </value>
            </param>
          </params>
          <reporter-output>
          </reporter-output>
        </test-method> <!-- setup -->
        <test-method signature="TC03_searchFlights()[pri:3, instance:com.blazedemo.tests.HomePageTest@2cd76f31]" started-at="2026-03-31T16:11:01 IST" name="TC03_searchFlights" finished-at="2026-03-31T16:11:03 IST" duration-ms="1803" status="PASS">
          <reporter-output>
          </reporter-output>
        </test-method> <!-- TC03_searchFlights -->
        <test-method is-config="true" signature="tearDown(org.testng.ITestResult)[pri:0, instance:com.blazedemo.tests.HomePageTest@2cd76f31]" started-at="2026-03-31T16:11:03 IST" name="tearDown" finished-at="2026-03-31T16:11:03 IST" duration-ms="128" status="PASS">
          <params>
            <param index="0">
              <value>
                <![CDATA[[TestResult name=TC03_searchFlights status=SUCCESS method=HomePageTest.TC03_searchFlights()[pri:3, instance:com.blazedemo.tests.HomePageTest@2cd76f31] output={null}]]]>
              </value>
            </param>
          </params>
          <reporter-output>
          </reporter-output>
        </test-method> <!-- tearDown -->
      </class> <!-- com.blazedemo.tests.HomePageTest -->
      <class name="com.blazedemo.tests.NegativeTest">
        <test-method is-config="true" signature="setup(java.lang.reflect.Method)[pri:0, instance:com.blazedemo.tests.NegativeTest@367ffa75]" started-at="2026-03-31T16:10:54 IST" name="setup" finished-at="2026-03-31T16:10:58 IST" duration-ms="3992" status="PASS">
          <params>
            <param index="0">
              <value>
                <![CDATA[public void com.blazedemo.tests.NegativeTest.TC08_blankFormSubmission()]]>
              </value>
            </param>
          </params>
          <reporter-output>
          </reporter-output>
        </test-method> <!-- setup -->
        <test-method signature="TC08_blankFormSubmission()[pri:8, instance:com.blazedemo.tests.NegativeTest@367ffa75]" started-at="2026-03-31T16:10:58 IST" name="TC08_blankFormSubmission" finished-at="2026-03-31T16:11:01 IST" duration-ms="2714" status="PASS">
          <reporter-output>
          </reporter-output>
        </test-method> <!-- TC08_blankFormSubmission -->
        <test-method is-config="true" signature="tearDown(org.testng.ITestResult)[pri:0, instance:com.blazedemo.tests.NegativeTest@367ffa75]" started-at="2026-03-31T16:11:01 IST" name="tearDown" finished-at="2026-03-31T16:11:01 IST" duration-ms="79" status="PASS">
          <params>
            <param index="0">
              <value>
                <![CDATA[[TestResult name=TC08_blankFormSubmission status=SUCCESS method=NegativeTest.TC08_blankFormSubmission()[pri:8, instance:com.blazedemo.tests.NegativeTest@367ffa75] output={null}]]]>
              </value>
            </param>
          </params>
          <reporter-output>
          </reporter-output>
        </test-method> <!-- tearDown -->
        <test-method is-config="true" signature="setup(java.lang.reflect.Method)[pri:0, instance:com.blazedemo.tests.NegativeTest@367ffa75]" started-at="2026-03-31T16:11:01 IST" name="setup" finished-at="2026-03-31T16:11:08 IST" duration-ms="7138" status="PASS">
          <params>
            <param index="0">
              <value>
                <![CDATA[public void com.blazedemo.tests.NegativeTest.TC09_invalidCardDetails()]]>
              </value>
            </param>
          </params>
          <reporter-output>
          </reporter-output>
        </test-method> <!-- setup -->
        <test-method signature="TC09_invalidCardDetails()[pri:9, instance:com.blazedemo.tests.NegativeTest@367ffa75]" started-at="2026-03-31T16:11:08 IST" name="TC09_invalidCardDetails" finished-at="2026-03-31T16:11:10 IST" duration-ms="2299" status="PASS">
          <reporter-output>
          </reporter-output>
        </test-method> <!-- TC09_invalidCardDetails -->
        <test-method is-config="true" signature="tearDown(org.testng.ITestResult)[pri:0, instance:com.blazedemo.tests.NegativeTest@367ffa75]" started-at="2026-03-31T16:11:10 IST" name="tearDown" finished-at="2026-03-31T16:11:10 IST" duration-ms="83" status="PASS">
          <params>
            <param index="0">
              <value>
                <![CDATA[[TestResult name=TC09_invalidCardDetails status=SUCCESS method=NegativeTest.TC09_invalidCardDetails()[pri:9, instance:com.blazedemo.tests.NegativeTest@367ffa75] output={null}]]]>
              </value>
            </param>
          </params>
          <reporter-output>
          </reporter-output>
        </test-method> <!-- tearDown -->
        <test-method is-config="true" signature="setup(java.lang.reflect.Method)[pri:0, instance:com.blazedemo.tests.NegativeTest@367ffa75]" started-at="2026-03-31T16:11:10 IST" name="setup" finished-at="2026-03-31T16:11:16 IST" duration-ms="5641" status="PASS">
          <params>
            <param index="0">
              <value>
                <![CDATA[public void com.blazedemo.tests.NegativeTest.TC10_sameCitySelection()]]>
              </value>
            </param>
          </params>
          <reporter-output>
          </reporter-output>
        </test-method> <!-- setup -->
        <test-method signature="TC10_sameCitySelection()[pri:10, instance:com.blazedemo.tests.NegativeTest@367ffa75]" started-at="2026-03-31T16:11:16 IST" name="TC10_sameCitySelection" finished-at="2026-03-31T16:11:36 IST" duration-ms="20248" status="FAIL">
          <exception class="org.openqa.selenium.NoSuchElementException">
            <message>
              <![CDATA[Cannot locate option with text: Boston
For documentation on this error, please visit: https://www.selenium.dev/documentation/webdriver/troubleshooting/errors#nosuchelementexception
Build info: version: '4.41.0', revision: '9fc754f'
System info: os.name: 'Windows 11', os.arch: 'amd64', os.version: '10.0', java.version: '21.0.8'
Driver info: driver.version: unknown]]>
            </message>
            <full-stacktrace>
              <![CDATA[org.openqa.selenium.NoSuchElementException: Cannot locate option with text: Boston
For documentation on this error, please visit: https://www.selenium.dev/documentation/webdriver/troubleshooting/errors#nosuchelementexception
Build info: version: '4.41.0', revision: '9fc754f'
System info: os.name: 'Windows 11', os.arch: 'amd64', os.version: '10.0', java.version: '21.0.8'
Driver info: driver.version: unknown
at org.openqa.selenium.support.ui.Select.selectByVisibleText(Select.java:400)
at org.openqa.selenium.support.ui.Select.selectByVisibleText(Select.java:128)
at com.blazedemo.pages.HomePage.selectCities(HomePage.java:73)
at com.blazedemo.tests.NegativeTest.TC10_sameCitySelection(NegativeTest.java:48)
at java.base/jdk.internal.reflect.DirectMethodHandleAccessor.invoke(DirectMethodHandleAccessor.java:103)
at java.base/java.lang.reflect.Method.invoke(Method.java:580)
at org.testng.internal.invokers.MethodInvocationHelper.invokeMethod(MethodInvocationHelper.java:141)
at org.testng.internal.invokers.TestInvoker.invokeMethod(TestInvoker.java:687)
at org.testng.internal.invokers.TestInvoker.invokeTestMethod(TestInvoker.java:230)
at org.testng.internal.invokers.MethodRunner.runInSequence(MethodRunner.java:63)
at org.testng.internal.invokers.TestInvoker$MethodInvocationAgent.invoke(TestInvoker.java:995)
at org.testng.internal.invokers.TestInvoker.invokeTestMethods(TestInvoker.java:203)
at org.testng.internal.invokers.TestMethodWorker.invokeTestMethods(TestMethodWorker.java:154)
at org.testng.internal.invokers.TestMethodWorker.run(TestMethodWorker.java:134)
at java.base/java.util.concurrent.Executors$RunnableAdapter.call(Executors.java:572)
at java.base/java.util.concurrent.FutureTask.run(FutureTask.java:317)
at org.testng.internal.thread.graph.TestNGFutureTask.run(TestNGFutureTask.java:22)
at java.base/java.util.concurrent.ThreadPoolExecutor.runWorker(ThreadPoolExecutor.java:1144)
at java.base/java.util.concurrent.ThreadPoolExecutor$Worker.run(ThreadPoolExecutor.java:642)
at java.base/java.lang.Thread.run(Thread.java:1583)
]]>
            </full-stacktrace>
          </exception> <!-- org.openqa.selenium.NoSuchElementException -->
          <reporter-output>
          </reporter-output>
        </test-method> <!-- TC10_sameCitySelection -->
        <test-method is-config="true" signature="tearDown(org.testng.ITestResult)[pri:0, instance:com.blazedemo.tests.NegativeTest@367ffa75]" started-at="2026-03-31T16:11:36 IST" name="tearDown" finished-at="2026-03-31T16:11:36 IST" duration-ms="232" status="PASS">
          <params>
            <param index="0">
              <value>
                <![CDATA[[TestResult name=TC10_sameCitySelection status=FAILURE method=NegativeTest.TC10_sameCitySelection()[pri:10, instance:com.blazedemo.tests.NegativeTest@367ffa75] output={null}]]]>
              </value>
            </param>
          </params>
          <reporter-output>
          </reporter-output>
        </test-method> <!-- tearDown -->
      </class> <!-- com.blazedemo.tests.NegativeTest -->
    </test> <!-- Test -->
  </suite> <!-- Suite -->
</testng-results>
