<?xml version="1.0" encoding="UTF-8"?>
<testng-results ignored="6" total="16" passed="10" failed="0" skipped="0">
  <reporter-output>
  </reporter-output>
  <suite started-at="2026-04-04T11:58:13 IST" name="Suite" finished-at="2026-04-04T11:58:57 IST" duration-ms="44420">
    <groups>
      <group name="functional">
        <method signature="HomePageTest.TC03_searchFlights()[pri:3, instance:com.blazedemo.tests.HomePageTest@78691363]" name="TC03_searchFlights" class="com.blazedemo.tests.HomePageTest"/>
        <method signature="ReservePageTest.TC04_selectFirstFlight()[pri:4, instance:com.blazedemo.tests.ReservePageTest@1bb5a082]" name="TC04_selectFirstFlight" class="com.blazedemo.tests.ReservePageTest"/>
        <method signature="ReservePageTest.TC05_selectFlightByIndex()[pri:5, instance:com.blazedemo.tests.ReservePageTest@1bb5a082]" name="TC05_selectFlightByIndex" class="com.blazedemo.tests.ReservePageTest"/>
        <method signature="ReservePageTest.TC06_selectFlightByAirline()[pri:6, instance:com.blazedemo.tests.ReservePageTest@1bb5a082]" name="TC06_selectFlightByAirline" class="com.blazedemo.tests.ReservePageTest"/>
        <method signature="PurchasePageTest.TC07_fillBookingDetails(java.lang.String,java.lang.String,java.lang.String,java.lang.String,java.lang.String,java.lang.String,java.lang.String,java.lang.String,java.lang.String,java.lang.String,java.lang.String,java.lang.String)[pri:7, instance:com.blazedemo.tests.PurchasePageTest@76505305]" name="TC07_fillBookingDetails" class="com.blazedemo.tests.PurchasePageTest"/>
      </group> <!-- functional -->
      <group name="purchase">
        <method signature="PurchasePageTest.TC07_fillBookingDetails(java.lang.String,java.lang.String,java.lang.String,java.lang.String,java.lang.String,java.lang.String,java.lang.String,java.lang.String,java.lang.String,java.lang.String,java.lang.String,java.lang.String)[pri:7, instance:com.blazedemo.tests.PurchasePageTest@76505305]" name="TC07_fillBookingDetails" class="com.blazedemo.tests.PurchasePageTest"/>
      </group> <!-- purchase -->
      <group name="reserve">
        <method signature="ReservePageTest.TC04_selectFirstFlight()[pri:4, instance:com.blazedemo.tests.ReservePageTest@1bb5a082]" name="TC04_selectFirstFlight" class="com.blazedemo.tests.ReservePageTest"/>
        <method signature="ReservePageTest.TC05_selectFlightByIndex()[pri:5, instance:com.blazedemo.tests.ReservePageTest@1bb5a082]" name="TC05_selectFlightByIndex" class="com.blazedemo.tests.ReservePageTest"/>
        <method signature="ReservePageTest.TC06_selectFlightByAirline()[pri:6, instance:com.blazedemo.tests.ReservePageTest@1bb5a082]" name="TC06_selectFlightByAirline" class="com.blazedemo.tests.ReservePageTest"/>
      </group> <!-- reserve -->
      <group name="smoke">
        <method signature="HomePageTest.TC01_verifyHomePageLoaded()[pri:1, instance:com.blazedemo.tests.HomePageTest@78691363]" name="TC01_verifyHomePageLoaded" class="com.blazedemo.tests.HomePageTest"/>
        <method signature="HomePageTest.TC02_verifyCitiesDropdown()[pri:2, instance:com.blazedemo.tests.HomePageTest@78691363]" name="TC02_verifyCitiesDropdown" class="com.blazedemo.tests.HomePageTest"/>
      </group> <!-- smoke -->
      <group name="homepage">
        <method signature="HomePageTest.TC01_verifyHomePageLoaded()[pri:1, instance:com.blazedemo.tests.HomePageTest@78691363]" name="TC01_verifyHomePageLoaded" class="com.blazedemo.tests.HomePageTest"/>
        <method signature="HomePageTest.TC02_verifyCitiesDropdown()[pri:2, instance:com.blazedemo.tests.HomePageTest@78691363]" name="TC02_verifyCitiesDropdown" class="com.blazedemo.tests.HomePageTest"/>
        <method signature="HomePageTest.TC03_searchFlights()[pri:3, instance:com.blazedemo.tests.HomePageTest@78691363]" name="TC03_searchFlights" class="com.blazedemo.tests.HomePageTest"/>
      </group> <!-- homepage -->
    </groups>
    <test started-at="2026-04-04T11:58:13 IST" name="BlazeDemoTC" finished-at="2026-04-04T11:58:57 IST" duration-ms="44420">
      <class name="com.blazedemo.tests.ReservePageTest">
        <test-method is-config="true" signature="setup(java.lang.reflect.Method)[pri:0, instance:com.blazedemo.tests.ReservePageTest@1bb5a082]" started-at="2026-04-04T11:58:40 IST" name="setup" finished-at="2026-04-04T11:58:42 IST" duration-ms="2305" status="PASS">
          <params>
            <param index="0">
              <value>
                <![CDATA[public void com.blazedemo.tests.ReservePageTest.TC04_selectFirstFlight()]]>
              </value>
            </param>
          </params>
          <reporter-output>
          </reporter-output>
        </test-method> <!-- setup -->
        <test-method signature="TC04_selectFirstFlight()[pri:4, instance:com.blazedemo.tests.ReservePageTest@1bb5a082]" started-at="2026-04-04T11:58:42 IST" name="TC04_selectFirstFlight" finished-at="2026-04-04T11:58:44 IST" duration-ms="1878" status="PASS">
          <reporter-output>
          </reporter-output>
        </test-method> <!-- TC04_selectFirstFlight -->
        <test-method is-config="true" signature="tearDown(org.testng.ITestResult)[pri:0, instance:com.blazedemo.tests.ReservePageTest@1bb5a082]" started-at="2026-04-04T11:58:44 IST" name="tearDown" finished-at="2026-04-04T11:58:44 IST" duration-ms="85" status="PASS">
          <params>
            <param index="0">
              <value>
                <![CDATA[[TestResult name=TC04_selectFirstFlight status=SUCCESS method=ReservePageTest.TC04_selectFirstFlight()[pri:4, instance:com.blazedemo.tests.ReservePageTest@1bb5a082] output={null}]]]>
              </value>
            </param>
          </params>
          <reporter-output>
          </reporter-output>
        </test-method> <!-- tearDown -->
        <test-method is-config="true" signature="setup(java.lang.reflect.Method)[pri:0, instance:com.blazedemo.tests.ReservePageTest@1bb5a082]" started-at="2026-04-04T11:58:44 IST" name="setup" finished-at="2026-04-04T11:58:46 IST" duration-ms="1833" status="PASS">
          <params>
            <param index="0">
              <value>
                <![CDATA[public void com.blazedemo.tests.ReservePageTest.TC05_selectFlightByIndex()]]>
              </value>
            </param>
          </params>
          <reporter-output>
          </reporter-output>
        </test-method> <!-- setup -->
        <test-method signature="TC05_selectFlightByIndex()[pri:5, instance:com.blazedemo.tests.ReservePageTest@1bb5a082]" started-at="2026-04-04T11:58:46 IST" name="TC05_selectFlightByIndex" finished-at="2026-04-04T11:58:47 IST" duration-ms="1165" status="PASS">
          <reporter-output>
          </reporter-output>
        </test-method> <!-- TC05_selectFlightByIndex -->
        <test-method is-config="true" signature="tearDown(org.testng.ITestResult)[pri:0, instance:com.blazedemo.tests.ReservePageTest@1bb5a082]" started-at="2026-04-04T11:58:47 IST" name="tearDown" finished-at="2026-04-04T11:58:47 IST" duration-ms="83" status="PASS">
          <params>
            <param index="0">
              <value>
                <![CDATA[[TestResult name=TC05_selectFlightByIndex status=SUCCESS method=ReservePageTest.TC05_selectFlightByIndex()[pri:5, instance:com.blazedemo.tests.ReservePageTest@1bb5a082] output={null}]]]>
              </value>
            </param>
          </params>
          <reporter-output>
          </reporter-output>
        </test-method> <!-- tearDown -->
        <test-method is-config="true" signature="setup(java.lang.reflect.Method)[pri:0, instance:com.blazedemo.tests.ReservePageTest@1bb5a082]" started-at="2026-04-04T11:58:47 IST" name="setup" finished-at="2026-04-04T11:58:49 IST" duration-ms="1513" status="PASS">
          <params>
            <param index="0">
              <value>
                <![CDATA[public void com.blazedemo.tests.ReservePageTest.TC06_selectFlightByAirline()]]>
              </value>
            </param>
          </params>
          <reporter-output>
          </reporter-output>
        </test-method> <!-- setup -->
        <test-method signature="TC06_selectFlightByAirline()[pri:6, instance:com.blazedemo.tests.ReservePageTest@1bb5a082]" started-at="2026-04-04T11:58:49 IST" name="TC06_selectFlightByAirline" finished-at="2026-04-04T11:58:50 IST" duration-ms="1067" status="PASS">
          <reporter-output>
          </reporter-output>
        </test-method> <!-- TC06_selectFlightByAirline -->
        <test-method is-config="true" signature="tearDown(org.testng.ITestResult)[pri:0, instance:com.blazedemo.tests.ReservePageTest@1bb5a082]" started-at="2026-04-04T11:58:50 IST" name="tearDown" finished-at="2026-04-04T11:58:50 IST" duration-ms="96" status="PASS">
          <params>
            <param index="0">
              <value>
                <![CDATA[[TestResult name=TC06_selectFlightByAirline status=SUCCESS method=ReservePageTest.TC06_selectFlightByAirline()[pri:6, instance:com.blazedemo.tests.ReservePageTest@1bb5a082] output={null}]]]>
              </value>
            </param>
          </params>
          <reporter-output>
          </reporter-output>
        </test-method> <!-- tearDown -->
      </class> <!-- com.blazedemo.tests.ReservePageTest -->
      <class name="com.blazedemo.tests.PurchasePageTest">
        <test-method is-config="true" signature="setup(java.lang.reflect.Method)[pri:0, instance:com.blazedemo.tests.PurchasePageTest@76505305]" started-at="2026-04-04T11:58:13 IST" name="setup" finished-at="2026-04-04T11:58:16 IST" duration-ms="2944" status="PASS">
          <params>
            <param index="0">
              <value>
                <![CDATA[public void com.blazedemo.tests.PurchasePageTest.TC07_fillBookingDetails(java.lang.String,java.lang.String,java.lang.String,java.lang.String,java.lang.String,java.lang.String,java.lang.String,java.lang.String,java.lang.String,java.lang.String,java.lang.String,java.lang.String) throws java.lang.InterruptedException]]>
              </value>
            </param>
          </params>
          <reporter-output>
          </reporter-output>
        </test-method> <!-- setup -->
        <test-method signature="TC07_fillBookingDetails(java.lang.String,java.lang.String,java.lang.String,java.lang.String,java.lang.String,java.lang.String,java.lang.String,java.lang.String,java.lang.String,java.lang.String,java.lang.String,java.lang.String)[pri:7, instance:com.blazedemo.tests.PurchasePageTest@76505305]" started-at="2026-04-04T11:58:16 IST" name="TC07_fillBookingDetails" data-provider="cardData" finished-at="2026-04-04T11:58:20 IST" duration-ms="3671" status="PASS">
          <params>
            <param index="0">
              <value>
                <![CDATA[Boston]]>
              </value>
            </param>
            <param index="1">
              <value>
                <![CDATA[New York]]>
              </value>
            </param>
            <param index="2">
              <value>
                <![CDATA[Sourabh]]>
              </value>
            </param>
            <param index="3">
              <value>
                <![CDATA[Andheri]]>
              </value>
            </param>
            <param index="4">
              <value>
                <![CDATA[Mumbai]]>
              </value>
            </param>
            <param index="5">
              <value>
                <![CDATA[MH]]>
              </value>
            </param>
            <param index="6">
              <value>
                <![CDATA[400001]]>
              </value>
            </param>
            <param index="7">
              <value>
                <![CDATA[Visa]]>
              </value>
            </param>
            <param index="8">
              <value>
                <![CDATA[444544544454]]>
              </value>
            </param>
            <param index="9">
              <value>
                <![CDATA[12.0]]>
              </value>
            </param>
            <param index="10">
              <value>
                <![CDATA[2026.0]]>
              </value>
            </param>
            <param index="11">
              <value>
                <![CDATA[Sourabh Patil]]>
              </value>
            </param>
          </params>
          <reporter-output>
          </reporter-output>
        </test-method> <!-- TC07_fillBookingDetails -->
        <test-method is-config="true" signature="tearDown(org.testng.ITestResult)[pri:0, instance:com.blazedemo.tests.PurchasePageTest@76505305]" started-at="2026-04-04T11:58:20 IST" name="tearDown" finished-at="2026-04-04T11:58:20 IST" duration-ms="122" status="PASS">
          <params>
            <param index="0">
              <value>
                <![CDATA[[TestResult name=TC07_fillBookingDetails status=SUCCESS method=PurchasePageTest.TC07_fillBookingDetails(java.lang.String,java.lang.String,java.lang.String,java.lang.String,java.lang.String,java.lang.String,java.lang.String,java.lang.String,java.lang.String,java.lang.String,java.lang.String,java.lang.String)[pri:7, instance:com.blazedemo.tests.PurchasePageTest@76505305] output={null}]]]>
              </value>
            </param>
          </params>
          <reporter-output>
          </reporter-output>
        </test-method> <!-- tearDown -->
        <test-method is-config="true" signature="setup(java.lang.reflect.Method)[pri:0, instance:com.blazedemo.tests.PurchasePageTest@76505305]" started-at="2026-04-04T11:58:20 IST" name="setup" finished-at="2026-04-04T11:58:22 IST" duration-ms="1775" status="PASS">
          <params>
            <param index="0">
              <value>
                <![CDATA[public void com.blazedemo.tests.PurchasePageTest.TC07_fillBookingDetails(java.lang.String,java.lang.String,java.lang.String,java.lang.String,java.lang.String,java.lang.String,java.lang.String,java.lang.String,java.lang.String,java.lang.String,java.lang.String,java.lang.String) throws java.lang.InterruptedException]]>
              </value>
            </param>
          </params>
          <reporter-output>
          </reporter-output>
        </test-method> <!-- setup -->
        <test-method signature="TC07_fillBookingDetails(java.lang.String,java.lang.String,java.lang.String,java.lang.String,java.lang.String,java.lang.String,java.lang.String,java.lang.String,java.lang.String,java.lang.String,java.lang.String,java.lang.String)[pri:7, instance:com.blazedemo.tests.PurchasePageTest@76505305]" started-at="2026-04-04T11:58:22 IST" name="TC07_fillBookingDetails" data-provider="cardData" finished-at="2026-04-04T11:58:28 IST" duration-ms="5916" status="PASS">
          <params>
            <param index="0">
              <value>
                <![CDATA[Philadelphia]]>
              </value>
            </param>
            <param index="1">
              <value>
                <![CDATA[London]]>
              </value>
            </param>
            <param index="2">
              <value>
                <![CDATA[Akshay]]>
              </value>
            </param>
            <param index="3">
              <value>
                <![CDATA[Pune Camp]]>
              </value>
            </param>
            <param index="4">
              <value>
                <![CDATA[Pune]]>
              </value>
            </param>
            <param index="5">
              <value>
                <![CDATA[MH]]>
              </value>
            </param>
            <param index="6">
              <value>
                <![CDATA[411001]]>
              </value>
            </param>
            <param index="7">
              <value>
                <![CDATA[American Express]]>
              </value>
            </param>
            <param index="8">
              <value>
                <![CDATA[8989885]]>
              </value>
            </param>
            <param index="9">
              <value>
                <![CDATA[11.0]]>
              </value>
            </param>
            <param index="10">
              <value>
                <![CDATA[2025.0]]>
              </value>
            </param>
            <param index="11">
              <value>
                <![CDATA[Akshay Sagavkar]]>
              </value>
            </param>
          </params>
          <reporter-output>
          </reporter-output>
        </test-method> <!-- TC07_fillBookingDetails -->
        <test-method is-config="true" signature="tearDown(org.testng.ITestResult)[pri:0, instance:com.blazedemo.tests.PurchasePageTest@76505305]" started-at="2026-04-04T11:58:28 IST" name="tearDown" finished-at="2026-04-04T11:58:28 IST" duration-ms="109" status="PASS">
          <params>
            <param index="0">
              <value>
                <![CDATA[[TestResult name=TC07_fillBookingDetails status=SUCCESS method=PurchasePageTest.TC07_fillBookingDetails(java.lang.String,java.lang.String,java.lang.String,java.lang.String,java.lang.String,java.lang.String,java.lang.String,java.lang.String,java.lang.String,java.lang.String,java.lang.String,java.lang.String)[pri:7, instance:com.blazedemo.tests.PurchasePageTest@76505305] output={null}]]]>
              </value>
            </param>
          </params>
          <reporter-output>
          </reporter-output>
        </test-method> <!-- tearDown -->
        <test-method is-config="true" signature="setup(java.lang.reflect.Method)[pri:0, instance:com.blazedemo.tests.PurchasePageTest@76505305]" started-at="2026-04-04T11:58:28 IST" name="setup" finished-at="2026-04-04T11:58:30 IST" duration-ms="2158" status="PASS">
          <params>
            <param index="0">
              <value>
                <![CDATA[public void com.blazedemo.tests.PurchasePageTest.TC07_fillBookingDetails(java.lang.String,java.lang.String,java.lang.String,java.lang.String,java.lang.String,java.lang.String,java.lang.String,java.lang.String,java.lang.String,java.lang.String,java.lang.String,java.lang.String) throws java.lang.InterruptedException]]>
              </value>
            </param>
          </params>
          <reporter-output>
          </reporter-output>
        </test-method> <!-- setup -->
        <test-method signature="TC07_fillBookingDetails(java.lang.String,java.lang.String,java.lang.String,java.lang.String,java.lang.String,java.lang.String,java.lang.String,java.lang.String,java.lang.String,java.lang.String,java.lang.String,java.lang.String)[pri:7, instance:com.blazedemo.tests.PurchasePageTest@76505305]" started-at="2026-04-04T11:58:30 IST" name="TC07_fillBookingDetails" data-provider="cardData" finished-at="2026-04-04T11:58:34 IST" duration-ms="4016" status="PASS">
          <params>
            <param index="0">
              <value>
                <![CDATA[Paris]]>
              </value>
            </param>
            <param index="1">
              <value>
                <![CDATA[Rome]]>
              </value>
            </param>
            <param index="2">
              <value>
                <![CDATA[Amol ]]>
              </value>
            </param>
            <param index="3">
              <value>
                <![CDATA[Nashik Road]]>
              </value>
            </param>
            <param index="4">
              <value>
                <![CDATA[Nashik]]>
              </value>
            </param>
            <param index="5">
              <value>
                <![CDATA[MH]]>
              </value>
            </param>
            <param index="6">
              <value>
                <![CDATA[422001]]>
              </value>
            </param>
            <param index="7">
              <value>
                <![CDATA[Visa]]>
              </value>
            </param>
            <param index="8">
              <value>
                <![CDATA[252181851]]>
              </value>
            </param>
            <param index="9">
              <value>
                <![CDATA[10.0]]>
              </value>
            </param>
            <param index="10">
              <value>
                <![CDATA[2027.0]]>
              </value>
            </param>
            <param index="11">
              <value>
                <![CDATA[Amol Katkar]]>
              </value>
            </param>
          </params>
          <reporter-output>
          </reporter-output>
        </test-method> <!-- TC07_fillBookingDetails -->
        <test-method is-config="true" signature="tearDown(org.testng.ITestResult)[pri:0, instance:com.blazedemo.tests.PurchasePageTest@76505305]" started-at="2026-04-04T11:58:34 IST" name="tearDown" finished-at="2026-04-04T11:58:34 IST" duration-ms="106" status="PASS">
          <params>
            <param index="0">
              <value>
                <![CDATA[[TestResult name=TC07_fillBookingDetails status=SUCCESS method=PurchasePageTest.TC07_fillBookingDetails(java.lang.String,java.lang.String,java.lang.String,java.lang.String,java.lang.String,java.lang.String,java.lang.String,java.lang.String,java.lang.String,java.lang.String,java.lang.String,java.lang.String)[pri:7, instance:com.blazedemo.tests.PurchasePageTest@76505305] output={null}]]]>
              </value>
            </param>
          </params>
          <reporter-output>
          </reporter-output>
        </test-method> <!-- tearDown -->
        <test-method is-config="true" signature="setup(java.lang.reflect.Method)[pri:0, instance:com.blazedemo.tests.PurchasePageTest@76505305]" started-at="2026-04-04T11:58:34 IST" name="setup" finished-at="2026-04-04T11:58:36 IST" duration-ms="1950" status="PASS">
          <params>
            <param index="0">
              <value>
                <![CDATA[public void com.blazedemo.tests.PurchasePageTest.TC07_fillBookingDetails(java.lang.String,java.lang.String,java.lang.String,java.lang.String,java.lang.String,java.lang.String,java.lang.String,java.lang.String,java.lang.String,java.lang.String,java.lang.String,java.lang.String) throws java.lang.InterruptedException]]>
              </value>
            </param>
          </params>
          <reporter-output>
          </reporter-output>
        </test-method> <!-- setup -->
        <test-method signature="TC07_fillBookingDetails(java.lang.String,java.lang.String,java.lang.String,java.lang.String,java.lang.String,java.lang.String,java.lang.String,java.lang.String,java.lang.String,java.lang.String,java.lang.String,java.lang.String)[pri:7, instance:com.blazedemo.tests.PurchasePageTest@76505305]" started-at="2026-04-04T11:58:36 IST" name="TC07_fillBookingDetails" data-provider="cardData" finished-at="2026-04-04T11:58:40 IST" duration-ms="3991" status="PASS">
          <params>
            <param index="0">
              <value>
                <![CDATA[Boston]]>
              </value>
            </param>
            <param index="1">
              <value>
                <![CDATA[Berlin]]>
              </value>
            </param>
            <param index="2">
              <value>
                <![CDATA[Saba ]]>
              </value>
            </param>
            <param index="3">
              <value>
                <![CDATA[Dadar]]>
              </value>
            </param>
            <param index="4">
              <value>
                <![CDATA[Mumbai]]>
              </value>
            </param>
            <param index="5">
              <value>
                <![CDATA[MH]]>
              </value>
            </param>
            <param index="6">
              <value>
                <![CDATA[400014]]>
              </value>
            </param>
            <param index="7">
              <value>
                <![CDATA[Diner's Club]]>
              </value>
            </param>
            <param index="8">
              <value>
                <![CDATA[515616161]]>
              </value>
            </param>
            <param index="9">
              <value>
                <![CDATA[9.0]]>
              </value>
            </param>
            <param index="10">
              <value>
                <![CDATA[2026.0]]>
              </value>
            </param>
            <param index="11">
              <value>
                <![CDATA[Saba Shaikh]]>
              </value>
            </param>
          </params>
          <reporter-output>
          </reporter-output>
        </test-method> <!-- TC07_fillBookingDetails -->
        <test-method is-config="true" signature="tearDown(org.testng.ITestResult)[pri:0, instance:com.blazedemo.tests.PurchasePageTest@76505305]" started-at="2026-04-04T11:58:40 IST" name="tearDown" finished-at="2026-04-04T11:58:40 IST" duration-ms="94" status="PASS">
          <params>
            <param index="0">
              <value>
                <![CDATA[[TestResult name=TC07_fillBookingDetails status=SUCCESS method=PurchasePageTest.TC07_fillBookingDetails(java.lang.String,java.lang.String,java.lang.String,java.lang.String,java.lang.String,java.lang.String,java.lang.String,java.lang.String,java.lang.String,java.lang.String,java.lang.String,java.lang.String)[pri:7, instance:com.blazedemo.tests.PurchasePageTest@76505305] output={null}]]]>
              </value>
            </param>
          </params>
          <reporter-output>
          </reporter-output>
        </test-method> <!-- tearDown -->
        <test-method is-config="true" signature="flushReport()[pri:0, instance:com.blazedemo.tests.PurchasePageTest@76505305]" started-at="2026-04-04T11:58:57 IST" name="flushReport" finished-at="2026-04-04T11:58:57 IST" duration-ms="150" status="PASS">
          <reporter-output>
          </reporter-output>
        </test-method> <!-- flushReport -->
      </class> <!-- com.blazedemo.tests.PurchasePageTest -->
      <class name="com.blazedemo.tests.HomePageTest">
        <test-method is-config="true" signature="setup(java.lang.reflect.Method)[pri:0, instance:com.blazedemo.tests.HomePageTest@78691363]" started-at="2026-04-04T11:58:50 IST" name="setup" finished-at="2026-04-04T11:58:52 IST" duration-ms="1866" status="PASS">
          <params>
            <param index="0">
              <value>
                <![CDATA[public void com.blazedemo.tests.HomePageTest.TC01_verifyHomePageLoaded()]]>
              </value>
            </param>
          </params>
          <reporter-output>
          </reporter-output>
        </test-method> <!-- setup -->
        <test-method signature="TC01_verifyHomePageLoaded()[pri:1, instance:com.blazedemo.tests.HomePageTest@78691363]" started-at="2026-04-04T11:58:52 IST" name="TC01_verifyHomePageLoaded" finished-at="2026-04-04T11:58:52 IST" duration-ms="26" status="PASS">
          <reporter-output>
          </reporter-output>
        </test-method> <!-- TC01_verifyHomePageLoaded -->
        <test-method is-config="true" signature="tearDown(org.testng.ITestResult)[pri:0, instance:com.blazedemo.tests.HomePageTest@78691363]" started-at="2026-04-04T11:58:52 IST" name="tearDown" finished-at="2026-04-04T11:58:52 IST" duration-ms="76" status="PASS">
          <params>
            <param index="0">
              <value>
                <![CDATA[[TestResult name=TC01_verifyHomePageLoaded status=SUCCESS method=HomePageTest.TC01_verifyHomePageLoaded()[pri:1, instance:com.blazedemo.tests.HomePageTest@78691363] output={null}]]]>
              </value>
            </param>
          </params>
          <reporter-output>
          </reporter-output>
        </test-method> <!-- tearDown -->
        <test-method is-config="true" signature="setup(java.lang.reflect.Method)[pri:0, instance:com.blazedemo.tests.HomePageTest@78691363]" started-at="2026-04-04T11:58:52 IST" name="setup" finished-at="2026-04-04T11:58:54 IST" duration-ms="2064" status="PASS">
          <params>
            <param index="0">
              <value>
                <![CDATA[public void com.blazedemo.tests.HomePageTest.TC02_verifyCitiesDropdown()]]>
              </value>
            </param>
          </params>
          <reporter-output>
          </reporter-output>
        </test-method> <!-- setup -->
        <test-method signature="TC02_verifyCitiesDropdown()[pri:2, instance:com.blazedemo.tests.HomePageTest@78691363]" started-at="2026-04-04T11:58:54 IST" name="TC02_verifyCitiesDropdown" finished-at="2026-04-04T11:58:54 IST" duration-ms="77" status="PASS">
          <reporter-output>
          </reporter-output>
        </test-method> <!-- TC02_verifyCitiesDropdown -->
        <test-method is-config="true" signature="tearDown(org.testng.ITestResult)[pri:0, instance:com.blazedemo.tests.HomePageTest@78691363]" started-at="2026-04-04T11:58:54 IST" name="tearDown" finished-at="2026-04-04T11:58:54 IST" duration-ms="79" status="PASS">
          <params>
            <param index="0">
              <value>
                <![CDATA[[TestResult name=TC02_verifyCitiesDropdown status=SUCCESS method=HomePageTest.TC02_verifyCitiesDropdown()[pri:2, instance:com.blazedemo.tests.HomePageTest@78691363] output={null}]]]>
              </value>
            </param>
          </params>
          <reporter-output>
          </reporter-output>
        </test-method> <!-- tearDown -->
        <test-method is-config="true" signature="setup(java.lang.reflect.Method)[pri:0, instance:com.blazedemo.tests.HomePageTest@78691363]" started-at="2026-04-04T11:58:54 IST" name="setup" finished-at="2026-04-04T11:58:56 IST" duration-ms="1589" status="PASS">
          <params>
            <param index="0">
              <value>
                <![CDATA[public void com.blazedemo.tests.HomePageTest.TC03_searchFlights()]]>
              </value>
            </param>
          </params>
          <reporter-output>
          </reporter-output>
        </test-method> <!-- setup -->
        <test-method signature="TC03_searchFlights()[pri:3, instance:com.blazedemo.tests.HomePageTest@78691363]" started-at="2026-04-04T11:58:56 IST" name="TC03_searchFlights" finished-at="2026-04-04T11:58:57 IST" duration-ms="862" status="PASS">
          <reporter-output>
          </reporter-output>
        </test-method> <!-- TC03_searchFlights -->
        <test-method is-config="true" signature="tearDown(org.testng.ITestResult)[pri:0, instance:com.blazedemo.tests.HomePageTest@78691363]" started-at="2026-04-04T11:58:57 IST" name="tearDown" finished-at="2026-04-04T11:58:57 IST" duration-ms="110" status="PASS">
          <params>
            <param index="0">
              <value>
                <![CDATA[[TestResult name=TC03_searchFlights status=SUCCESS method=HomePageTest.TC03_searchFlights()[pri:3, instance:com.blazedemo.tests.HomePageTest@78691363] output={null}]]]>
              </value>
            </param>
          </params>
          <reporter-output>
          </reporter-output>
        </test-method> <!-- tearDown -->
      </class> <!-- com.blazedemo.tests.HomePageTest -->
    </test> <!-- BlazeDemoTC -->
  </suite> <!-- Suite -->
</testng-results>
