<?xml version="1.0" encoding="UTF-8"?>
<!-- Generated by org.testng.reporters.JUnitReportReporter -->
<testsuite hostname="Sourabh" failures="0" tests="3" name="com.CRM.Tests.HomePageTC" time="0.685" errors="0" timestamp="2026-03-29T20:13:53 IST" skipped="0">
  <testcase classname="com.CRM.Tests.HomePageTC" name="verifyUrl" time="0.010"/>
  <system-out/>
  <testcase classname="com.CRM.Tests.HomePageTC" name="verifyTitle" time="0.004"/>
  <system-out/>
  <testcase classname="com.CRM.Tests.HomePageTC" name="validateSIgnInLink" time="0.671"/>
  <system-out/>
</testsuite> <!-- com.CRM.Tests.HomePageTC -->
