<?xml version="1.0" encoding="UTF-8"?>
<testng-results ignored="0" total="1" passed="1" failed="0" skipped="0">
  <reporter-output>
  </reporter-output>
  <suite started-at="2026-04-07T06:15:03 IST" name="Default suite" finished-at="2026-04-07T06:15:12 IST" duration-ms="9060">
    <groups>
    </groups>
    <test started-at="2026-04-07T06:15:03 IST" name="Default test" finished-at="2026-04-07T06:15:12 IST" duration-ms="9060">
      <class name="com.Mobile.tests.DragDropTest">
        <test-method is-config="true" signature="setup()[pri:0, instance:com.Mobile.tests.DragDropTest@fa4c865]" started-at="2026-04-07T06:15:03 IST" name="setup" finished-at="2026-04-07T06:15:06 IST" duration-ms="2705" status="PASS">
          <reporter-output>
          </reporter-output>
        </test-method> <!-- setup -->
        <test-method signature="TC03_dragandDropTest()[pri:0, instance:com.Mobile.tests.DragDropTest@fa4c865]" started-at="2026-04-07T06:15:06 IST" name="TC03_dragandDropTest" finished-at="2026-04-07T06:15:12 IST" duration-ms="6327" status="PASS">
          <reporter-output>
          </reporter-output>
        </test-method> <!-- TC03_dragandDropTest -->
      </class> <!-- com.Mobile.tests.DragDropTest -->
    </test> <!-- Default test -->
  </suite> <!-- Default suite -->
</testng-results>
