<?xml version="1.0" encoding="UTF-8"?>
<!-- Generated by org.testng.reporters.JUnitReportReporter -->
<testsuite hostname="Sourabh" failures="0" tests="3" name="com.Mobile.tests.LaunchApplication" time="38.086" errors="0" timestamp="2026-04-06T22:30:55 IST" skipped="0">
  <testcase classname="com.Mobile.tests.LaunchApplication" name="checkApplicationState" time="10.136"/>
  <testcase classname="com.Mobile.tests.LaunchApplication" name="sendAppToBackgroundAndCheckState" time="17.719"/>
  <testcase classname="com.Mobile.tests.LaunchApplication" name="uninstallApp" time="10.231"/>
</testsuite> <!-- com.Mobile.tests.LaunchApplication -->
